running egg_info
creating ../../build/ur5_pick_place/ur5_pick_place.egg-info
writing ../../build/ur5_pick_place/ur5_pick_place.egg-info/PKG-INFO
writing dependency_links to ../../build/ur5_pick_place/ur5_pick_place.egg-info/dependency_links.txt
writing entry points to ../../build/ur5_pick_place/ur5_pick_place.egg-info/entry_points.txt
writing requirements to ../../build/ur5_pick_place/ur5_pick_place.egg-info/requires.txt
writing top-level names to ../../build/ur5_pick_place/ur5_pick_place.egg-info/top_level.txt
writing manifest file '../../build/ur5_pick_place/ur5_pick_place.egg-info/SOURCES.txt'
reading manifest file '../../build/ur5_pick_place/ur5_pick_place.egg-info/SOURCES.txt'
writing manifest file '../../build/ur5_pick_place/ur5_pick_place.egg-info/SOURCES.txt'
running build
running build_py
creating /ros2_ws/src/UR5_Jazzy_Moveit2_Pick_Place/build/ur5_pick_place/build
creating /ros2_ws/src/UR5_Jazzy_Moveit2_Pick_Place/build/ur5_pick_place/build/lib
creating /ros2_ws/src/UR5_Jazzy_Moveit2_Pick_Place/build/ur5_pick_place/build/lib/ur5_pick_place
copying ur5_pick_place/__init__.py -> /ros2_ws/src/UR5_Jazzy_Moveit2_Pick_Place/build/ur5_pick_place/build/lib/ur5_pick_place
copying ur5_pick_place/validators.py -> /ros2_ws/src/UR5_Jazzy_Moveit2_Pick_Place/build/ur5_pick_place/build/lib/ur5_pick_place
copying ur5_pick_place/pick_place_node.py -> /ros2_ws/src/UR5_Jazzy_Moveit2_Pick_Place/build/ur5_pick_place/build/lib/ur5_pick_place
copying ur5_pick_place/base_pick_place.py -> /ros2_ws/src/UR5_Jazzy_Moveit2_Pick_Place/build/ur5_pick_place/build/lib/ur5_pick_place
copying ur5_pick_place/config_loader.py -> /ros2_ws/src/UR5_Jazzy_Moveit2_Pick_Place/build/ur5_pick_place/build/lib/ur5_pick_place
copying ur5_pick_place/fake_object_pose.py -> /ros2_ws/src/UR5_Jazzy_Moveit2_Pick_Place/build/ur5_pick_place/build/lib/ur5_pick_place
copying ur5_pick_place/pose_sender.py -> /ros2_ws/src/UR5_Jazzy_Moveit2_Pick_Place/build/ur5_pick_place/build/lib/ur5_pick_place
copying ur5_pick_place/joint_state_publisher.py -> /ros2_ws/src/UR5_Jazzy_Moveit2_Pick_Place/build/ur5_pick_place/build/lib/ur5_pick_place
copying ur5_pick_place/add_object.py -> /ros2_ws/src/UR5_Jazzy_Moveit2_Pick_Place/build/ur5_pick_place/build/lib/ur5_pick_place
copying ur5_pick_place/gripper_controller.py -> /ros2_ws/src/UR5_Jazzy_Moveit2_Pick_Place/build/ur5_pick_place/build/lib/ur5_pick_place
copying ur5_pick_place/pose_sender_v2.py -> /ros2_ws/src/UR5_Jazzy_Moveit2_Pick_Place/build/ur5_pick_place/build/lib/ur5_pick_place
copying ur5_pick_place/pick_place_node_v2.py -> /ros2_ws/src/UR5_Jazzy_Moveit2_Pick_Place/build/ur5_pick_place/build/lib/ur5_pick_place
running install
running install_lib
creating /ros2_ws/src/UR5_Jazzy_Moveit2_Pick_Place/install/ur5_pick_place/lib/python3.10/site-packages/ur5_pick_place
copying /ros2_ws/src/UR5_Jazzy_Moveit2_Pick_Place/build/ur5_pick_place/build/lib/ur5_pick_place/__init__.py -> /ros2_ws/src/UR5_Jazzy_Moveit2_Pick_Place/install/ur5_pick_place/lib/python3.10/site-packages/ur5_pick_place
copying /ros2_ws/src/UR5_Jazzy_Moveit2_Pick_Place/build/ur5_pick_place/build/lib/ur5_pick_place/validators.py -> /ros2_ws/src/UR5_Jazzy_Moveit2_Pick_Place/install/ur5_pick_place/lib/python3.10/site-packages/ur5_pick_place
copying /ros2_ws/src/UR5_Jazzy_Moveit2_Pick_Place/build/ur5_pick_place/build/lib/ur5_pick_place/pick_place_node.py -> /ros2_ws/src/UR5_Jazzy_Moveit2_Pick_Place/install/ur5_pick_place/lib/python3.10/site-packages/ur5_pick_place
copying /ros2_ws/src/UR5_Jazzy_Moveit2_Pick_Place/build/ur5_pick_place/build/lib/ur5_pick_place/base_pick_place.py -> /ros2_ws/src/UR5_Jazzy_Moveit2_Pick_Place/install/ur5_pick_place/lib/python3.10/site-packages/ur5_pick_place
copying /ros2_ws/src/UR5_Jazzy_Moveit2_Pick_Place/build/ur5_pick_place/build/lib/ur5_pick_place/config_loader.py -> /ros2_ws/src/UR5_Jazzy_Moveit2_Pick_Place/install/ur5_pick_place/lib/python3.10/site-packages/ur5_pick_place
copying /ros2_ws/src/UR5_Jazzy_Moveit2_Pick_Place/build/ur5_pick_place/build/lib/ur5_pick_place/fake_object_pose.py -> /ros2_ws/src/UR5_Jazzy_Moveit2_Pick_Place/install/ur5_pick_place/lib/python3.10/site-packages/ur5_pick_place
copying /ros2_ws/src/UR5_Jazzy_Moveit2_Pick_Place/build/ur5_pick_place/build/lib/ur5_pick_place/pose_sender.py -> /ros2_ws/src/UR5_Jazzy_Moveit2_Pick_Place/install/ur5_pick_place/lib/python3.10/site-packages/ur5_pick_place
copying /ros2_ws/src/UR5_Jazzy_Moveit2_Pick_Place/build/ur5_pick_place/build/lib/ur5_pick_place/joint_state_publisher.py -> /ros2_ws/src/UR5_Jazzy_Moveit2_Pick_Place/install/ur5_pick_place/lib/python3.10/site-packages/ur5_pick_place
copying /ros2_ws/src/UR5_Jazzy_Moveit2_Pick_Place/build/ur5_pick_place/build/lib/ur5_pick_place/add_object.py -> /ros2_ws/src/UR5_Jazzy_Moveit2_Pick_Place/install/ur5_pick_place/lib/python3.10/site-packages/ur5_pick_place
copying /ros2_ws/src/UR5_Jazzy_Moveit2_Pick_Place/build/ur5_pick_place/build/lib/ur5_pick_place/gripper_controller.py -> /ros2_ws/src/UR5_Jazzy_Moveit2_Pick_Place/install/ur5_pick_place/lib/python3.10/site-packages/ur5_pick_place
copying /ros2_ws/src/UR5_Jazzy_Moveit2_Pick_Place/build/ur5_pick_place/build/lib/ur5_pick_place/pose_sender_v2.py -> /ros2_ws/src/UR5_Jazzy_Moveit2_Pick_Place/install/ur5_pick_place/lib/python3.10/site-packages/ur5_pick_place
copying /ros2_ws/src/UR5_Jazzy_Moveit2_Pick_Place/build/ur5_pick_place/build/lib/ur5_pick_place/pick_place_node_v2.py -> /ros2_ws/src/UR5_Jazzy_Moveit2_Pick_Place/install/ur5_pick_place/lib/python3.10/site-packages/ur5_pick_place
byte-compiling /ros2_ws/src/UR5_Jazzy_Moveit2_Pick_Place/install/ur5_pick_place/lib/python3.10/site-packages/ur5_pick_place/__init__.py to __init__.cpython-310.pyc
byte-compiling /ros2_ws/src/UR5_Jazzy_Moveit2_Pick_Place/install/ur5_pick_place/lib/python3.10/site-packages/ur5_pick_place/validators.py to validators.cpython-310.pyc
byte-compiling /ros2_ws/src/UR5_Jazzy_Moveit2_Pick_Place/install/ur5_pick_place/lib/python3.10/site-packages/ur5_pick_place/pick_place_node.py to pick_place_node.cpython-310.pyc
byte-compiling /ros2_ws/src/UR5_Jazzy_Moveit2_Pick_Place/install/ur5_pick_place/lib/python3.10/site-packages/ur5_pick_place/base_pick_place.py to base_pick_place.cpython-310.pyc
byte-compiling /ros2_ws/src/UR5_Jazzy_Moveit2_Pick_Place/install/ur5_pick_place/lib/python3.10/site-packages/ur5_pick_place/config_loader.py to config_loader.cpython-310.pyc
byte-compiling /ros2_ws/src/UR5_Jazzy_Moveit2_Pick_Place/install/ur5_pick_place/lib/python3.10/site-packages/ur5_pick_place/fake_object_pose.py to fake_object_pose.cpython-310.pyc
byte-compiling /ros2_ws/src/UR5_Jazzy_Moveit2_Pick_Place/install/ur5_pick_place/lib/python3.10/site-packages/ur5_pick_place/pose_sender.py to pose_sender.cpython-310.pyc
byte-compiling /ros2_ws/src/UR5_Jazzy_Moveit2_Pick_Place/install/ur5_pick_place/lib/python3.10/site-packages/ur5_pick_place/joint_state_publisher.py to joint_state_publisher.cpython-310.pyc
byte-compiling /ros2_ws/src/UR5_Jazzy_Moveit2_Pick_Place/install/ur5_pick_place/lib/python3.10/site-packages/ur5_pick_place/add_object.py to add_object.cpython-310.pyc
byte-compiling /ros2_ws/src/UR5_Jazzy_Moveit2_Pick_Place/install/ur5_pick_place/lib/python3.10/site-packages/ur5_pick_place/gripper_controller.py to gripper_controller.cpython-310.pyc
byte-compiling /ros2_ws/src/UR5_Jazzy_Moveit2_Pick_Place/install/ur5_pick_place/lib/python3.10/site-packages/ur5_pick_place/pose_sender_v2.py to pose_sender_v2.cpython-310.pyc
byte-compiling /ros2_ws/src/UR5_Jazzy_Moveit2_Pick_Place/install/ur5_pick_place/lib/python3.10/site-packages/ur5_pick_place/pick_place_node_v2.py to pick_place_node_v2.cpython-310.pyc
running install_data
creating /ros2_ws/src/UR5_Jazzy_Moveit2_Pick_Place/install/ur5_pick_place/share/ament_index
creating /ros2_ws/src/UR5_Jazzy_Moveit2_Pick_Place/install/ur5_pick_place/share/ament_index/resource_index
creating /ros2_ws/src/UR5_Jazzy_Moveit2_Pick_Place/install/ur5_pick_place/share/ament_index/resource_index/packages
copying resource/ur5_pick_place -> /ros2_ws/src/UR5_Jazzy_Moveit2_Pick_Place/install/ur5_pick_place/share/ament_index/resource_index/packages
copying package.xml -> /ros2_ws/src/UR5_Jazzy_Moveit2_Pick_Place/install/ur5_pick_place/share/ur5_pick_place
creating /ros2_ws/src/UR5_Jazzy_Moveit2_Pick_Place/install/ur5_pick_place/share/ur5_pick_place/config
copying config/ur5_pick_place_config.yaml -> /ros2_ws/src/UR5_Jazzy_Moveit2_Pick_Place/install/ur5_pick_place/share/ur5_pick_place/config
running install_egg_info
Copying ../../build/ur5_pick_place/ur5_pick_place.egg-info to /ros2_ws/src/UR5_Jazzy_Moveit2_Pick_Place/install/ur5_pick_place/lib/python3.10/site-packages/ur5_pick_place-2.0.0-py3.10.egg-info
running install_scripts
Installing add_object_legacy script to /ros2_ws/src/UR5_Jazzy_Moveit2_Pick_Place/install/ur5_pick_place/lib/ur5_pick_place
Installing fake_object_pose_legacy script to /ros2_ws/src/UR5_Jazzy_Moveit2_Pick_Place/install/ur5_pick_place/lib/ur5_pick_place
Installing joint_state_pub_legacy script to /ros2_ws/src/UR5_Jazzy_Moveit2_Pick_Place/install/ur5_pick_place/lib/ur5_pick_place
Installing pick_place_node script to /ros2_ws/src/UR5_Jazzy_Moveit2_Pick_Place/install/ur5_pick_place/lib/ur5_pick_place
Installing pick_place_node_legacy script to /ros2_ws/src/UR5_Jazzy_Moveit2_Pick_Place/install/ur5_pick_place/lib/ur5_pick_place
Installing pose_sender script to /ros2_ws/src/UR5_Jazzy_Moveit2_Pick_Place/install/ur5_pick_place/lib/ur5_pick_place
Installing pose_sender_legacy script to /ros2_ws/src/UR5_Jazzy_Moveit2_Pick_Place/install/ur5_pick_place/lib/ur5_pick_place
writing list of installed files to '/ros2_ws/src/UR5_Jazzy_Moveit2_Pick_Place/build/ur5_pick_place/install.log'
