[2.261s] Invoking command in '/home/beingar/ros2_jazzy_ws/build/ur5_pick_place': DEBUGINFOD_URLS=https://debuginfod.ubuntu.com PYTHONPATH=/home/beingar/ros2_jazzy_ws/build/ur5_pick_place/prefix_override:/usr/lib/python3/dist-packages/colcon_core/task/python/colcon_distutils_commands:/home/beingar/ros2_jazzy_ws/install/ur5_pick_place/lib/python3.12/site-packages:${PYTHONPATH} /usr/bin/python3 -W ignore:setup.py install is deprecated -W ignore:easy_install command is deprecated setup.py develop --editable --build-directory /home/beingar/ros2_jazzy_ws/build/ur5_pick_place/build --no-deps symlink_data
[3.151s] running develop
[3.765s] running egg_info
[3.765s] creating ur5_pick_place.egg-info
[3.827s] writing ur5_pick_place.egg-info/PKG-INFO
[3.828s] writing dependency_links to ur5_pick_place.egg-info/dependency_links.txt
[3.828s] writing entry points to ur5_pick_place.egg-info/entry_points.txt
[3.828s] writing requirements to ur5_pick_place.egg-info/requires.txt
[3.829s] writing top-level names to ur5_pick_place.egg-info/top_level.txt
[3.829s] writing manifest file 'ur5_pick_place.egg-info/SOURCES.txt'
[3.958s] reading manifest file 'ur5_pick_place.egg-info/SOURCES.txt'
[3.959s] writing manifest file 'ur5_pick_place.egg-info/SOURCES.txt'
[4.026s] running build_ext
[4.026s] Creating /home/beingar/ros2_jazzy_ws/install/ur5_pick_place/lib/python3.12/site-packages/ur5-pick-place.egg-link (link to .)
[4.027s] Installing add_object script to /home/beingar/ros2_jazzy_ws/install/ur5_pick_place/lib/ur5_pick_place
[4.027s] Installing fake_object_pose script to /home/beingar/ros2_jazzy_ws/install/ur5_pick_place/lib/ur5_pick_place
[4.027s] Installing pose_sender script to /home/beingar/ros2_jazzy_ws/install/ur5_pick_place/lib/ur5_pick_place
[4.028s] 
[4.028s] Installed /home/beingar/ros2_jazzy_ws/build/ur5_pick_place
[4.028s] running symlink_data
[4.028s] creating /home/beingar/ros2_jazzy_ws/install/ur5_pick_place/share/ament_index
[4.029s] creating /home/beingar/ros2_jazzy_ws/install/ur5_pick_place/share/ament_index/resource_index
[4.029s] creating /home/beingar/ros2_jazzy_ws/install/ur5_pick_place/share/ament_index/resource_index/packages
[4.029s] symbolically linking /home/beingar/ros2_jazzy_ws/build/ur5_pick_place/resource/ur5_pick_place -> /home/beingar/ros2_jazzy_ws/install/ur5_pick_place/share/ament_index/resource_index/packages
[4.029s] symbolically linking /home/beingar/ros2_jazzy_ws/build/ur5_pick_place/package.xml -> /home/beingar/ros2_jazzy_ws/install/ur5_pick_place/share/ur5_pick_place
[4.103s] Invoked command in '/home/beingar/ros2_jazzy_ws/build/ur5_pick_place' returned '0': DEBUGINFOD_URLS=https://debuginfod.ubuntu.com PYTHONPATH=/home/beingar/ros2_jazzy_ws/build/ur5_pick_place/prefix_override:/usr/lib/python3/dist-packages/colcon_core/task/python/colcon_distutils_commands:/home/beingar/ros2_jazzy_ws/install/ur5_pick_place/lib/python3.12/site-packages:${PYTHONPATH} /usr/bin/python3 -W ignore:setup.py install is deprecated -W ignore:easy_install command is deprecated setup.py develop --editable --build-directory /home/beingar/ros2_jazzy_ws/build/ur5_pick_place/build --no-deps symlink_data
