[0.748s] DEBUG:colcon:Command line arguments: ['/usr/bin/colcon', 'build', '--packages-select', 'ur5_pick_place']
[0.748s] DEBUG:colcon:Parsed command line arguments: Namespace(log_base=None, log_level=None, verb_name='build', build_base='build', install_base='install', merge_install=False, symlink_install=False, test_result_base=None, continue_on_error=False, executor='parallel', parallel_workers=4, event_handlers=None, ignore_user_meta=False, metas=['./colcon.meta'], base_paths=['.'], packages_ignore=None, packages_ignore_regex=None, paths=None, packages_up_to=None, packages_up_to_regex=None, packages_above=None, packages_above_and_dependencies=None, packages_above_depth=None, packages_select_by_dep=None, packages_skip_by_dep=None, packages_skip_up_to=None, packages_select_build_failed=False, packages_skip_build_finished=False, packages_select_test_failures=False, packages_skip_test_passed=False, packages_select=['ur5_pick_place'], packages_skip=None, packages_select_regex=None, packages_skip_regex=None, packages_start=None, packages_end=None, cmake_args=None, cmake_target=None, cmake_target_skip_unavailable=False, cmake_clean_cache=False, cmake_clean_first=False, cmake_force_configure=False, ament_cmake_args=None, catkin_cmake_args=None, catkin_skip_building_tests=False, mixin_files=None, mixin=None, verb_parser=<colcon_mixin.mixin.mixin_argument.MixinArgumentDecorator object at 0x71b667cdfe80>, verb_extension=<colcon_core.verb.build.BuildVerb object at 0x71b667cdf400>, main=<bound method BuildVerb.main of <colcon_core.verb.build.BuildVerb object at 0x71b667cdf400>>, mixin_verb=('build',))
[1.593s] Level 1:colcon.colcon_core.package_discovery:discover_packages(colcon_meta) check parameters
[1.596s] INFO:colcon.colcon_metadata.package_discovery.colcon_meta:Using configuration from '/root/.colcon/metadata/default/Gazebo.meta'
[1.598s] INFO:colcon.colcon_metadata.package_discovery.colcon_meta:Using configuration from '/root/.colcon/metadata/default/fastdds.meta'
[1.600s] INFO:colcon.colcon_metadata.package_discovery.colcon_meta:Using configuration from '/root/.colcon/metadata/default/fastrtps.meta'
[1.600s] Level 1:colcon.colcon_core.package_discovery:discover_packages(recursive) check parameters
[1.600s] Level 1:colcon.colcon_core.package_discovery:discover_packages(ignore) check parameters
[1.601s] Level 1:colcon.colcon_core.package_discovery:discover_packages(path) check parameters
[1.601s] Level 1:colcon.colcon_core.package_discovery:discover_packages(colcon_meta) discover
[1.601s] Level 1:colcon.colcon_core.package_discovery:discover_packages(recursive) discover
[1.601s] INFO:colcon.colcon_core.package_discovery:Crawling recursively for packages in '/ros2_ws/src/UR5_Jazzy_Moveit2_Pick_Place'
[1.602s] Level 1:colcon.colcon_core.package_identification:_identify(.) by extensions ['ignore', 'ignore_ament_install']
[1.603s] Level 1:colcon.colcon_core.package_identification:_identify(.) by extension 'ignore'
[1.603s] Level 1:colcon.colcon_core.package_identification:_identify(.) by extension 'ignore_ament_install'
[1.603s] Level 1:colcon.colcon_core.package_identification:_identify(.) by extensions ['colcon_pkg']
[1.604s] Level 1:colcon.colcon_core.package_identification:_identify(.) by extension 'colcon_pkg'
[1.604s] Level 1:colcon.colcon_core.package_identification:_identify(.) by extensions ['colcon_meta']
[1.604s] Level 1:colcon.colcon_core.package_identification:_identify(.) by extension 'colcon_meta'
[1.604s] Level 1:colcon.colcon_core.package_identification:_identify(.) by extensions ['ros']
[1.605s] Level 1:colcon.colcon_core.package_identification:_identify(.) by extension 'ros'
[1.657s] Level 1:colcon.colcon_core.package_identification:_identify(.) by extensions ['cmake', 'python']
[1.658s] Level 1:colcon.colcon_core.package_identification:_identify(.) by extension 'cmake'
[1.658s] Level 1:colcon.colcon_core.package_identification:_identify(.) by extension 'python'
[1.658s] Level 1:colcon.colcon_core.package_identification:_identify(.) by extensions ['python_setup_py']
[1.658s] Level 1:colcon.colcon_core.package_identification:_identify(.) by extension 'python_setup_py'
[1.659s] Level 1:colcon.colcon_core.package_identification:_identify(build) by extensions ['ignore', 'ignore_ament_install']
[1.660s] Level 1:colcon.colcon_core.package_identification:_identify(build) by extension 'ignore'
[1.660s] Level 1:colcon.colcon_core.package_identification:_identify(build) ignored
[1.661s] Level 1:colcon.colcon_core.package_identification:_identify(install) by extensions ['ignore', 'ignore_ament_install']
[1.661s] Level 1:colcon.colcon_core.package_identification:_identify(install) by extension 'ignore'
[1.662s] Level 1:colcon.colcon_core.package_identification:_identify(install) ignored
[1.662s] Level 1:colcon.colcon_core.package_identification:_identify(log) by extensions ['ignore', 'ignore_ament_install']
[1.663s] Level 1:colcon.colcon_core.package_identification:_identify(log) by extension 'ignore'
[1.663s] Level 1:colcon.colcon_core.package_identification:_identify(log) ignored
[1.664s] Level 1:colcon.colcon_core.package_identification:_identify(src) by extensions ['ignore', 'ignore_ament_install']
[1.664s] Level 1:colcon.colcon_core.package_identification:_identify(src) by extension 'ignore'
[1.665s] Level 1:colcon.colcon_core.package_identification:_identify(src) by extension 'ignore_ament_install'
[1.665s] Level 1:colcon.colcon_core.package_identification:_identify(src) by extensions ['colcon_pkg']
[1.665s] Level 1:colcon.colcon_core.package_identification:_identify(src) by extension 'colcon_pkg'
[1.666s] Level 1:colcon.colcon_core.package_identification:_identify(src) by extensions ['colcon_meta']
[1.666s] Level 1:colcon.colcon_core.package_identification:_identify(src) by extension 'colcon_meta'
[1.666s] Level 1:colcon.colcon_core.package_identification:_identify(src) by extensions ['ros']
[1.667s] Level 1:colcon.colcon_core.package_identification:_identify(src) by extension 'ros'
[1.667s] Level 1:colcon.colcon_core.package_identification:_identify(src) by extensions ['cmake', 'python']
[1.667s] Level 1:colcon.colcon_core.package_identification:_identify(src) by extension 'cmake'
[1.668s] Level 1:colcon.colcon_core.package_identification:_identify(src) by extension 'python'
[1.668s] Level 1:colcon.colcon_core.package_identification:_identify(src) by extensions ['python_setup_py']
[1.668s] Level 1:colcon.colcon_core.package_identification:_identify(src) by extension 'python_setup_py'
[1.669s] Level 1:colcon.colcon_core.package_identification:_identify(src/ur5_pick_place) by extensions ['ignore', 'ignore_ament_install']
[1.670s] Level 1:colcon.colcon_core.package_identification:_identify(src/ur5_pick_place) by extension 'ignore'
[1.670s] Level 1:colcon.colcon_core.package_identification:_identify(src/ur5_pick_place) by extension 'ignore_ament_install'
[1.671s] Level 1:colcon.colcon_core.package_identification:_identify(src/ur5_pick_place) by extensions ['colcon_pkg']
[1.671s] Level 1:colcon.colcon_core.package_identification:_identify(src/ur5_pick_place) by extension 'colcon_pkg'
[1.672s] Level 1:colcon.colcon_core.package_identification:_identify(src/ur5_pick_place) by extensions ['colcon_meta']
[1.672s] Level 1:colcon.colcon_core.package_identification:_identify(src/ur5_pick_place) by extension 'colcon_meta'
[1.672s] Level 1:colcon.colcon_core.package_identification:_identify(src/ur5_pick_place) by extensions ['ros']
[1.673s] Level 1:colcon.colcon_core.package_identification:_identify(src/ur5_pick_place) by extension 'ros'
[1.697s] DEBUG:colcon.colcon_core.package_identification:Package 'src/ur5_pick_place' with type 'ros.ament_python' and name 'ur5_pick_place'
[1.698s] Level 1:colcon.colcon_core.package_identification:_identify(src/ur5_ws) by extensions ['ignore', 'ignore_ament_install']
[1.699s] Level 1:colcon.colcon_core.package_identification:_identify(src/ur5_ws) by extension 'ignore'
[1.699s] Level 1:colcon.colcon_core.package_identification:_identify(src/ur5_ws) by extension 'ignore_ament_install'
[1.700s] Level 1:colcon.colcon_core.package_identification:_identify(src/ur5_ws) by extensions ['colcon_pkg']
[1.700s] Level 1:colcon.colcon_core.package_identification:_identify(src/ur5_ws) by extension 'colcon_pkg'
[1.700s] Level 1:colcon.colcon_core.package_identification:_identify(src/ur5_ws) by extensions ['colcon_meta']
[1.701s] Level 1:colcon.colcon_core.package_identification:_identify(src/ur5_ws) by extension 'colcon_meta'
[1.701s] Level 1:colcon.colcon_core.package_identification:_identify(src/ur5_ws) by extensions ['ros']
[1.701s] Level 1:colcon.colcon_core.package_identification:_identify(src/ur5_ws) by extension 'ros'
[1.702s] Level 1:colcon.colcon_core.package_identification:_identify(src/ur5_ws) by extensions ['cmake', 'python']
[1.703s] Level 1:colcon.colcon_core.package_identification:_identify(src/ur5_ws) by extension 'cmake'
[1.703s] Level 1:colcon.colcon_core.package_identification:_identify(src/ur5_ws) by extension 'python'
[1.704s] Level 1:colcon.colcon_core.package_identification:_identify(src/ur5_ws) by extensions ['python_setup_py']
[1.704s] Level 1:colcon.colcon_core.package_identification:_identify(src/ur5_ws) by extension 'python_setup_py'
[1.705s] Level 1:colcon.colcon_core.package_identification:_identify(src/ur5_ws/src) by extensions ['ignore', 'ignore_ament_install']
[1.705s] Level 1:colcon.colcon_core.package_identification:_identify(src/ur5_ws/src) by extension 'ignore'
[1.706s] Level 1:colcon.colcon_core.package_identification:_identify(src/ur5_ws/src) by extension 'ignore_ament_install'
[1.706s] Level 1:colcon.colcon_core.package_identification:_identify(src/ur5_ws/src) by extensions ['colcon_pkg']
[1.706s] Level 1:colcon.colcon_core.package_identification:_identify(src/ur5_ws/src) by extension 'colcon_pkg'
[1.707s] Level 1:colcon.colcon_core.package_identification:_identify(src/ur5_ws/src) by extensions ['colcon_meta']
[1.707s] Level 1:colcon.colcon_core.package_identification:_identify(src/ur5_ws/src) by extension 'colcon_meta'
[1.707s] Level 1:colcon.colcon_core.package_identification:_identify(src/ur5_ws/src) by extensions ['ros']
[1.708s] Level 1:colcon.colcon_core.package_identification:_identify(src/ur5_ws/src) by extension 'ros'
[1.709s] Level 1:colcon.colcon_core.package_identification:_identify(src/ur5_ws/src) by extensions ['cmake', 'python']
[1.709s] Level 1:colcon.colcon_core.package_identification:_identify(src/ur5_ws/src) by extension 'cmake'
[1.709s] Level 1:colcon.colcon_core.package_identification:_identify(src/ur5_ws/src) by extension 'python'
[1.710s] Level 1:colcon.colcon_core.package_identification:_identify(src/ur5_ws/src) by extensions ['python_setup_py']
[1.710s] Level 1:colcon.colcon_core.package_identification:_identify(src/ur5_ws/src) by extension 'python_setup_py'
[1.711s] Level 1:colcon.colcon_core.package_identification:_identify(src/ur5_ws/src/ur5_controller) by extensions ['ignore', 'ignore_ament_install']
[1.711s] Level 1:colcon.colcon_core.package_identification:_identify(src/ur5_ws/src/ur5_controller) by extension 'ignore'
[1.712s] Level 1:colcon.colcon_core.package_identification:_identify(src/ur5_ws/src/ur5_controller) by extension 'ignore_ament_install'
[1.712s] Level 1:colcon.colcon_core.package_identification:_identify(src/ur5_ws/src/ur5_controller) by extensions ['colcon_pkg']
[1.713s] Level 1:colcon.colcon_core.package_identification:_identify(src/ur5_ws/src/ur5_controller) by extension 'colcon_pkg'
[1.713s] Level 1:colcon.colcon_core.package_identification:_identify(src/ur5_ws/src/ur5_controller) by extensions ['colcon_meta']
[1.714s] Level 1:colcon.colcon_core.package_identification:_identify(src/ur5_ws/src/ur5_controller) by extension 'colcon_meta'
[1.715s] Level 1:colcon.colcon_core.package_identification:_identify(src/ur5_ws/src/ur5_controller) by extensions ['ros']
[1.715s] Level 1:colcon.colcon_core.package_identification:_identify(src/ur5_ws/src/ur5_controller) by extension 'ros'
[1.719s] DEBUG:colcon.colcon_core.package_identification:Package 'src/ur5_ws/src/ur5_controller' with type 'ros.ament_cmake' and name 'ur5_controller'
[1.720s] Level 1:colcon.colcon_core.package_identification:_identify(src/ur5_ws/src/ur5_description) by extensions ['ignore', 'ignore_ament_install']
[1.721s] Level 1:colcon.colcon_core.package_identification:_identify(src/ur5_ws/src/ur5_description) by extension 'ignore'
[1.721s] Level 1:colcon.colcon_core.package_identification:_identify(src/ur5_ws/src/ur5_description) by extension 'ignore_ament_install'
[1.721s] Level 1:colcon.colcon_core.package_identification:_identify(src/ur5_ws/src/ur5_description) by extensions ['colcon_pkg']
[1.722s] Level 1:colcon.colcon_core.package_identification:_identify(src/ur5_ws/src/ur5_description) by extension 'colcon_pkg'
[1.722s] Level 1:colcon.colcon_core.package_identification:_identify(src/ur5_ws/src/ur5_description) by extensions ['colcon_meta']
[1.722s] Level 1:colcon.colcon_core.package_identification:_identify(src/ur5_ws/src/ur5_description) by extension 'colcon_meta'
[1.723s] Level 1:colcon.colcon_core.package_identification:_identify(src/ur5_ws/src/ur5_description) by extensions ['ros']
[1.723s] Level 1:colcon.colcon_core.package_identification:_identify(src/ur5_ws/src/ur5_description) by extension 'ros'
[1.726s] DEBUG:colcon.colcon_core.package_identification:Package 'src/ur5_ws/src/ur5_description' with type 'ros.ament_cmake' and name 'ur5_description'
[1.727s] Level 1:colcon.colcon_core.package_identification:_identify(src/ur5_ws/src/ur5_moveit) by extensions ['ignore', 'ignore_ament_install']
[1.728s] Level 1:colcon.colcon_core.package_identification:_identify(src/ur5_ws/src/ur5_moveit) by extension 'ignore'
[1.728s] Level 1:colcon.colcon_core.package_identification:_identify(src/ur5_ws/src/ur5_moveit) by extension 'ignore_ament_install'
[1.729s] Level 1:colcon.colcon_core.package_identification:_identify(src/ur5_ws/src/ur5_moveit) by extensions ['colcon_pkg']
[1.729s] Level 1:colcon.colcon_core.package_identification:_identify(src/ur5_ws/src/ur5_moveit) by extension 'colcon_pkg'
[1.729s] Level 1:colcon.colcon_core.package_identification:_identify(src/ur5_ws/src/ur5_moveit) by extensions ['colcon_meta']
[1.730s] Level 1:colcon.colcon_core.package_identification:_identify(src/ur5_ws/src/ur5_moveit) by extension 'colcon_meta'
[1.731s] Level 1:colcon.colcon_core.package_identification:_identify(src/ur5_ws/src/ur5_moveit) by extensions ['ros']
[1.731s] Level 1:colcon.colcon_core.package_identification:_identify(src/ur5_ws/src/ur5_moveit) by extension 'ros'
[1.734s] DEBUG:colcon.colcon_core.package_identification:Package 'src/ur5_ws/src/ur5_moveit' with type 'ros.ament_cmake' and name 'ur5_moveit'
[1.736s] Level 1:colcon.colcon_core.package_discovery:discover_packages(recursive) using defaults
[1.736s] Level 1:colcon.colcon_core.package_discovery:discover_packages(ignore) discover
[1.736s] Level 1:colcon.colcon_core.package_discovery:discover_packages(ignore) using defaults
[1.736s] Level 1:colcon.colcon_core.package_discovery:discover_packages(path) discover
[1.737s] Level 1:colcon.colcon_core.package_discovery:discover_packages(path) using defaults
[1.866s] INFO:colcon.colcon_core.package_selection:Skipping not selected package 'ur5_controller' in 'src/ur5_ws/src/ur5_controller'
[1.867s] INFO:colcon.colcon_core.package_selection:Skipping not selected package 'ur5_description' in 'src/ur5_ws/src/ur5_description'
[1.867s] INFO:colcon.colcon_core.package_selection:Skipping not selected package 'ur5_moveit' in 'src/ur5_ws/src/ur5_moveit'
[1.870s] Level 5:colcon.colcon_core.verb:set package 'ur5_pick_place' build argument 'cmake_args' from command line to 'None'
[1.870s] Level 5:colcon.colcon_core.verb:set package 'ur5_pick_place' build argument 'cmake_target' from command line to 'None'
[1.870s] Level 5:colcon.colcon_core.verb:set package 'ur5_pick_place' build argument 'cmake_target_skip_unavailable' from command line to 'False'
[1.870s] Level 5:colcon.colcon_core.verb:set package 'ur5_pick_place' build argument 'cmake_clean_cache' from command line to 'False'
[1.870s] Level 5:colcon.colcon_core.verb:set package 'ur5_pick_place' build argument 'cmake_clean_first' from command line to 'False'
[1.871s] Level 5:colcon.colcon_core.verb:set package 'ur5_pick_place' build argument 'cmake_force_configure' from command line to 'False'
[1.871s] Level 5:colcon.colcon_core.verb:set package 'ur5_pick_place' build argument 'ament_cmake_args' from command line to 'None'
[1.871s] Level 5:colcon.colcon_core.verb:set package 'ur5_pick_place' build argument 'catkin_cmake_args' from command line to 'None'
[1.871s] Level 5:colcon.colcon_core.verb:set package 'ur5_pick_place' build argument 'catkin_skip_building_tests' from command line to 'False'
[1.871s] DEBUG:colcon.colcon_core.verb:Building package 'ur5_pick_place' with the following arguments: {'ament_cmake_args': None, 'build_base': '/ros2_ws/src/UR5_Jazzy_Moveit2_Pick_Place/build/ur5_pick_place', 'catkin_cmake_args': None, 'catkin_skip_building_tests': False, 'cmake_args': None, 'cmake_clean_cache': False, 'cmake_clean_first': False, 'cmake_force_configure': False, 'cmake_target': None, 'cmake_target_skip_unavailable': False, 'install_base': '/ros2_ws/src/UR5_Jazzy_Moveit2_Pick_Place/install/ur5_pick_place', 'merge_install': False, 'path': '/ros2_ws/src/UR5_Jazzy_Moveit2_Pick_Place/src/ur5_pick_place', 'symlink_install': False, 'test_result_base': None}
[1.872s] INFO:colcon.colcon_core.executor:Executing jobs using 'parallel' executor
[1.877s] DEBUG:colcon.colcon_parallel_executor.executor.parallel:run_until_complete
[1.878s] INFO:colcon.colcon_ros.task.ament_python.build:Building ROS package in '/ros2_ws/src/UR5_Jazzy_Moveit2_Pick_Place/src/ur5_pick_place' with build type 'ament_python'
[1.879s] Level 1:colcon.colcon_core.shell:create_environment_hook('ur5_pick_place', 'ament_prefix_path')
[1.892s] INFO:colcon.colcon_core.plugin_system:Skipping extension 'colcon_core.shell.bat': Not used on non-Windows systems
[1.893s] INFO:colcon.colcon_core.shell:Creating environment hook '/ros2_ws/src/UR5_Jazzy_Moveit2_Pick_Place/install/ur5_pick_place/share/ur5_pick_place/hook/ament_prefix_path.ps1'
[1.896s] INFO:colcon.colcon_core.shell:Creating environment descriptor '/ros2_ws/src/UR5_Jazzy_Moveit2_Pick_Place/install/ur5_pick_place/share/ur5_pick_place/hook/ament_prefix_path.dsv'
[1.898s] INFO:colcon.colcon_core.shell:Creating environment hook '/ros2_ws/src/UR5_Jazzy_Moveit2_Pick_Place/install/ur5_pick_place/share/ur5_pick_place/hook/ament_prefix_path.sh'
[1.901s] INFO:colcon.colcon_core.shell:Skip shell extension 'powershell' for command environment: Not usable outside of PowerShell
[1.902s] DEBUG:colcon.colcon_core.shell:Skip shell extension 'dsv' for command environment
[3.401s] INFO:colcon.colcon_core.task.python.build:Building Python package in '/ros2_ws/src/UR5_Jazzy_Moveit2_Pick_Place/src/ur5_pick_place'
[3.405s] INFO:colcon.colcon_core.shell:Skip shell extension 'powershell' for command environment: Not usable outside of PowerShell
[3.406s] DEBUG:colcon.colcon_core.shell:Skip shell extension 'dsv' for command environment
[5.115s] DEBUG:colcon.colcon_core.event_handler.log_command:Invoking command in '/ros2_ws/src/UR5_Jazzy_Moveit2_Pick_Place/src/ur5_pick_place': PYTHONPATH=/ros2_ws/src/UR5_Jazzy_Moveit2_Pick_Place/build/ur5_pick_place/prefix_override:/usr/lib/python3/dist-packages/colcon_core/task/python/colcon_distutils_commands:/ros2_ws/src/UR5_Jazzy_Moveit2_Pick_Place/install/ur5_pick_place/lib/python3.10/site-packages:${PYTHONPATH} /usr/bin/python3 -W ignore:setup.py install is deprecated -W ignore:easy_install command is deprecated setup.py egg_info --egg-base ../../build/ur5_pick_place build --build-base /ros2_ws/src/UR5_Jazzy_Moveit2_Pick_Place/build/ur5_pick_place/build install --record /ros2_ws/src/UR5_Jazzy_Moveit2_Pick_Place/build/ur5_pick_place/install.log --single-version-externally-managed install_data
[6.592s] DEBUG:colcon.colcon_core.event_handler.log_command:Invoked command in '/ros2_ws/src/UR5_Jazzy_Moveit2_Pick_Place/src/ur5_pick_place' returned '0': PYTHONPATH=/ros2_ws/src/UR5_Jazzy_Moveit2_Pick_Place/build/ur5_pick_place/prefix_override:/usr/lib/python3/dist-packages/colcon_core/task/python/colcon_distutils_commands:/ros2_ws/src/UR5_Jazzy_Moveit2_Pick_Place/install/ur5_pick_place/lib/python3.10/site-packages:${PYTHONPATH} /usr/bin/python3 -W ignore:setup.py install is deprecated -W ignore:easy_install command is deprecated setup.py egg_info --egg-base ../../build/ur5_pick_place build --build-base /ros2_ws/src/UR5_Jazzy_Moveit2_Pick_Place/build/ur5_pick_place/build install --record /ros2_ws/src/UR5_Jazzy_Moveit2_Pick_Place/build/ur5_pick_place/install.log --single-version-externally-managed install_data
[6.609s] Level 1:colcon.colcon_core.environment:checking '/ros2_ws/src/UR5_Jazzy_Moveit2_Pick_Place/install/ur5_pick_place' for CMake module files
[6.614s] Level 1:colcon.colcon_core.environment:checking '/ros2_ws/src/UR5_Jazzy_Moveit2_Pick_Place/install/ur5_pick_place' for CMake config files
[6.621s] Level 1:colcon.colcon_core.environment:checking '/ros2_ws/src/UR5_Jazzy_Moveit2_Pick_Place/install/ur5_pick_place/lib'
[6.622s] Level 1:colcon.colcon_core.environment:checking '/ros2_ws/src/UR5_Jazzy_Moveit2_Pick_Place/install/ur5_pick_place/bin'
[6.623s] Level 1:colcon.colcon_core.environment:checking '/ros2_ws/src/UR5_Jazzy_Moveit2_Pick_Place/install/ur5_pick_place/lib/pkgconfig/ur5_pick_place.pc'
[6.625s] Level 1:colcon.colcon_core.environment:checking '/ros2_ws/src/UR5_Jazzy_Moveit2_Pick_Place/install/ur5_pick_place/lib/python3.10/site-packages'
[6.625s] Level 1:colcon.colcon_core.shell:create_environment_hook('ur5_pick_place', 'pythonpath')
[6.627s] INFO:colcon.colcon_core.shell:Creating environment hook '/ros2_ws/src/UR5_Jazzy_Moveit2_Pick_Place/install/ur5_pick_place/share/ur5_pick_place/hook/pythonpath.ps1'
[6.630s] INFO:colcon.colcon_core.shell:Creating environment descriptor '/ros2_ws/src/UR5_Jazzy_Moveit2_Pick_Place/install/ur5_pick_place/share/ur5_pick_place/hook/pythonpath.dsv'
[6.633s] INFO:colcon.colcon_core.shell:Creating environment hook '/ros2_ws/src/UR5_Jazzy_Moveit2_Pick_Place/install/ur5_pick_place/share/ur5_pick_place/hook/pythonpath.sh'
[6.638s] Level 1:colcon.colcon_core.environment:checking '/ros2_ws/src/UR5_Jazzy_Moveit2_Pick_Place/install/ur5_pick_place/bin'
[6.638s] Level 1:colcon.colcon_core.environment:create_environment_scripts_only(ur5_pick_place)
[6.641s] INFO:colcon.colcon_core.shell:Creating package script '/ros2_ws/src/UR5_Jazzy_Moveit2_Pick_Place/install/ur5_pick_place/share/ur5_pick_place/package.ps1'
[6.688s] INFO:colcon.colcon_core.shell:Creating package descriptor '/ros2_ws/src/UR5_Jazzy_Moveit2_Pick_Place/install/ur5_pick_place/share/ur5_pick_place/package.dsv'
[6.692s] INFO:colcon.colcon_core.shell:Creating package script '/ros2_ws/src/UR5_Jazzy_Moveit2_Pick_Place/install/ur5_pick_place/share/ur5_pick_place/package.sh'
[6.699s] INFO:colcon.colcon_core.shell:Creating package script '/ros2_ws/src/UR5_Jazzy_Moveit2_Pick_Place/install/ur5_pick_place/share/ur5_pick_place/package.bash'
[6.705s] INFO:colcon.colcon_core.shell:Creating package script '/ros2_ws/src/UR5_Jazzy_Moveit2_Pick_Place/install/ur5_pick_place/share/ur5_pick_place/package.zsh'
[6.711s] Level 1:colcon.colcon_core.environment:create_file_with_runtime_dependencies(/ros2_ws/src/UR5_Jazzy_Moveit2_Pick_Place/install/ur5_pick_place/share/colcon-core/packages/ur5_pick_place)
[6.714s] DEBUG:colcon.colcon_parallel_executor.executor.parallel:closing loop
[6.716s] DEBUG:colcon.colcon_parallel_executor.executor.parallel:loop closed
[6.718s] DEBUG:colcon.colcon_parallel_executor.executor.parallel:run_until_complete finished with '0'
[6.719s] DEBUG:colcon.colcon_core.event_reactor:joining thread
[6.757s] INFO:colcon.colcon_core.plugin_system:Skipping extension 'colcon_notification.desktop_notification.notify_send': Could not find 'notify-send'
[6.759s] INFO:colcon.colcon_core.plugin_system:Skipping extension 'colcon_notification.desktop_notification.terminal_notifier': Not used on non-Darwin systems
[6.760s] INFO:colcon.colcon_core.plugin_system:Skipping extension 'colcon_notification.desktop_notification.win32': Not used on non-Windows systems
[6.760s] INFO:colcon.colcon_notification.desktop_notification:Sending desktop notification using 'notify2'
[6.771s] DEBUG:colcon.colcon_notification.desktop_notification.notify2:Failed to initialize notify2: org.freedesktop.DBus.Error.Spawn.ExecFailed: /usr/bin/dbus-launch terminated abnormally without any error message
[6.774s] DEBUG:colcon.colcon_core.event_reactor:joined thread
[6.779s] INFO:colcon.colcon_core.shell:Creating prefix script '/ros2_ws/src/UR5_Jazzy_Moveit2_Pick_Place/install/local_setup.ps1'
[6.789s] INFO:colcon.colcon_core.shell:Creating prefix util module '/ros2_ws/src/UR5_Jazzy_Moveit2_Pick_Place/install/_local_setup_util_ps1.py'
[6.801s] INFO:colcon.colcon_core.shell:Creating prefix chain script '/ros2_ws/src/UR5_Jazzy_Moveit2_Pick_Place/install/setup.ps1'
[6.810s] INFO:colcon.colcon_core.shell:Creating prefix script '/ros2_ws/src/UR5_Jazzy_Moveit2_Pick_Place/install/local_setup.sh'
[6.814s] INFO:colcon.colcon_core.shell:Creating prefix util module '/ros2_ws/src/UR5_Jazzy_Moveit2_Pick_Place/install/_local_setup_util_sh.py'
[6.818s] INFO:colcon.colcon_core.shell:Creating prefix chain script '/ros2_ws/src/UR5_Jazzy_Moveit2_Pick_Place/install/setup.sh'
[6.826s] INFO:colcon.colcon_core.shell:Creating prefix script '/ros2_ws/src/UR5_Jazzy_Moveit2_Pick_Place/install/local_setup.bash'
[6.830s] INFO:colcon.colcon_core.shell:Creating prefix chain script '/ros2_ws/src/UR5_Jazzy_Moveit2_Pick_Place/install/setup.bash'
[6.838s] INFO:colcon.colcon_core.shell:Creating prefix script '/ros2_ws/src/UR5_Jazzy_Moveit2_Pick_Place/install/local_setup.zsh'
[6.841s] INFO:colcon.colcon_core.shell:Creating prefix chain script '/ros2_ws/src/UR5_Jazzy_Moveit2_Pick_Place/install/setup.zsh'
