[3.839s] Invoking command in '/ros2_ws/src/UR5_Jazzy_Moveit2_Pick_Place/src/ur5_pick_place': PYTHONPATH=/ros2_ws/src/UR5_Jazzy_Moveit2_Pick_Place/build/ur5_pick_place/prefix_override:/usr/lib/python3/dist-packages/colcon_core/task/python/colcon_distutils_commands:/ros2_ws/src/UR5_Jazzy_Moveit2_Pick_Place/install/ur5_pick_place/lib/python3.10/site-packages:${PYTHONPATH} /usr/bin/python3 -W ignore:setup.py install is deprecated -W ignore:easy_install command is deprecated setup.py egg_info --egg-base ../../build/ur5_pick_place build --build-base /ros2_ws/src/UR5_Jazzy_Moveit2_Pick_Place/build/ur5_pick_place/build install --record /ros2_ws/src/UR5_Jazzy_Moveit2_Pick_Place/build/ur5_pick_place/install.log --single-version-externally-managed install_data
[5.377s] running egg_info
[5.381s] writing ../../build/ur5_pick_place/ur5_pick_place.egg-info/PKG-INFO
[5.382s] writing dependency_links to ../../build/ur5_pick_place/ur5_pick_place.egg-info/dependency_links.txt
[5.383s] writing entry points to ../../build/ur5_pick_place/ur5_pick_place.egg-info/entry_points.txt
[5.385s] writing requirements to ../../build/ur5_pick_place/ur5_pick_place.egg-info/requires.txt
[5.386s] writing top-level names to ../../build/ur5_pick_place/ur5_pick_place.egg-info/top_level.txt
[5.401s] reading manifest file '../../build/ur5_pick_place/ur5_pick_place.egg-info/SOURCES.txt'
[5.406s] writing manifest file '../../build/ur5_pick_place/ur5_pick_place.egg-info/SOURCES.txt'
[5.407s] running build
[5.408s] running build_py
[5.416s] running install
[5.418s] running install_lib
[5.428s] running install_data
[5.431s] running install_egg_info
[5.441s] removing '/ros2_ws/src/UR5_Jazzy_Moveit2_Pick_Place/install/ur5_pick_place/lib/python3.10/site-packages/ur5_pick_place-2.0.0-py3.10.egg-info' (and everything under it)
[5.443s] Copying ../../build/ur5_pick_place/ur5_pick_place.egg-info to /ros2_ws/src/UR5_Jazzy_Moveit2_Pick_Place/install/ur5_pick_place/lib/python3.10/site-packages/ur5_pick_place-2.0.0-py3.10.egg-info
[5.449s] running install_scripts
[5.565s] Installing add_object_legacy script to /ros2_ws/src/UR5_Jazzy_Moveit2_Pick_Place/install/ur5_pick_place/lib/ur5_pick_place
[5.566s] Installing fake_object_pose_legacy script to /ros2_ws/src/UR5_Jazzy_Moveit2_Pick_Place/install/ur5_pick_place/lib/ur5_pick_place
[5.567s] Installing joint_state_pub_legacy script to /ros2_ws/src/UR5_Jazzy_Moveit2_Pick_Place/install/ur5_pick_place/lib/ur5_pick_place
[5.567s] Installing pick_place_node script to /ros2_ws/src/UR5_Jazzy_Moveit2_Pick_Place/install/ur5_pick_place/lib/ur5_pick_place
[5.568s] Installing pick_place_node_legacy script to /ros2_ws/src/UR5_Jazzy_Moveit2_Pick_Place/install/ur5_pick_place/lib/ur5_pick_place
[5.576s] Installing pose_sender script to /ros2_ws/src/UR5_Jazzy_Moveit2_Pick_Place/install/ur5_pick_place/lib/ur5_pick_place
[5.577s] Installing pose_sender_legacy script to /ros2_ws/src/UR5_Jazzy_Moveit2_Pick_Place/install/ur5_pick_place/lib/ur5_pick_place
[5.629s] writing list of installed files to '/ros2_ws/src/UR5_Jazzy_Moveit2_Pick_Place/build/ur5_pick_place/install.log'
[5.752s] Invoked command in '/ros2_ws/src/UR5_Jazzy_Moveit2_Pick_Place/src/ur5_pick_place' returned '0': PYTHONPATH=/ros2_ws/src/UR5_Jazzy_Moveit2_Pick_Place/build/ur5_pick_place/prefix_override:/usr/lib/python3/dist-packages/colcon_core/task/python/colcon_distutils_commands:/ros2_ws/src/UR5_Jazzy_Moveit2_Pick_Place/install/ur5_pick_place/lib/python3.10/site-packages:${PYTHONPATH} /usr/bin/python3 -W ignore:setup.py install is deprecated -W ignore:easy_install command is deprecated setup.py egg_info --egg-base ../../build/ur5_pick_place build --build-base /ros2_ws/src/UR5_Jazzy_Moveit2_Pick_Place/build/ur5_pick_place/build install --record /ros2_ws/src/UR5_Jazzy_Moveit2_Pick_Place/build/ur5_pick_place/install.log --single-version-externally-managed install_data
