Traceback (most recent call last):
  File "/ros2_ws/src/UR5_Jazzy_Moveit2_Pick_Place/src/ur5_pick_place/setup.py", line 1, in <module>
    from setuptools import setup, find_packages
  File "/usr/lib/python3/dist-packages/setuptools/__init__.py", line 16, in <module>
    import setuptools.version
  File "/usr/lib/python3/dist-packages/setuptools/version.py", line 1, in <module>
    import pkg_resources
  File "/usr/lib/python3/dist-packages/pkg_resources/__init__.py", line 3267, in <module>
    def _initialize_master_working_set():
  File "/usr/lib/python3/dist-packages/pkg_resources/__init__.py", line 3241, in _call_aside
    f(*args, **kwargs)
  File "/usr/lib/python3/dist-packages/pkg_resources/__init__.py", line 3292, in _initialize_master_working_set
    tuple(
  File "/usr/lib/python3/dist-packages/pkg_resources/__init__.py", line 3293, in <genexpr>
    dist.activate(replace=False)
  File "/usr/lib/python3/dist-packages/pkg_resources/__init__.py", line 2796, in activate
    for pkg in self._get_metadata('namespace_packages.txt'):
  File "/usr/lib/python3/dist-packages/pkg_resources/__init__.py", line 2779, in _get_metadata
    if self.has_metadata(name):
  File "/usr/lib/python3/dist-packages/pkg_resources/__init__.py", line 1405, in has_metadata
    path = self._get_metadata_path(name)
  File "/usr/lib/python3/dist-packages/pkg_resources/__init__.py", line 1399, in _get_metadata_path
    return self._fn(self.egg_info, name)
  File "/usr/lib/python3/dist-packages/pkg_resources/__init__.py", line 1480, in _fn
    return os.path.join(base, *resource_name.split('/'))
  File "/usr/lib/python3.10/posixpath.py", line 83, in join
    if b.startswith(sep):
KeyboardInterrupt
