-- The C compiler identification is GNU 13.3.0
-- The CXX compiler identification is GNU 13.3.0
-- Detecting C compiler ABI info
-- Detecting C compiler ABI info - done
-- Check for working C compiler: /usr/bin/cc - skipped
-- Detecting C compile features
-- Detecting C compile features - done
-- Detecting CXX compiler ABI info
-- Detecting CXX compiler ABI info - done
-- Check for working CXX compiler: /usr/bin/c++ - skipped
-- Detecting CXX compile features
-- Detecting CXX compile features - done
-- Found ament_cmake: 2.5.5 (/opt/ros/jazzy/share/ament_cmake/cmake)
-- Found Python3: /usr/bin/python3 (found version "3.12.3") found components: Interpreter 
-- Override CMake install command with custom implementation using symlinks instead of copying resources
-- Found ament_lint_auto: 0.17.4 (/opt/ros/jazzy/share/ament_lint_auto/cmake)
-- Added test 'flake8' to check Python code syntax and style conventions
-- Configured 'flake8' exclude dirs and/or files: 
-- Added test 'lint_cmake' to check CMake code style
-- Added test 'pep257' to check Python code against some of the docstring style conventions in PEP 257
-- Added test 'xmllint' to check XML markup files
-- Configuring done (7.8s)
-- Generating done (0.0s)
-- Build files have been written to: /home/beingar/ros2_jazzy_ws/build/ur5_description
-- Install configuration: ""
-- Execute custom install script
-- Symlinking: /home/beingar/ros2_jazzy_ws/install/ur5_description/share/ur5_description/launch/gazebo.launch.py
-- Symlinking: /home/beingar/ros2_jazzy_ws/install/ur5_description/share/ur5_description/launch/rviz.launch.py
-- Symlinking: /home/beingar/ros2_jazzy_ws/install/ur5_description/share/ur5_description/urdf/initial_positions.yaml
-- Symlinking: /home/beingar/ros2_jazzy_ws/install/ur5_description/share/ur5_description/urdf/ur5_robot.gazebo.xacro
-- Symlinking: /home/beingar/ros2_jazzy_ws/install/ur5_description/share/ur5_description/urdf/ur5_robot.ros2_control.xacro
-- Symlinking: /home/beingar/ros2_jazzy_ws/install/ur5_description/share/ur5_description/urdf/ur5_robot.urdf.xacro
-- Symlinking: /home/beingar/ros2_jazzy_ws/install/ur5_description/share/ur5_description/config/ros2_gz_bridge.yaml
-- Symlinking: /home/beingar/ros2_jazzy_ws/install/ur5_description/share/ur5_description/config/view_config.rviz
-- Symlinking: /home/beingar/ros2_jazzy_ws/install/ur5_description/share/ur5_description/worlds/gazebo_world.sdf
-- Symlinking: /home/beingar/ros2_jazzy_ws/install/ur5_description/share/ur5_description/meshes/collision/rg2/finger.stl
-- Symlinking: /home/beingar/ros2_jazzy_ws/install/ur5_description/share/ur5_description/meshes/collision/rg2/finger_neutral.stl
-- Symlinking: /home/beingar/ros2_jazzy_ws/install/ur5_description/share/ur5_description/meshes/collision/rg2/hand.stl
-- Symlinking: /home/beingar/ros2_jazzy_ws/install/ur5_description/share/ur5_description/meshes/collision/ur5/SuctionCup.stl
-- Symlinking: /home/beingar/ros2_jazzy_ws/install/ur5_description/share/ur5_description/meshes/collision/ur5/base.stl
-- Symlinking: /home/beingar/ros2_jazzy_ws/install/ur5_description/share/ur5_description/meshes/collision/ur5/forearm.stl
-- Symlinking: /home/beingar/ros2_jazzy_ws/install/ur5_description/share/ur5_description/meshes/collision/ur5/robotiq_85_base_link.stl
-- Symlinking: /home/beingar/ros2_jazzy_ws/install/ur5_description/share/ur5_description/meshes/collision/ur5/robotiq_85_finger_link.stl
-- Symlinking: /home/beingar/ros2_jazzy_ws/install/ur5_description/share/ur5_description/meshes/collision/ur5/robotiq_85_finger_tip_link.stl
-- Symlinking: /home/beingar/ros2_jazzy_ws/install/ur5_description/share/ur5_description/meshes/collision/ur5/robotiq_85_inner_knuckle_link.stl
-- Symlinking: /home/beingar/ros2_jazzy_ws/install/ur5_description/share/ur5_description/meshes/collision/ur5/robotiq_85_knuckle_link.stl
-- Symlinking: /home/beingar/ros2_jazzy_ws/install/ur5_description/share/ur5_description/meshes/collision/ur5/shoulder.stl
-- Symlinking: /home/beingar/ros2_jazzy_ws/install/ur5_description/share/ur5_description/meshes/collision/ur5/upperarm.stl
-- Symlinking: /home/beingar/ros2_jazzy_ws/install/ur5_description/share/ur5_description/meshes/collision/ur5/wrist1.stl
-- Symlinking: /home/beingar/ros2_jazzy_ws/install/ur5_description/share/ur5_description/meshes/collision/ur5/wrist2.stl
-- Symlinking: /home/beingar/ros2_jazzy_ws/install/ur5_description/share/ur5_description/meshes/collision/ur5/wrist3.stl
-- Symlinking: /home/beingar/ros2_jazzy_ws/install/ur5_description/share/ur5_description/meshes/visual/rg2/finger.dae
-- Symlinking: /home/beingar/ros2_jazzy_ws/install/ur5_description/share/ur5_description/meshes/visual/rg2/finger_neutral.dae
-- Symlinking: /home/beingar/ros2_jazzy_ws/install/ur5_description/share/ur5_description/meshes/visual/rg2/hand.dae
-- Symlinking: /home/beingar/ros2_jazzy_ws/install/ur5_description/share/ur5_description/meshes/visual/ur5/SuctionCup.stl
-- Symlinking: /home/beingar/ros2_jazzy_ws/install/ur5_description/share/ur5_description/meshes/visual/ur5/base.dae
-- Symlinking: /home/beingar/ros2_jazzy_ws/install/ur5_description/share/ur5_description/meshes/visual/ur5/forearm.dae
-- Symlinking: /home/beingar/ros2_jazzy_ws/install/ur5_description/share/ur5_description/meshes/visual/ur5/robotiq_85_base_link.dae
-- Symlinking: /home/beingar/ros2_jazzy_ws/install/ur5_description/share/ur5_description/meshes/visual/ur5/robotiq_85_finger_link.dae
-- Symlinking: /home/beingar/ros2_jazzy_ws/install/ur5_description/share/ur5_description/meshes/visual/ur5/robotiq_85_finger_tip_link.dae
-- Symlinking: /home/beingar/ros2_jazzy_ws/install/ur5_description/share/ur5_description/meshes/visual/ur5/robotiq_85_inner_knuckle_link.dae
-- Symlinking: /home/beingar/ros2_jazzy_ws/install/ur5_description/share/ur5_description/meshes/visual/ur5/robotiq_85_knuckle_link.dae
-- Symlinking: /home/beingar/ros2_jazzy_ws/install/ur5_description/share/ur5_description/meshes/visual/ur5/shoulder.dae
-- Symlinking: /home/beingar/ros2_jazzy_ws/install/ur5_description/share/ur5_description/meshes/visual/ur5/upperarm.dae
-- Symlinking: /home/beingar/ros2_jazzy_ws/install/ur5_description/share/ur5_description/meshes/visual/ur5/wrist1.dae
-- Symlinking: /home/beingar/ros2_jazzy_ws/install/ur5_description/share/ur5_description/meshes/visual/ur5/wrist2.dae
-- Symlinking: /home/beingar/ros2_jazzy_ws/install/ur5_description/share/ur5_description/meshes/visual/ur5/wrist3.dae
-- Symlinking: /home/beingar/ros2_jazzy_ws/install/ur5_description/share/ament_index/resource_index/package_run_dependencies/ur5_description
-- Symlinking: /home/beingar/ros2_jazzy_ws/install/ur5_description/share/ament_index/resource_index/parent_prefix_path/ur5_description
-- Symlinking: /home/beingar/ros2_jazzy_ws/install/ur5_description/share/ur5_description/environment/ament_prefix_path.sh
-- Symlinking: /home/beingar/ros2_jazzy_ws/install/ur5_description/share/ur5_description/environment/ament_prefix_path.dsv
-- Symlinking: /home/beingar/ros2_jazzy_ws/install/ur5_description/share/ur5_description/environment/path.sh
-- Symlinking: /home/beingar/ros2_jazzy_ws/install/ur5_description/share/ur5_description/environment/path.dsv
-- Symlinking: /home/beingar/ros2_jazzy_ws/install/ur5_description/share/ur5_description/local_setup.bash
-- Symlinking: /home/beingar/ros2_jazzy_ws/install/ur5_description/share/ur5_description/local_setup.sh
-- Symlinking: /home/beingar/ros2_jazzy_ws/install/ur5_description/share/ur5_description/local_setup.zsh
-- Symlinking: /home/beingar/ros2_jazzy_ws/install/ur5_description/share/ur5_description/local_setup.dsv
-- Symlinking: /home/beingar/ros2_jazzy_ws/install/ur5_description/share/ur5_description/package.dsv
-- Symlinking: /home/beingar/ros2_jazzy_ws/install/ur5_description/share/ament_index/resource_index/packages/ur5_description
-- Symlinking: /home/beingar/ros2_jazzy_ws/install/ur5_description/share/ur5_description/cmake/ur5_descriptionConfig.cmake
-- Symlinking: /home/beingar/ros2_jazzy_ws/install/ur5_description/share/ur5_description/cmake/ur5_descriptionConfig-version.cmake
-- Symlinking: /home/beingar/ros2_jazzy_ws/install/ur5_description/share/ur5_description/package.xml
