[0.056s] Invoking command in '/home/beingar/ros2_jazzy_ws/build/ur5_controller': CMAKE_PREFIX_PATH=${CMAKE_PREFIX_PATH}:/home/beingar/ros2_jazzy_ws/install/hri_manipulation:/opt/ros/jazzy DEBUGINFOD_URLS=https://debuginfod.ubuntu.com /usr/bin/cmake /home/beingar/ros2_jazzy_ws/src/ur5_ws/src/ur5_controller -DAMENT_CMAKE_SYMLINK_INSTALL=1 -DCMAKE_INSTALL_PREFIX=/home/beingar/ros2_jazzy_ws/install/ur5_controller
[1.662s] -- The C compiler identification is GNU 13.3.0
[3.004s] -- The CXX compiler identification is GNU 13.3.0
[3.154s] -- Detecting C compiler ABI info
[3.589s] -- Detecting C compiler ABI info - done
[3.632s] -- Check for working C compiler: /usr/bin/cc - skipped
[3.635s] -- Detecting C compile features
[3.640s] -- Detecting C compile features - done
[3.675s] -- Detecting CXX compiler ABI info
[4.073s] -- Detecting CXX compiler ABI info - done
[4.115s] -- Check for working CXX compiler: /usr/bin/c++ - skipped
[4.116s] -- Detecting CXX compile features
[4.117s] -- Detecting CXX compile features - done
[4.655s] -- Found ament_cmake: 2.5.5 (/opt/ros/jazzy/share/ament_cmake/cmake)
[5.752s] -- Found Python3: /usr/bin/python3 (found version "3.12.3") found components: Interpreter 
[6.232s] -- Override CMake install command with custom implementation using symlinks instead of copying resources
[7.011s] -- Found ament_lint_auto: 0.17.4 (/opt/ros/jazzy/share/ament_lint_auto/cmake)
[8.072s] -- Added test 'flake8' to check Python code syntax and style conventions
[8.072s] -- Configured 'flake8' exclude dirs and/or files: 
[8.095s] -- Added test 'lint_cmake' to check CMake code style
[8.120s] -- Added test 'pep257' to check Python code against some of the docstring style conventions in PEP 257
[8.161s] -- Added test 'xmllint' to check XML markup files
[8.217s] -- Configuring done (7.8s)
[8.241s] -- Generating done (0.0s)
[8.256s] -- Build files have been written to: /home/beingar/ros2_jazzy_ws/build/ur5_controller
[8.288s] Invoked command in '/home/beingar/ros2_jazzy_ws/build/ur5_controller' returned '0': CMAKE_PREFIX_PATH=${CMAKE_PREFIX_PATH}:/home/beingar/ros2_jazzy_ws/install/hri_manipulation:/opt/ros/jazzy DEBUGINFOD_URLS=https://debuginfod.ubuntu.com /usr/bin/cmake /home/beingar/ros2_jazzy_ws/src/ur5_ws/src/ur5_controller -DAMENT_CMAKE_SYMLINK_INSTALL=1 -DCMAKE_INSTALL_PREFIX=/home/beingar/ros2_jazzy_ws/install/ur5_controller
[8.298s] Invoking command in '/home/beingar/ros2_jazzy_ws/build/ur5_controller': CMAKE_PREFIX_PATH=${CMAKE_PREFIX_PATH}:/home/beingar/ros2_jazzy_ws/install/hri_manipulation:/opt/ros/jazzy DEBUGINFOD_URLS=https://debuginfod.ubuntu.com /usr/bin/cmake --build /home/beingar/ros2_jazzy_ws/build/ur5_controller -- -j4 -l4
[8.535s] Invoked command in '/home/beingar/ros2_jazzy_ws/build/ur5_controller' returned '0': CMAKE_PREFIX_PATH=${CMAKE_PREFIX_PATH}:/home/beingar/ros2_jazzy_ws/install/hri_manipulation:/opt/ros/jazzy DEBUGINFOD_URLS=https://debuginfod.ubuntu.com /usr/bin/cmake --build /home/beingar/ros2_jazzy_ws/build/ur5_controller -- -j4 -l4
[8.540s] Invoking command in '/home/beingar/ros2_jazzy_ws/build/ur5_controller': CMAKE_PREFIX_PATH=${CMAKE_PREFIX_PATH}:/home/beingar/ros2_jazzy_ws/install/hri_manipulation:/opt/ros/jazzy DEBUGINFOD_URLS=https://debuginfod.ubuntu.com /usr/bin/cmake --install /home/beingar/ros2_jazzy_ws/build/ur5_controller
[8.569s] -- Install configuration: ""
[8.571s] -- Execute custom install script
[8.572s] -- Symlinking: /home/beingar/ros2_jazzy_ws/install/ur5_controller/share/ur5_controller/launch/controller.launch.py
[8.615s] -- Symlinking: /home/beingar/ros2_jazzy_ws/install/ur5_controller/share/ur5_controller/config/ros2_controllers.yaml
[8.641s] -- Symlinking: /home/beingar/ros2_jazzy_ws/install/ur5_controller/share/ament_index/resource_index/package_run_dependencies/ur5_controller
[8.667s] -- Symlinking: /home/beingar/ros2_jazzy_ws/install/ur5_controller/share/ament_index/resource_index/parent_prefix_path/ur5_controller
[8.695s] -- Symlinking: /home/beingar/ros2_jazzy_ws/install/ur5_controller/share/ur5_controller/environment/ament_prefix_path.sh
[8.733s] -- Symlinking: /home/beingar/ros2_jazzy_ws/install/ur5_controller/share/ur5_controller/environment/ament_prefix_path.dsv
[8.760s] -- Symlinking: /home/beingar/ros2_jazzy_ws/install/ur5_controller/share/ur5_controller/environment/path.sh
[8.786s] -- Symlinking: /home/beingar/ros2_jazzy_ws/install/ur5_controller/share/ur5_controller/environment/path.dsv
[8.815s] -- Symlinking: /home/beingar/ros2_jazzy_ws/install/ur5_controller/share/ur5_controller/local_setup.bash
[8.852s] -- Symlinking: /home/beingar/ros2_jazzy_ws/install/ur5_controller/share/ur5_controller/local_setup.sh
[8.881s] -- Symlinking: /home/beingar/ros2_jazzy_ws/install/ur5_controller/share/ur5_controller/local_setup.zsh
[8.908s] -- Symlinking: /home/beingar/ros2_jazzy_ws/install/ur5_controller/share/ur5_controller/local_setup.dsv
[8.942s] -- Symlinking: /home/beingar/ros2_jazzy_ws/install/ur5_controller/share/ur5_controller/package.dsv
[8.974s] -- Symlinking: /home/beingar/ros2_jazzy_ws/install/ur5_controller/share/ament_index/resource_index/packages/ur5_controller
[9.008s] -- Symlinking: /home/beingar/ros2_jazzy_ws/install/ur5_controller/share/ur5_controller/cmake/ur5_controllerConfig.cmake
[9.038s] -- Symlinking: /home/beingar/ros2_jazzy_ws/install/ur5_controller/share/ur5_controller/cmake/ur5_controllerConfig-version.cmake
[9.068s] -- Symlinking: /home/beingar/ros2_jazzy_ws/install/ur5_controller/share/ur5_controller/package.xml
[9.106s] Invoked command in '/home/beingar/ros2_jazzy_ws/build/ur5_controller' returned '0': CMAKE_PREFIX_PATH=${CMAKE_PREFIX_PATH}:/home/beingar/ros2_jazzy_ws/install/hri_manipulation:/opt/ros/jazzy DEBUGINFOD_URLS=https://debuginfod.ubuntu.com /usr/bin/cmake --install /home/beingar/ros2_jazzy_ws/build/ur5_controller
