[2.324s] Invoking command in '/home/beingar/ros2_jazzy_ws/build/hri_manipulation': DEBUGINFOD_URLS=https://debuginfod.ubuntu.com PYTHONPATH=/home/beingar/ros2_jazzy_ws/build/hri_manipulation/prefix_override:/usr/lib/python3/dist-packages/colcon_core/task/python/colcon_distutils_commands:/home/beingar/ros2_jazzy_ws/install/hri_manipulation/lib/python3.12/site-packages:${PYTHONPATH} /usr/bin/python3 -W ignore:setup.py install is deprecated -W ignore:easy_install command is deprecated setup.py develop --editable --build-directory /home/beingar/ros2_jazzy_ws/build/hri_manipulation/build --no-deps symlink_data
[3.227s] running develop
[3.887s] running egg_info
[3.887s] creating hri_manipulation.egg-info
[3.947s] writing hri_manipulation.egg-info/PKG-INFO
[3.947s] writing dependency_links to hri_manipulation.egg-info/dependency_links.txt
[3.948s] writing entry points to hri_manipulation.egg-info/entry_points.txt
[3.948s] writing requirements to hri_manipulation.egg-info/requires.txt
[3.949s] writing top-level names to hri_manipulation.egg-info/top_level.txt
[3.949s] writing manifest file 'hri_manipulation.egg-info/SOURCES.txt'
[4.061s] reading manifest file 'hri_manipulation.egg-info/SOURCES.txt'
[4.062s] writing manifest file 'hri_manipulation.egg-info/SOURCES.txt'
[4.125s] running build_ext
[4.126s] Creating /home/beingar/ros2_jazzy_ws/install/hri_manipulation/lib/python3.12/site-packages/hri-manipulation.egg-link (link to .)
[4.127s] Installing add_object script to /home/beingar/ros2_jazzy_ws/install/hri_manipulation/lib/hri_manipulation
[4.127s] Installing admittance_node script to /home/beingar/ros2_jazzy_ws/install/hri_manipulation/lib/hri_manipulation
[4.128s] Installing attach_object script to /home/beingar/ros2_jazzy_ws/install/hri_manipulation/lib/hri_manipulation
[4.128s] Installing detach_object script to /home/beingar/ros2_jazzy_ws/install/hri_manipulation/lib/hri_manipulation
[4.128s] Installing fake_object_pose script to /home/beingar/ros2_jazzy_ws/install/hri_manipulation/lib/hri_manipulation
[4.129s] Installing ik_node script to /home/beingar/ros2_jazzy_ws/install/hri_manipulation/lib/hri_manipulation
[4.129s] Installing jacobian_torque_node script to /home/beingar/ros2_jazzy_ws/install/hri_manipulation/lib/hri_manipulation
[4.129s] Installing pick_place_fsm script to /home/beingar/ros2_jazzy_ws/install/hri_manipulation/lib/hri_manipulation
[4.130s] Installing planar_arm script to /home/beingar/ros2_jazzy_ws/install/hri_manipulation/lib/hri_manipulation
[4.131s] Installing pose_sender script to /home/beingar/ros2_jazzy_ws/install/hri_manipulation/lib/hri_manipulation
[4.132s] 
[4.132s] Installed /home/beingar/ros2_jazzy_ws/build/hri_manipulation
[4.132s] running symlink_data
[4.133s] creating /home/beingar/ros2_jazzy_ws/install/hri_manipulation/share/ament_index
[4.133s] creating /home/beingar/ros2_jazzy_ws/install/hri_manipulation/share/ament_index/resource_index
[4.133s] creating /home/beingar/ros2_jazzy_ws/install/hri_manipulation/share/ament_index/resource_index/packages
[4.133s] symbolically linking /home/beingar/ros2_jazzy_ws/build/hri_manipulation/resource/hri_manipulation -> /home/beingar/ros2_jazzy_ws/install/hri_manipulation/share/ament_index/resource_index/packages
[4.133s] symbolically linking /home/beingar/ros2_jazzy_ws/build/hri_manipulation/package.xml -> /home/beingar/ros2_jazzy_ws/install/hri_manipulation/share/hri_manipulation
[4.208s] Invoked command in '/home/beingar/ros2_jazzy_ws/build/hri_manipulation' returned '0': DEBUGINFOD_URLS=https://debuginfod.ubuntu.com PYTHONPATH=/home/beingar/ros2_jazzy_ws/build/hri_manipulation/prefix_override:/usr/lib/python3/dist-packages/colcon_core/task/python/colcon_distutils_commands:/home/beingar/ros2_jazzy_ws/install/hri_manipulation/lib/python3.12/site-packages:${PYTHONPATH} /usr/bin/python3 -W ignore:setup.py install is deprecated -W ignore:easy_install command is deprecated setup.py develop --editable --build-directory /home/beingar/ros2_jazzy_ws/build/hri_manipulation/build --no-deps symlink_data
