[0.330s] DEBUG:colcon:Command line arguments: ['/usr/bin/colcon', 'build', '--symlink-install']
[0.330s] DEBUG:colcon:Parsed command line arguments: Namespace(log_base=None, log_level=None, verb_name='build', build_base='build', install_base='install', merge_install=False, symlink_install=True, test_result_base=None, continue_on_error=False, executor='parallel', parallel_workers=4, event_handlers=None, ignore_user_meta=False, metas=['./colcon.meta'], base_paths=['.'], packages_ignore=None, packages_ignore_regex=None, paths=None, packages_up_to=None, packages_up_to_regex=None, packages_above=None, packages_above_and_dependencies=None, packages_above_depth=None, packages_select_by_dep=None, packages_skip_by_dep=None, packages_skip_up_to=None, packages_select_build_failed=False, packages_skip_build_finished=False, packages_select_test_failures=False, packages_skip_test_passed=False, packages_select=None, packages_skip=None, packages_select_regex=None, packages_skip_regex=None, packages_start=None, packages_end=None, allow_overriding=[], cmake_args=None, cmake_target=None, cmake_target_skip_unavailable=False, cmake_clean_cache=False, cmake_clean_first=False, cmake_force_configure=False, ament_cmake_args=None, catkin_cmake_args=None, catkin_skip_building_tests=False, mixin_files=None, mixin=None, verb_parser=<colcon_mixin.mixin.mixin_argument.MixinArgumentDecorator object at 0x78547aac16a0>, verb_extension=<colcon_core.verb.build.BuildVerb object at 0x78547aac12e0>, main=<bound method BuildVerb.main of <colcon_core.verb.build.BuildVerb object at 0x78547aac12e0>>, mixin_verb=('build',))
[0.423s] Level 1:colcon.colcon_core.package_discovery:discover_packages(colcon_meta) check parameters
[0.423s] Level 1:colcon.colcon_core.package_discovery:discover_packages(recursive) check parameters
[0.423s] Level 1:colcon.colcon_core.package_discovery:discover_packages(ignore) check parameters
[0.423s] Level 1:colcon.colcon_core.package_discovery:discover_packages(path) check parameters
[0.423s] Level 1:colcon.colcon_core.package_discovery:discover_packages(colcon_meta) discover
[0.424s] Level 1:colcon.colcon_core.package_discovery:discover_packages(recursive) discover
[0.424s] INFO:colcon.colcon_core.package_discovery:Crawling recursively for packages in '/home/beingar/ros2_jazzy_ws'
[0.424s] Level 1:colcon.colcon_core.package_identification:_identify(.) by extensions ['ignore', 'ignore_ament_install']
[0.424s] Level 1:colcon.colcon_core.package_identification:_identify(.) by extension 'ignore'
[0.424s] Level 1:colcon.colcon_core.package_identification:_identify(.) by extension 'ignore_ament_install'
[0.424s] Level 1:colcon.colcon_core.package_identification:_identify(.) by extensions ['colcon_pkg']
[0.424s] Level 1:colcon.colcon_core.package_identification:_identify(.) by extension 'colcon_pkg'
[0.425s] Level 1:colcon.colcon_core.package_identification:_identify(.) by extensions ['colcon_meta']
[0.425s] Level 1:colcon.colcon_core.package_identification:_identify(.) by extension 'colcon_meta'
[0.425s] Level 1:colcon.colcon_core.package_identification:_identify(.) by extensions ['ros']
[0.425s] Level 1:colcon.colcon_core.package_identification:_identify(.) by extension 'ros'
[0.501s] Level 1:colcon.colcon_core.package_identification:_identify(.) by extensions ['cmake', 'python']
[0.501s] Level 1:colcon.colcon_core.package_identification:_identify(.) by extension 'cmake'
[0.501s] Level 1:colcon.colcon_core.package_identification:_identify(.) by extension 'python'
[0.501s] Level 1:colcon.colcon_core.package_identification:_identify(.) by extensions ['python_setup_py']
[0.501s] Level 1:colcon.colcon_core.package_identification:_identify(.) by extension 'python_setup_py'
[0.502s] Level 1:colcon.colcon_core.package_identification:_identify(build) by extensions ['ignore', 'ignore_ament_install']
[0.502s] Level 1:colcon.colcon_core.package_identification:_identify(build) by extension 'ignore'
[0.502s] Level 1:colcon.colcon_core.package_identification:_identify(build) ignored
[0.502s] Level 1:colcon.colcon_core.package_identification:_identify(install) by extensions ['ignore', 'ignore_ament_install']
[0.503s] Level 1:colcon.colcon_core.package_identification:_identify(install) by extension 'ignore'
[0.503s] Level 1:colcon.colcon_core.package_identification:_identify(install) ignored
[0.503s] Level 1:colcon.colcon_core.package_identification:_identify(log) by extensions ['ignore', 'ignore_ament_install']
[0.503s] Level 1:colcon.colcon_core.package_identification:_identify(log) by extension 'ignore'
[0.503s] Level 1:colcon.colcon_core.package_identification:_identify(log) ignored
[0.503s] Level 1:colcon.colcon_core.package_identification:_identify(src) by extensions ['ignore', 'ignore_ament_install']
[0.504s] Level 1:colcon.colcon_core.package_identification:_identify(src) by extension 'ignore'
[0.504s] Level 1:colcon.colcon_core.package_identification:_identify(src) by extension 'ignore_ament_install'
[0.504s] Level 1:colcon.colcon_core.package_identification:_identify(src) by extensions ['colcon_pkg']
[0.504s] Level 1:colcon.colcon_core.package_identification:_identify(src) by extension 'colcon_pkg'
[0.504s] Level 1:colcon.colcon_core.package_identification:_identify(src) by extensions ['colcon_meta']
[0.504s] Level 1:colcon.colcon_core.package_identification:_identify(src) by extension 'colcon_meta'
[0.504s] Level 1:colcon.colcon_core.package_identification:_identify(src) by extensions ['ros']
[0.504s] Level 1:colcon.colcon_core.package_identification:_identify(src) by extension 'ros'
[0.504s] Level 1:colcon.colcon_core.package_identification:_identify(src) by extensions ['cmake', 'python']
[0.504s] Level 1:colcon.colcon_core.package_identification:_identify(src) by extension 'cmake'
[0.505s] Level 1:colcon.colcon_core.package_identification:_identify(src) by extension 'python'
[0.505s] Level 1:colcon.colcon_core.package_identification:_identify(src) by extensions ['python_setup_py']
[0.505s] Level 1:colcon.colcon_core.package_identification:_identify(src) by extension 'python_setup_py'
[0.505s] Level 1:colcon.colcon_core.package_identification:_identify(src/ur5e-moveit2-pick-place) by extensions ['ignore', 'ignore_ament_install']
[0.505s] Level 1:colcon.colcon_core.package_identification:_identify(src/ur5e-moveit2-pick-place) by extension 'ignore'
[0.505s] Level 1:colcon.colcon_core.package_identification:_identify(src/ur5e-moveit2-pick-place) by extension 'ignore_ament_install'
[0.505s] Level 1:colcon.colcon_core.package_identification:_identify(src/ur5e-moveit2-pick-place) by extensions ['colcon_pkg']
[0.505s] Level 1:colcon.colcon_core.package_identification:_identify(src/ur5e-moveit2-pick-place) by extension 'colcon_pkg'
[0.506s] Level 1:colcon.colcon_core.package_identification:_identify(src/ur5e-moveit2-pick-place) by extensions ['colcon_meta']
[0.506s] Level 1:colcon.colcon_core.package_identification:_identify(src/ur5e-moveit2-pick-place) by extension 'colcon_meta'
[0.506s] Level 1:colcon.colcon_core.package_identification:_identify(src/ur5e-moveit2-pick-place) by extensions ['ros']
[0.506s] Level 1:colcon.colcon_core.package_identification:_identify(src/ur5e-moveit2-pick-place) by extension 'ros'
[0.511s] DEBUG:colcon.colcon_core.package_identification:Package 'src/ur5e-moveit2-pick-place' with type 'ros.ament_python' and name 'hri_manipulation'
[0.511s] Level 1:colcon.colcon_core.package_discovery:discover_packages(recursive) using defaults
[0.511s] Level 1:colcon.colcon_core.package_discovery:discover_packages(ignore) discover
[0.511s] Level 1:colcon.colcon_core.package_discovery:discover_packages(ignore) using defaults
[0.511s] Level 1:colcon.colcon_core.package_discovery:discover_packages(path) discover
[0.511s] Level 1:colcon.colcon_core.package_discovery:discover_packages(path) using defaults
[0.552s] Level 1:colcon.colcon_core.package_discovery:discover_packages(prefix_path) check parameters
[0.552s] Level 1:colcon.colcon_core.package_discovery:discover_packages(prefix_path) discover
[0.560s] DEBUG:colcon.colcon_installed_package_information.package_discovery:Found 442 installed packages in /opt/ros/jazzy
[0.563s] Level 1:colcon.colcon_core.package_discovery:discover_packages(prefix_path) using defaults
[0.684s] Level 5:colcon.colcon_core.verb:set package 'hri_manipulation' build argument 'cmake_args' from command line to 'None'
[0.685s] Level 5:colcon.colcon_core.verb:set package 'hri_manipulation' build argument 'cmake_target' from command line to 'None'
[0.685s] Level 5:colcon.colcon_core.verb:set package 'hri_manipulation' build argument 'cmake_target_skip_unavailable' from command line to 'False'
[0.685s] Level 5:colcon.colcon_core.verb:set package 'hri_manipulation' build argument 'cmake_clean_cache' from command line to 'False'
[0.685s] Level 5:colcon.colcon_core.verb:set package 'hri_manipulation' build argument 'cmake_clean_first' from command line to 'False'
[0.685s] Level 5:colcon.colcon_core.verb:set package 'hri_manipulation' build argument 'cmake_force_configure' from command line to 'False'
[0.685s] Level 5:colcon.colcon_core.verb:set package 'hri_manipulation' build argument 'ament_cmake_args' from command line to 'None'
[0.685s] Level 5:colcon.colcon_core.verb:set package 'hri_manipulation' build argument 'catkin_cmake_args' from command line to 'None'
[0.685s] Level 5:colcon.colcon_core.verb:set package 'hri_manipulation' build argument 'catkin_skip_building_tests' from command line to 'False'
[0.685s] DEBUG:colcon.colcon_core.verb:Building package 'hri_manipulation' with the following arguments: {'ament_cmake_args': None, 'build_base': '/home/beingar/ros2_jazzy_ws/build/hri_manipulation', 'catkin_cmake_args': None, 'catkin_skip_building_tests': False, 'cmake_args': None, 'cmake_clean_cache': False, 'cmake_clean_first': False, 'cmake_force_configure': False, 'cmake_target': None, 'cmake_target_skip_unavailable': False, 'install_base': '/home/beingar/ros2_jazzy_ws/install/hri_manipulation', 'merge_install': False, 'path': '/home/beingar/ros2_jazzy_ws/src/ur5e-moveit2-pick-place', 'symlink_install': True, 'test_result_base': None}
[0.685s] INFO:colcon.colcon_core.executor:Executing jobs using 'parallel' executor
[0.686s] DEBUG:colcon.colcon_parallel_executor.executor.parallel:run_until_complete
[0.687s] INFO:colcon.colcon_ros.task.ament_python.build:Building ROS package in '/home/beingar/ros2_jazzy_ws/src/ur5e-moveit2-pick-place' with build type 'ament_python'
[0.687s] Level 1:colcon.colcon_core.shell:create_environment_hook('hri_manipulation', 'ament_prefix_path')
[0.692s] INFO:colcon.colcon_core.plugin_system:Skipping extension 'colcon_core.shell.bat': Not used on non-Windows systems
[0.693s] INFO:colcon.colcon_core.shell:Creating environment hook '/home/beingar/ros2_jazzy_ws/install/hri_manipulation/share/hri_manipulation/hook/ament_prefix_path.ps1'
[0.695s] INFO:colcon.colcon_core.shell:Creating environment descriptor '/home/beingar/ros2_jazzy_ws/install/hri_manipulation/share/hri_manipulation/hook/ament_prefix_path.dsv'
[0.696s] INFO:colcon.colcon_core.shell:Creating environment hook '/home/beingar/ros2_jazzy_ws/install/hri_manipulation/share/hri_manipulation/hook/ament_prefix_path.sh'
[0.698s] INFO:colcon.colcon_core.shell:Skip shell extension 'powershell' for command environment: Not usable outside of PowerShell
[0.698s] DEBUG:colcon.colcon_core.shell:Skip shell extension 'dsv' for command environment
[1.338s] INFO:colcon.colcon_core.task.python.build:Building Python package in '/home/beingar/ros2_jazzy_ws/src/ur5e-moveit2-pick-place'
[1.338s] INFO:colcon.colcon_core.shell:Skip shell extension 'powershell' for command environment: Not usable outside of PowerShell
[1.338s] DEBUG:colcon.colcon_core.shell:Skip shell extension 'dsv' for command environment
[3.013s] DEBUG:colcon.colcon_core.event_handler.log_command:Invoking command in '/home/beingar/ros2_jazzy_ws/build/hri_manipulation': DEBUGINFOD_URLS=https://debuginfod.ubuntu.com PYTHONPATH=/home/beingar/ros2_jazzy_ws/build/hri_manipulation/prefix_override:/usr/lib/python3/dist-packages/colcon_core/task/python/colcon_distutils_commands:/home/beingar/ros2_jazzy_ws/install/hri_manipulation/lib/python3.12/site-packages:${PYTHONPATH} /usr/bin/python3 -W ignore:setup.py install is deprecated -W ignore:easy_install command is deprecated setup.py develop --editable --build-directory /home/beingar/ros2_jazzy_ws/build/hri_manipulation/build --no-deps symlink_data
[4.895s] Level 1:colcon.colcon_core.shell:create_environment_hook('hri_manipulation', 'pythonpath_develop')
[4.895s] INFO:colcon.colcon_core.shell:Creating environment hook '/home/beingar/ros2_jazzy_ws/build/hri_manipulation/share/hri_manipulation/hook/pythonpath_develop.ps1'
[4.896s] DEBUG:colcon.colcon_core.event_handler.log_command:Invoked command in '/home/beingar/ros2_jazzy_ws/build/hri_manipulation' returned '0': DEBUGINFOD_URLS=https://debuginfod.ubuntu.com PYTHONPATH=/home/beingar/ros2_jazzy_ws/build/hri_manipulation/prefix_override:/usr/lib/python3/dist-packages/colcon_core/task/python/colcon_distutils_commands:/home/beingar/ros2_jazzy_ws/install/hri_manipulation/lib/python3.12/site-packages:${PYTHONPATH} /usr/bin/python3 -W ignore:setup.py install is deprecated -W ignore:easy_install command is deprecated setup.py develop --editable --build-directory /home/beingar/ros2_jazzy_ws/build/hri_manipulation/build --no-deps symlink_data
[4.897s] INFO:colcon.colcon_core.shell:Creating environment descriptor '/home/beingar/ros2_jazzy_ws/build/hri_manipulation/share/hri_manipulation/hook/pythonpath_develop.dsv'
[4.898s] INFO:colcon.colcon_core.shell:Creating environment hook '/home/beingar/ros2_jazzy_ws/build/hri_manipulation/share/hri_manipulation/hook/pythonpath_develop.sh'
[4.989s] Level 1:colcon.colcon_core.environment:checking '/home/beingar/ros2_jazzy_ws/install/hri_manipulation' for CMake module files
[4.990s] Level 1:colcon.colcon_core.environment:checking '/home/beingar/ros2_jazzy_ws/install/hri_manipulation' for CMake config files
[4.992s] Level 1:colcon.colcon_core.environment:checking '/home/beingar/ros2_jazzy_ws/install/hri_manipulation/lib'
[4.993s] Level 1:colcon.colcon_core.environment:checking '/home/beingar/ros2_jazzy_ws/install/hri_manipulation/bin'
[4.993s] Level 1:colcon.colcon_core.environment:checking '/home/beingar/ros2_jazzy_ws/install/hri_manipulation/lib/pkgconfig/hri_manipulation.pc'
[4.994s] Level 1:colcon.colcon_core.environment:checking '/home/beingar/ros2_jazzy_ws/install/hri_manipulation/lib/python3.12/site-packages'
[4.994s] Level 1:colcon.colcon_core.shell:create_environment_hook('hri_manipulation', 'pythonpath')
[4.994s] INFO:colcon.colcon_core.shell:Creating environment hook '/home/beingar/ros2_jazzy_ws/install/hri_manipulation/share/hri_manipulation/hook/pythonpath.ps1'
[4.996s] INFO:colcon.colcon_core.shell:Creating environment descriptor '/home/beingar/ros2_jazzy_ws/install/hri_manipulation/share/hri_manipulation/hook/pythonpath.dsv'
[4.997s] INFO:colcon.colcon_core.shell:Creating environment hook '/home/beingar/ros2_jazzy_ws/install/hri_manipulation/share/hri_manipulation/hook/pythonpath.sh'
[4.999s] Level 1:colcon.colcon_core.environment:checking '/home/beingar/ros2_jazzy_ws/install/hri_manipulation/bin'
[4.999s] Level 1:colcon.colcon_core.environment:create_environment_scripts_only(hri_manipulation)
[5.000s] INFO:colcon.colcon_core.shell:Creating package script '/home/beingar/ros2_jazzy_ws/install/hri_manipulation/share/hri_manipulation/package.ps1'
[5.019s] INFO:colcon.colcon_core.shell:Creating package descriptor '/home/beingar/ros2_jazzy_ws/install/hri_manipulation/share/hri_manipulation/package.dsv'
[5.032s] INFO:colcon.colcon_core.shell:Creating package script '/home/beingar/ros2_jazzy_ws/install/hri_manipulation/share/hri_manipulation/package.sh'
[5.037s] INFO:colcon.colcon_core.shell:Creating package script '/home/beingar/ros2_jazzy_ws/install/hri_manipulation/share/hri_manipulation/package.bash'
[5.057s] INFO:colcon.colcon_core.shell:Creating package script '/home/beingar/ros2_jazzy_ws/install/hri_manipulation/share/hri_manipulation/package.zsh'
[5.071s] Level 1:colcon.colcon_core.environment:create_file_with_runtime_dependencies(/home/beingar/ros2_jazzy_ws/install/hri_manipulation/share/colcon-core/packages/hri_manipulation)
[5.072s] DEBUG:colcon.colcon_parallel_executor.executor.parallel:closing loop
[5.074s] DEBUG:colcon.colcon_parallel_executor.executor.parallel:loop closed
[5.075s] DEBUG:colcon.colcon_parallel_executor.executor.parallel:run_until_complete finished with '0'
[5.076s] DEBUG:colcon.colcon_core.event_reactor:joining thread
[5.115s] INFO:colcon.colcon_core.plugin_system:Skipping extension 'colcon_notification.desktop_notification.terminal_notifier': Not used on non-Darwin systems
[5.116s] INFO:colcon.colcon_core.plugin_system:Skipping extension 'colcon_notification.desktop_notification.win32': Not used on non-Windows systems
[5.116s] INFO:colcon.colcon_notification.desktop_notification:Sending desktop notification using 'notify2'
[5.163s] DEBUG:colcon.colcon_core.event_reactor:joined thread
[5.164s] INFO:colcon.colcon_core.shell:Creating prefix script '/home/beingar/ros2_jazzy_ws/install/local_setup.ps1'
[5.167s] INFO:colcon.colcon_core.shell:Creating prefix util module '/home/beingar/ros2_jazzy_ws/install/_local_setup_util_ps1.py'
[5.173s] INFO:colcon.colcon_core.shell:Creating prefix chain script '/home/beingar/ros2_jazzy_ws/install/setup.ps1'
[5.177s] INFO:colcon.colcon_core.shell:Creating prefix script '/home/beingar/ros2_jazzy_ws/install/local_setup.sh'
[5.179s] INFO:colcon.colcon_core.shell:Creating prefix util module '/home/beingar/ros2_jazzy_ws/install/_local_setup_util_sh.py'
[5.181s] INFO:colcon.colcon_core.shell:Creating prefix chain script '/home/beingar/ros2_jazzy_ws/install/setup.sh'
[5.186s] INFO:colcon.colcon_core.shell:Creating prefix script '/home/beingar/ros2_jazzy_ws/install/local_setup.bash'
[5.189s] INFO:colcon.colcon_core.shell:Creating prefix chain script '/home/beingar/ros2_jazzy_ws/install/setup.bash'
[5.191s] INFO:colcon.colcon_core.shell:Creating prefix script '/home/beingar/ros2_jazzy_ws/install/local_setup.zsh'
[5.193s] INFO:colcon.colcon_core.shell:Creating prefix chain script '/home/beingar/ros2_jazzy_ws/install/setup.zsh'
