[0.195s] Invoking command in '/ros2_ws/src/UR5_Jazzy_Moveit2_Pick_Place/build/ur5_controller': CMAKE_PREFIX_PATH=/ros2_ws/install/ur5_pick_place:/opt/ros/humble /usr/bin/cmake /ros2_ws/src/UR5_Jazzy_Moveit2_Pick_Place/src/ur5_ws/src/ur5_controller -DCMAKE_INSTALL_PREFIX=/ros2_ws/src/UR5_Jazzy_Moveit2_Pick_Place/install/ur5_controller
[3.659s] -- The C compiler identification is GNU 11.4.0
[4.804s] -- The CXX compiler identification is GNU 11.4.0
[4.944s] -- Detecting C compiler ABI info
[5.625s] -- Detecting C compiler ABI info - done
[5.667s] -- Check for working C compiler: /usr/bin/cc - skipped
[5.671s] -- Detecting C compile features
[5.676s] -- Detecting C compile features - done
[5.709s] -- Detecting CXX compiler ABI info
[6.218s] -- Detecting CXX compiler ABI info - done
[6.262s] -- Check for working CXX compiler: /usr/bin/c++ - skipped
[6.263s] -- Detecting CXX compile features
[6.265s] -- Detecting CXX compile features - done
[6.351s] -- Found ament_cmake: 1.3.13 (/opt/ros/humble/share/ament_cmake/cmake)
[7.496s] -- Found Python3: /usr/bin/python3 (found version "3.10.12") found components: Interpreter 
[8.495s] -- Found ament_lint_auto: 0.12.15 (/opt/ros/humble/share/ament_lint_auto/cmake)
[9.147s] -- Added test 'flake8' to check Python code syntax and style conventions
[9.173s] -- Added test 'lint_cmake' to check CMake code style
[9.175s] -- Added test 'pep257' to check Python code against some of the docstring style conventions in PEP 257
[9.184s] -- Added test 'xmllint' to check XML markup files
[9.223s] -- Configuring done
[9.246s] -- Generating done
[9.255s] -- Build files have been written to: /ros2_ws/src/UR5_Jazzy_Moveit2_Pick_Place/build/ur5_controller
[9.277s] Invoked command in '/ros2_ws/src/UR5_Jazzy_Moveit2_Pick_Place/build/ur5_controller' returned '0': CMAKE_PREFIX_PATH=/ros2_ws/install/ur5_pick_place:/opt/ros/humble /usr/bin/cmake /ros2_ws/src/UR5_Jazzy_Moveit2_Pick_Place/src/ur5_ws/src/ur5_controller -DCMAKE_INSTALL_PREFIX=/ros2_ws/src/UR5_Jazzy_Moveit2_Pick_Place/install/ur5_controller
[9.284s] Invoking command in '/ros2_ws/src/UR5_Jazzy_Moveit2_Pick_Place/build/ur5_controller': CMAKE_PREFIX_PATH=/ros2_ws/install/ur5_pick_place:/opt/ros/humble /usr/bin/cmake --build /ros2_ws/src/UR5_Jazzy_Moveit2_Pick_Place/build/ur5_controller -- -j4 -l4
[9.500s] Invoked command in '/ros2_ws/src/UR5_Jazzy_Moveit2_Pick_Place/build/ur5_controller' returned '0': CMAKE_PREFIX_PATH=/ros2_ws/install/ur5_pick_place:/opt/ros/humble /usr/bin/cmake --build /ros2_ws/src/UR5_Jazzy_Moveit2_Pick_Place/build/ur5_controller -- -j4 -l4
[9.539s] Invoking command in '/ros2_ws/src/UR5_Jazzy_Moveit2_Pick_Place/build/ur5_controller': CMAKE_PREFIX_PATH=/ros2_ws/install/ur5_pick_place:/opt/ros/humble /usr/bin/cmake --install /ros2_ws/src/UR5_Jazzy_Moveit2_Pick_Place/build/ur5_controller
[9.583s] -- Install configuration: ""
[9.584s] -- Installing: /ros2_ws/src/UR5_Jazzy_Moveit2_Pick_Place/install/ur5_controller/share/ur5_controller/launch
[9.585s] -- Installing: /ros2_ws/src/UR5_Jazzy_Moveit2_Pick_Place/install/ur5_controller/share/ur5_controller/launch/controller.launch.py
[9.623s] -- Installing: /ros2_ws/src/UR5_Jazzy_Moveit2_Pick_Place/install/ur5_controller/share/ur5_controller/config
[9.625s] -- Installing: /ros2_ws/src/UR5_Jazzy_Moveit2_Pick_Place/install/ur5_controller/share/ur5_controller/config/ros2_controllers.yaml
[9.629s] -- Installing: /ros2_ws/src/UR5_Jazzy_Moveit2_Pick_Place/install/ur5_controller/share/ament_index/resource_index/package_run_dependencies/ur5_controller
[9.629s] -- Installing: /ros2_ws/src/UR5_Jazzy_Moveit2_Pick_Place/install/ur5_controller/share/ament_index/resource_index/parent_prefix_path/ur5_controller
[9.629s] -- Installing: /ros2_ws/src/UR5_Jazzy_Moveit2_Pick_Place/install/ur5_controller/share/ur5_controller/environment/ament_prefix_path.sh
[9.630s] -- Installing: /ros2_ws/src/UR5_Jazzy_Moveit2_Pick_Place/install/ur5_controller/share/ur5_controller/environment/ament_prefix_path.dsv
[9.631s] -- Installing: /ros2_ws/src/UR5_Jazzy_Moveit2_Pick_Place/install/ur5_controller/share/ur5_controller/environment/path.sh
[9.631s] -- Installing: /ros2_ws/src/UR5_Jazzy_Moveit2_Pick_Place/install/ur5_controller/share/ur5_controller/environment/path.dsv
[9.632s] -- Installing: /ros2_ws/src/UR5_Jazzy_Moveit2_Pick_Place/install/ur5_controller/share/ur5_controller/local_setup.bash
[9.633s] -- Installing: /ros2_ws/src/UR5_Jazzy_Moveit2_Pick_Place/install/ur5_controller/share/ur5_controller/local_setup.sh
[9.633s] -- Installing: /ros2_ws/src/UR5_Jazzy_Moveit2_Pick_Place/install/ur5_controller/share/ur5_controller/local_setup.zsh
[9.634s] -- Installing: /ros2_ws/src/UR5_Jazzy_Moveit2_Pick_Place/install/ur5_controller/share/ur5_controller/local_setup.dsv
[9.635s] -- Installing: /ros2_ws/src/UR5_Jazzy_Moveit2_Pick_Place/install/ur5_controller/share/ur5_controller/package.dsv
[9.636s] -- Installing: /ros2_ws/src/UR5_Jazzy_Moveit2_Pick_Place/install/ur5_controller/share/ament_index/resource_index/packages/ur5_controller
[9.637s] -- Installing: /ros2_ws/src/UR5_Jazzy_Moveit2_Pick_Place/install/ur5_controller/share/ur5_controller/cmake/ur5_controllerConfig.cmake
[9.638s] -- Installing: /ros2_ws/src/UR5_Jazzy_Moveit2_Pick_Place/install/ur5_controller/share/ur5_controller/cmake/ur5_controllerConfig-version.cmake
[9.639s] -- Installing: /ros2_ws/src/UR5_Jazzy_Moveit2_Pick_Place/install/ur5_controller/share/ur5_controller/package.xml
[9.650s] Invoked command in '/ros2_ws/src/UR5_Jazzy_Moveit2_Pick_Place/build/ur5_controller' returned '0': CMAKE_PREFIX_PATH=/ros2_ws/install/ur5_pick_place:/opt/ros/humble /usr/bin/cmake --install /ros2_ws/src/UR5_Jazzy_Moveit2_Pick_Place/build/ur5_controller
