[1.374s] Invoking command in '/ros2_ws/src/UR5_Jazzy_Moveit2_Pick_Place/src/ur5_pick_place': PYTHONPATH=/ros2_ws/src/UR5_Jazzy_Moveit2_Pick_Place/build/ur5_pick_place/prefix_override:/usr/lib/python3/dist-packages/colcon_core/task/python/colcon_distutils_commands:/ros2_ws/src/UR5_Jazzy_Moveit2_Pick_Place/install/ur5_pick_place/lib/python3.10/site-packages:${PYTHONPATH} /usr/bin/python3 -W ignore:setup.py install is deprecated -W ignore:easy_install command is deprecated setup.py egg_info --egg-base ../../build/ur5_pick_place build --build-base /ros2_ws/src/UR5_Jazzy_Moveit2_Pick_Place/build/ur5_pick_place/build install --record /ros2_ws/src/UR5_Jazzy_Moveit2_Pick_Place/build/ur5_pick_place/install.log --single-version-externally-managed install_data
[1.842s] running egg_info
[1.843s] writing ../../build/ur5_pick_place/ur5_pick_place.egg-info/PKG-INFO
[1.844s] writing dependency_links to ../../build/ur5_pick_place/ur5_pick_place.egg-info/dependency_links.txt
[1.845s] writing entry points to ../../build/ur5_pick_place/ur5_pick_place.egg-info/entry_points.txt
[1.845s] writing requirements to ../../build/ur5_pick_place/ur5_pick_place.egg-info/requires.txt
[1.845s] writing top-level names to ../../build/ur5_pick_place/ur5_pick_place.egg-info/top_level.txt
[1.850s] reading manifest file '../../build/ur5_pick_place/ur5_pick_place.egg-info/SOURCES.txt'
[1.865s] writing manifest file '../../build/ur5_pick_place/ur5_pick_place.egg-info/SOURCES.txt'
[1.865s] running build
[1.865s] running build_py
[1.867s] running install
[1.868s] running install_lib
[1.874s] running install_data
[1.874s] running install_egg_info
[1.878s] removing '/ros2_ws/src/UR5_Jazzy_Moveit2_Pick_Place/install/ur5_pick_place/lib/python3.10/site-packages/ur5_pick_place-2.0.0-py3.10.egg-info' (and everything under it)
[1.878s] Copying ../../build/ur5_pick_place/ur5_pick_place.egg-info to /ros2_ws/src/UR5_Jazzy_Moveit2_Pick_Place/install/ur5_pick_place/lib/python3.10/site-packages/ur5_pick_place-2.0.0-py3.10.egg-info
[1.880s] running install_scripts
[1.921s] Installing add_object_legacy script to /ros2_ws/src/UR5_Jazzy_Moveit2_Pick_Place/install/ur5_pick_place/lib/ur5_pick_place
[1.923s] Installing fake_object_pose_legacy script to /ros2_ws/src/UR5_Jazzy_Moveit2_Pick_Place/install/ur5_pick_place/lib/ur5_pick_place
[1.923s] Installing joint_state_pub_legacy script to /ros2_ws/src/UR5_Jazzy_Moveit2_Pick_Place/install/ur5_pick_place/lib/ur5_pick_place
[1.924s] Installing pick_place_node script to /ros2_ws/src/UR5_Jazzy_Moveit2_Pick_Place/install/ur5_pick_place/lib/ur5_pick_place
[1.924s] Installing pick_place_node_legacy script to /ros2_ws/src/UR5_Jazzy_Moveit2_Pick_Place/install/ur5_pick_place/lib/ur5_pick_place
[1.924s] Installing pose_sender script to /ros2_ws/src/UR5_Jazzy_Moveit2_Pick_Place/install/ur5_pick_place/lib/ur5_pick_place
[1.924s] Installing pose_sender_legacy script to /ros2_ws/src/UR5_Jazzy_Moveit2_Pick_Place/install/ur5_pick_place/lib/ur5_pick_place
[1.925s] writing list of installed files to '/ros2_ws/src/UR5_Jazzy_Moveit2_Pick_Place/build/ur5_pick_place/install.log'
[1.969s] Invoked command in '/ros2_ws/src/UR5_Jazzy_Moveit2_Pick_Place/src/ur5_pick_place' returned '0': PYTHONPATH=/ros2_ws/src/UR5_Jazzy_Moveit2_Pick_Place/build/ur5_pick_place/prefix_override:/usr/lib/python3/dist-packages/colcon_core/task/python/colcon_distutils_commands:/ros2_ws/src/UR5_Jazzy_Moveit2_Pick_Place/install/ur5_pick_place/lib/python3.10/site-packages:${PYTHONPATH} /usr/bin/python3 -W ignore:setup.py install is deprecated -W ignore:easy_install command is deprecated setup.py egg_info --egg-base ../../build/ur5_pick_place build --build-base /ros2_ws/src/UR5_Jazzy_Moveit2_Pick_Place/build/ur5_pick_place/build install --record /ros2_ws/src/UR5_Jazzy_Moveit2_Pick_Place/build/ur5_pick_place/install.log --single-version-externally-managed install_data
