[0.055s] Invoking command in '/home/beingar/ros2_jazzy_ws/build/hello_moveit': CMAKE_PREFIX_PATH=${CMAKE_PREFIX_PATH}:/home/beingar/ros2_jazzy_ws/install/hri_manipulation:/opt/ros/jazzy DEBUGINFOD_URLS=https://debuginfod.ubuntu.com /usr/bin/cmake /home/beingar/ros2_jazzy_ws/src/ur5_ws/src/hello_moveit -DAMENT_CMAKE_SYMLINK_INSTALL=1 -DCMAKE_INSTALL_PREFIX=/home/beingar/ros2_jazzy_ws/install/hello_moveit
[1.655s] -- The C compiler identification is GNU 13.3.0
[3.013s] -- The CXX compiler identification is GNU 13.3.0
[3.166s] -- Detecting C compiler ABI info
[3.578s] -- Detecting C compiler ABI info - done
[3.622s] -- Check for working C compiler: /usr/bin/cc - skipped
[3.624s] -- Detecting C compile features
[3.626s] -- Detecting C compile features - done
[3.680s] -- Detecting CXX compiler ABI info
[4.105s] -- Detecting CXX compiler ABI info - done
[4.146s] -- Check for working CXX compiler: /usr/bin/c++ - skipped
[4.147s] -- Detecting CXX compile features
[4.148s] -- Detecting CXX compile features - done
[4.675s] -- Found ament_cmake: 2.5.5 (/opt/ros/jazzy/share/ament_cmake/cmake)
[5.858s] -- Found Python3: /usr/bin/python3 (found version "3.12.3") found components: Interpreter 
[6.245s] -- Override CMake install command with custom implementation using symlinks instead of copying resources
[6.980s] -- Found moveit_ros_planning_interface: 2.12.4 (/opt/ros/jazzy/share/moveit_ros_planning_interface/cmake)
[8.649s] -- Found Boost: /usr/lib/x86_64-linux-gnu/cmake/Boost-1.83.0/BoostConfig.cmake (found version "1.83.0") found components: date_time filesystem program_options system thread 
[9.802s] -- Found rosidl_generator_c: 4.6.7 (/opt/ros/jazzy/share/rosidl_generator_c/cmake)
[9.921s] -- Found rosidl_generator_cpp: 4.6.7 (/opt/ros/jazzy/share/rosidl_generator_cpp/cmake)
[10.350s] -- Using all available rosidl_typesupport_c: rosidl_typesupport_fastrtps_c;rosidl_typesupport_introspection_c
[10.539s] -- Using all available rosidl_typesupport_cpp: rosidl_typesupport_fastrtps_cpp;rosidl_typesupport_introspection_cpp
[12.381s] -- Found Boost: /usr/lib/x86_64-linux-gnu/cmake/Boost-1.83.0/BoostConfig.cmake (found version "1.83.0") found components: chrono date_time filesystem iostreams program_options regex serialization system thread 
[13.427s] -- Found parameter_traits: 0.6.0 (/opt/ros/jazzy/share/parameter_traits/cmake)
[13.924s] -- Found rmw_implementation_cmake: 7.3.3 (/opt/ros/jazzy/share/rmw_implementation_cmake/cmake)
[13.939s] -- Found rmw_fastrtps_cpp: 8.4.3 (/opt/ros/jazzy/share/rmw_fastrtps_cpp/cmake)
[14.721s] -- Found OpenSSL: /usr/lib/x86_64-linux-gnu/libcrypto.so (found version "3.0.13")  
[14.877s] -- Found FastRTPS: /opt/ros/jazzy/include (Required is at least version "2.13") 
[15.035s] -- Using RMW implementation 'rmw_fastrtps_cpp' as default
[15.575s] -- Found rclcpp_lifecycle: 28.1.16 (/opt/ros/jazzy/share/rclcpp_lifecycle/cmake)
[15.909s] -- Found Boost: /usr/lib/x86_64-linux-gnu/cmake/Boost-1.83.0/BoostConfig.cmake (found version "1.83.0") found components: filesystem 
[16.590s] -- Found Eigen3: TRUE (found version "3.4.0") 
[16.590s] -- Ensuring Eigen3 include directory is part of orocos-kdl CMake target
[17.999s] -- Found Boost: /usr/lib/x86_64-linux-gnu/cmake/Boost-1.83.0/BoostConfig.cmake (found version "1.83.0") found components: system filesystem date_time program_options thread chrono 
[18.180s] -- Found Boost: /usr/lib/x86_64-linux-gnu/cmake/Boost-1.83.0/BoostConfig.cmake (found version "1.83.0") found components: thread system filesystem regex date_time program_options 
[18.384s] -- Found Boost: /usr/lib/x86_64-linux-gnu/cmake/Boost-1.83.0/BoostConfig.cmake (found version "1.83.0") found components: system filesystem date_time program_options thread 
[18.622s] -- Found ament_lint_auto: 0.17.4 (/opt/ros/jazzy/share/ament_lint_auto/cmake)
[18.945s] -- Added test 'cppcheck' to perform static code analysis on C / C++ code
[18.945s] -- Configured cppcheck include dirs: $<BUILD_INTERFACE:/home/beingar/ros2_jazzy_ws/src/ur5_ws/src/hello_moveit/include>
[18.946s] -- Configured cppcheck exclude dirs and/or files: 
[18.948s] -- Added test 'lint_cmake' to check CMake code style
[18.951s] -- Added test 'uncrustify' to check C / C++ code style
[18.952s] -- Configured uncrustify additional arguments: 
[18.954s] -- Added test 'xmllint' to check XML markup files
[18.961s] -- Configuring done (18.5s)
[19.284s] -- Generating done (0.3s)
[19.319s] -- Build files have been written to: /home/beingar/ros2_jazzy_ws/build/hello_moveit
[19.372s] Invoked command in '/home/beingar/ros2_jazzy_ws/build/hello_moveit' returned '0': CMAKE_PREFIX_PATH=${CMAKE_PREFIX_PATH}:/home/beingar/ros2_jazzy_ws/install/hri_manipulation:/opt/ros/jazzy DEBUGINFOD_URLS=https://debuginfod.ubuntu.com /usr/bin/cmake /home/beingar/ros2_jazzy_ws/src/ur5_ws/src/hello_moveit -DAMENT_CMAKE_SYMLINK_INSTALL=1 -DCMAKE_INSTALL_PREFIX=/home/beingar/ros2_jazzy_ws/install/hello_moveit
[19.376s] Invoking command in '/home/beingar/ros2_jazzy_ws/build/hello_moveit': CMAKE_PREFIX_PATH=${CMAKE_PREFIX_PATH}:/home/beingar/ros2_jazzy_ws/install/hri_manipulation:/opt/ros/jazzy DEBUGINFOD_URLS=https://debuginfod.ubuntu.com /usr/bin/cmake --build /home/beingar/ros2_jazzy_ws/build/hello_moveit -- -j4 -l4
[19.515s] [ 50%] [32mBuilding CXX object CMakeFiles/hello_moveit.dir/src/hello_moveit.cpp.o[0m
[46.107s] [100%] [32m[1mLinking CXX executable hello_moveit[0m
[47.802s] [100%] Built target hello_moveit
[47.832s] Invoked command in '/home/beingar/ros2_jazzy_ws/build/hello_moveit' returned '0': CMAKE_PREFIX_PATH=${CMAKE_PREFIX_PATH}:/home/beingar/ros2_jazzy_ws/install/hri_manipulation:/opt/ros/jazzy DEBUGINFOD_URLS=https://debuginfod.ubuntu.com /usr/bin/cmake --build /home/beingar/ros2_jazzy_ws/build/hello_moveit -- -j4 -l4
[47.834s] Invoking command in '/home/beingar/ros2_jazzy_ws/build/hello_moveit': CMAKE_PREFIX_PATH=${CMAKE_PREFIX_PATH}:/home/beingar/ros2_jazzy_ws/install/hri_manipulation:/opt/ros/jazzy DEBUGINFOD_URLS=https://debuginfod.ubuntu.com /usr/bin/cmake --install /home/beingar/ros2_jazzy_ws/build/hello_moveit
[47.856s] -- Install configuration: ""
[47.858s] -- Execute custom install script
[47.859s] -- Symlinking: /home/beingar/ros2_jazzy_ws/install/hello_moveit/lib/hello_moveit/hello_moveit
[47.880s] -- Symlinking: /home/beingar/ros2_jazzy_ws/install/hello_moveit/share/ament_index/resource_index/package_run_dependencies/hello_moveit
[47.901s] -- Symlinking: /home/beingar/ros2_jazzy_ws/install/hello_moveit/share/ament_index/resource_index/parent_prefix_path/hello_moveit
[47.925s] -- Symlinking: /home/beingar/ros2_jazzy_ws/install/hello_moveit/share/hello_moveit/environment/ament_prefix_path.sh
[47.947s] -- Symlinking: /home/beingar/ros2_jazzy_ws/install/hello_moveit/share/hello_moveit/environment/ament_prefix_path.dsv
[47.969s] -- Symlinking: /home/beingar/ros2_jazzy_ws/install/hello_moveit/share/hello_moveit/environment/path.sh
[47.991s] -- Symlinking: /home/beingar/ros2_jazzy_ws/install/hello_moveit/share/hello_moveit/environment/path.dsv
[48.014s] -- Symlinking: /home/beingar/ros2_jazzy_ws/install/hello_moveit/share/hello_moveit/local_setup.bash
[48.035s] -- Symlinking: /home/beingar/ros2_jazzy_ws/install/hello_moveit/share/hello_moveit/local_setup.sh
[48.057s] -- Symlinking: /home/beingar/ros2_jazzy_ws/install/hello_moveit/share/hello_moveit/local_setup.zsh
[48.079s] -- Symlinking: /home/beingar/ros2_jazzy_ws/install/hello_moveit/share/hello_moveit/local_setup.dsv
[48.101s] -- Symlinking: /home/beingar/ros2_jazzy_ws/install/hello_moveit/share/hello_moveit/package.dsv
[48.124s] -- Symlinking: /home/beingar/ros2_jazzy_ws/install/hello_moveit/share/ament_index/resource_index/packages/hello_moveit
[48.145s] -- Symlinking: /home/beingar/ros2_jazzy_ws/install/hello_moveit/share/hello_moveit/cmake/hello_moveitConfig.cmake
[48.166s] -- Symlinking: /home/beingar/ros2_jazzy_ws/install/hello_moveit/share/hello_moveit/cmake/hello_moveitConfig-version.cmake
[48.188s] -- Symlinking: /home/beingar/ros2_jazzy_ws/install/hello_moveit/share/hello_moveit/package.xml
[48.213s] Invoked command in '/home/beingar/ros2_jazzy_ws/build/hello_moveit' returned '0': CMAKE_PREFIX_PATH=${CMAKE_PREFIX_PATH}:/home/beingar/ros2_jazzy_ws/install/hri_manipulation:/opt/ros/jazzy DEBUGINFOD_URLS=https://debuginfod.ubuntu.com /usr/bin/cmake --install /home/beingar/ros2_jazzy_ws/build/hello_moveit
