[0.776s] DEBUG:colcon:Command line arguments: ['/usr/bin/colcon', 'build', '--packages-select', 'ur5_pick_place']
[0.776s] DEBUG:colcon:Parsed command line arguments: Namespace(log_base=None, log_level=None, verb_name='build', build_base='build', install_base='install', merge_install=False, symlink_install=False, test_result_base=None, continue_on_error=False, executor='parallel', parallel_workers=4, event_handlers=None, ignore_user_meta=False, metas=['./colcon.meta'], base_paths=['.'], packages_ignore=None, packages_ignore_regex=None, paths=None, packages_up_to=None, packages_up_to_regex=None, packages_above=None, packages_above_and_dependencies=None, packages_above_depth=None, packages_select_by_dep=None, packages_skip_by_dep=None, packages_skip_up_to=None, packages_select_build_failed=False, packages_skip_build_finished=False, packages_select_test_failures=False, packages_skip_test_passed=False, packages_select=['ur5_pick_place'], packages_skip=None, packages_select_regex=None, packages_skip_regex=None, packages_start=None, packages_end=None, cmake_args=None, cmake_target=None, cmake_target_skip_unavailable=False, cmake_clean_cache=False, cmake_clean_first=False, cmake_force_configure=False, ament_cmake_args=None, catkin_cmake_args=None, catkin_skip_building_tests=False, mixin_files=None, mixin=None, verb_parser=<colcon_mixin.mixin.mixin_argument.MixinArgumentDecorator object at 0x75ae5301fe80>, verb_extension=<colcon_core.verb.build.BuildVerb object at 0x75ae5301f400>, main=<bound method BuildVerb.main of <colcon_core.verb.build.BuildVerb object at 0x75ae5301f400>>, mixin_verb=('build',))
[1.821s] Level 1:colcon.colcon_core.package_discovery:discover_packages(colcon_meta) check parameters
[1.825s] INFO:colcon.colcon_metadata.package_discovery.colcon_meta:Using configuration from '/root/.colcon/metadata/default/Gazebo.meta'
[1.829s] INFO:colcon.colcon_metadata.package_discovery.colcon_meta:Using configuration from '/root/.colcon/metadata/default/fastdds.meta'
[1.832s] INFO:colcon.colcon_metadata.package_discovery.colcon_meta:Using configuration from '/root/.colcon/metadata/default/fastrtps.meta'
[1.833s] Level 1:colcon.colcon_core.package_discovery:discover_packages(recursive) check parameters
[1.833s] Level 1:colcon.colcon_core.package_discovery:discover_packages(ignore) check parameters
[1.833s] Level 1:colcon.colcon_core.package_discovery:discover_packages(path) check parameters
[1.834s] Level 1:colcon.colcon_core.package_discovery:discover_packages(colcon_meta) discover
[1.834s] Level 1:colcon.colcon_core.package_discovery:discover_packages(recursive) discover
[1.834s] INFO:colcon.colcon_core.package_discovery:Crawling recursively for packages in '/ros2_ws/src/UR5_Jazzy_Moveit2_Pick_Place'
[1.835s] Level 1:colcon.colcon_core.package_identification:_identify(.) by extensions ['ignore', 'ignore_ament_install']
[1.835s] Level 1:colcon.colcon_core.package_identification:_identify(.) by extension 'ignore'
[1.836s] Level 1:colcon.colcon_core.package_identification:_identify(.) by extension 'ignore_ament_install'
[1.836s] Level 1:colcon.colcon_core.package_identification:_identify(.) by extensions ['colcon_pkg']
[1.837s] Level 1:colcon.colcon_core.package_identification:_identify(.) by extension 'colcon_pkg'
[1.837s] Level 1:colcon.colcon_core.package_identification:_identify(.) by extensions ['colcon_meta']
[1.837s] Level 1:colcon.colcon_core.package_identification:_identify(.) by extension 'colcon_meta'
[1.837s] Level 1:colcon.colcon_core.package_identification:_identify(.) by extensions ['ros']
[1.838s] Level 1:colcon.colcon_core.package_identification:_identify(.) by extension 'ros'
[1.913s] Level 1:colcon.colcon_core.package_identification:_identify(.) by extensions ['cmake', 'python']
[1.914s] Level 1:colcon.colcon_core.package_identification:_identify(.) by extension 'cmake'
[1.914s] Level 1:colcon.colcon_core.package_identification:_identify(.) by extension 'python'
[1.914s] Level 1:colcon.colcon_core.package_identification:_identify(.) by extensions ['python_setup_py']
[1.915s] Level 1:colcon.colcon_core.package_identification:_identify(.) by extension 'python_setup_py'
[1.915s] Level 1:colcon.colcon_core.package_identification:_identify(build) by extensions ['ignore', 'ignore_ament_install']
[1.916s] Level 1:colcon.colcon_core.package_identification:_identify(build) by extension 'ignore'
[1.917s] Level 1:colcon.colcon_core.package_identification:_identify(build) ignored
[1.917s] Level 1:colcon.colcon_core.package_identification:_identify(install) by extensions ['ignore', 'ignore_ament_install']
[1.918s] Level 1:colcon.colcon_core.package_identification:_identify(install) by extension 'ignore'
[1.918s] Level 1:colcon.colcon_core.package_identification:_identify(install) ignored
[1.919s] Level 1:colcon.colcon_core.package_identification:_identify(log) by extensions ['ignore', 'ignore_ament_install']
[1.920s] Level 1:colcon.colcon_core.package_identification:_identify(log) by extension 'ignore'
[1.920s] Level 1:colcon.colcon_core.package_identification:_identify(log) ignored
[1.921s] Level 1:colcon.colcon_core.package_identification:_identify(src) by extensions ['ignore', 'ignore_ament_install']
[1.921s] Level 1:colcon.colcon_core.package_identification:_identify(src) by extension 'ignore'
[1.922s] Level 1:colcon.colcon_core.package_identification:_identify(src) by extension 'ignore_ament_install'
[1.922s] Level 1:colcon.colcon_core.package_identification:_identify(src) by extensions ['colcon_pkg']
[1.922s] Level 1:colcon.colcon_core.package_identification:_identify(src) by extension 'colcon_pkg'
[1.923s] Level 1:colcon.colcon_core.package_identification:_identify(src) by extensions ['colcon_meta']
[1.923s] Level 1:colcon.colcon_core.package_identification:_identify(src) by extension 'colcon_meta'
[1.923s] Level 1:colcon.colcon_core.package_identification:_identify(src) by extensions ['ros']
[1.924s] Level 1:colcon.colcon_core.package_identification:_identify(src) by extension 'ros'
[1.924s] Level 1:colcon.colcon_core.package_identification:_identify(src) by extensions ['cmake', 'python']
[1.924s] Level 1:colcon.colcon_core.package_identification:_identify(src) by extension 'cmake'
[1.925s] Level 1:colcon.colcon_core.package_identification:_identify(src) by extension 'python'
[1.925s] Level 1:colcon.colcon_core.package_identification:_identify(src) by extensions ['python_setup_py']
[1.925s] Level 1:colcon.colcon_core.package_identification:_identify(src) by extension 'python_setup_py'
[1.926s] Level 1:colcon.colcon_core.package_identification:_identify(src/ur5_pick_place) by extensions ['ignore', 'ignore_ament_install']
[1.927s] Level 1:colcon.colcon_core.package_identification:_identify(src/ur5_pick_place) by extension 'ignore'
[1.927s] Level 1:colcon.colcon_core.package_identification:_identify(src/ur5_pick_place) by extension 'ignore_ament_install'
[1.928s] Level 1:colcon.colcon_core.package_identification:_identify(src/ur5_pick_place) by extensions ['colcon_pkg']
[1.928s] Level 1:colcon.colcon_core.package_identification:_identify(src/ur5_pick_place) by extension 'colcon_pkg'
[1.928s] Level 1:colcon.colcon_core.package_identification:_identify(src/ur5_pick_place) by extensions ['colcon_meta']
[1.929s] Level 1:colcon.colcon_core.package_identification:_identify(src/ur5_pick_place) by extension 'colcon_meta'
[1.929s] Level 1:colcon.colcon_core.package_identification:_identify(src/ur5_pick_place) by extensions ['ros']
[1.929s] Level 1:colcon.colcon_core.package_identification:_identify(src/ur5_pick_place) by extension 'ros'
[1.952s] DEBUG:colcon.colcon_core.package_identification:Package 'src/ur5_pick_place' with type 'ros.ament_python' and name 'ur5_pick_place'
[1.953s] Level 1:colcon.colcon_core.package_identification:_identify(src/ur5_ws) by extensions ['ignore', 'ignore_ament_install']
[1.953s] Level 1:colcon.colcon_core.package_identification:_identify(src/ur5_ws) by extension 'ignore'
[1.954s] Level 1:colcon.colcon_core.package_identification:_identify(src/ur5_ws) by extension 'ignore_ament_install'
[1.954s] Level 1:colcon.colcon_core.package_identification:_identify(src/ur5_ws) by extensions ['colcon_pkg']
[1.954s] Level 1:colcon.colcon_core.package_identification:_identify(src/ur5_ws) by extension 'colcon_pkg'
[1.955s] Level 1:colcon.colcon_core.package_identification:_identify(src/ur5_ws) by extensions ['colcon_meta']
[1.955s] Level 1:colcon.colcon_core.package_identification:_identify(src/ur5_ws) by extension 'colcon_meta'
[1.955s] Level 1:colcon.colcon_core.package_identification:_identify(src/ur5_ws) by extensions ['ros']
[1.956s] Level 1:colcon.colcon_core.package_identification:_identify(src/ur5_ws) by extension 'ros'
[1.956s] Level 1:colcon.colcon_core.package_identification:_identify(src/ur5_ws) by extensions ['cmake', 'python']
[1.956s] Level 1:colcon.colcon_core.package_identification:_identify(src/ur5_ws) by extension 'cmake'
[1.957s] Level 1:colcon.colcon_core.package_identification:_identify(src/ur5_ws) by extension 'python'
[1.957s] Level 1:colcon.colcon_core.package_identification:_identify(src/ur5_ws) by extensions ['python_setup_py']
[1.957s] Level 1:colcon.colcon_core.package_identification:_identify(src/ur5_ws) by extension 'python_setup_py'
[1.958s] Level 1:colcon.colcon_core.package_identification:_identify(src/ur5_ws/src) by extensions ['ignore', 'ignore_ament_install']
[1.959s] Level 1:colcon.colcon_core.package_identification:_identify(src/ur5_ws/src) by extension 'ignore'
[1.959s] Level 1:colcon.colcon_core.package_identification:_identify(src/ur5_ws/src) by extension 'ignore_ament_install'
[1.959s] Level 1:colcon.colcon_core.package_identification:_identify(src/ur5_ws/src) by extensions ['colcon_pkg']
[1.960s] Level 1:colcon.colcon_core.package_identification:_identify(src/ur5_ws/src) by extension 'colcon_pkg'
[1.960s] Level 1:colcon.colcon_core.package_identification:_identify(src/ur5_ws/src) by extensions ['colcon_meta']
[1.960s] Level 1:colcon.colcon_core.package_identification:_identify(src/ur5_ws/src) by extension 'colcon_meta'
[1.961s] Level 1:colcon.colcon_core.package_identification:_identify(src/ur5_ws/src) by extensions ['ros']
[1.961s] Level 1:colcon.colcon_core.package_identification:_identify(src/ur5_ws/src) by extension 'ros'
[1.962s] Level 1:colcon.colcon_core.package_identification:_identify(src/ur5_ws/src) by extensions ['cmake', 'python']
[1.962s] Level 1:colcon.colcon_core.package_identification:_identify(src/ur5_ws/src) by extension 'cmake'
[1.962s] Level 1:colcon.colcon_core.package_identification:_identify(src/ur5_ws/src) by extension 'python'
[1.962s] Level 1:colcon.colcon_core.package_identification:_identify(src/ur5_ws/src) by extensions ['python_setup_py']
[1.963s] Level 1:colcon.colcon_core.package_identification:_identify(src/ur5_ws/src) by extension 'python_setup_py'
[1.963s] Level 1:colcon.colcon_core.package_identification:_identify(src/ur5_ws/src/ur5_controller) by extensions ['ignore', 'ignore_ament_install']
[1.964s] Level 1:colcon.colcon_core.package_identification:_identify(src/ur5_ws/src/ur5_controller) by extension 'ignore'
[1.964s] Level 1:colcon.colcon_core.package_identification:_identify(src/ur5_ws/src/ur5_controller) by extension 'ignore_ament_install'
[1.965s] Level 1:colcon.colcon_core.package_identification:_identify(src/ur5_ws/src/ur5_controller) by extensions ['colcon_pkg']
[1.965s] Level 1:colcon.colcon_core.package_identification:_identify(src/ur5_ws/src/ur5_controller) by extension 'colcon_pkg'
[1.965s] Level 1:colcon.colcon_core.package_identification:_identify(src/ur5_ws/src/ur5_controller) by extensions ['colcon_meta']
[1.965s] Level 1:colcon.colcon_core.package_identification:_identify(src/ur5_ws/src/ur5_controller) by extension 'colcon_meta'
[1.966s] Level 1:colcon.colcon_core.package_identification:_identify(src/ur5_ws/src/ur5_controller) by extensions ['ros']
[1.966s] Level 1:colcon.colcon_core.package_identification:_identify(src/ur5_ws/src/ur5_controller) by extension 'ros'
[1.969s] DEBUG:colcon.colcon_core.package_identification:Package 'src/ur5_ws/src/ur5_controller' with type 'ros.ament_cmake' and name 'ur5_controller'
[1.970s] Level 1:colcon.colcon_core.package_identification:_identify(src/ur5_ws/src/ur5_description) by extensions ['ignore', 'ignore_ament_install']
[1.970s] Level 1:colcon.colcon_core.package_identification:_identify(src/ur5_ws/src/ur5_description) by extension 'ignore'
[1.971s] Level 1:colcon.colcon_core.package_identification:_identify(src/ur5_ws/src/ur5_description) by extension 'ignore_ament_install'
[1.971s] Level 1:colcon.colcon_core.package_identification:_identify(src/ur5_ws/src/ur5_description) by extensions ['colcon_pkg']
[1.971s] Level 1:colcon.colcon_core.package_identification:_identify(src/ur5_ws/src/ur5_description) by extension 'colcon_pkg'
[1.972s] Level 1:colcon.colcon_core.package_identification:_identify(src/ur5_ws/src/ur5_description) by extensions ['colcon_meta']
[1.972s] Level 1:colcon.colcon_core.package_identification:_identify(src/ur5_ws/src/ur5_description) by extension 'colcon_meta'
[1.972s] Level 1:colcon.colcon_core.package_identification:_identify(src/ur5_ws/src/ur5_description) by extensions ['ros']
[1.972s] Level 1:colcon.colcon_core.package_identification:_identify(src/ur5_ws/src/ur5_description) by extension 'ros'
[1.975s] DEBUG:colcon.colcon_core.package_identification:Package 'src/ur5_ws/src/ur5_description' with type 'ros.ament_cmake' and name 'ur5_description'
[1.976s] Level 1:colcon.colcon_core.package_identification:_identify(src/ur5_ws/src/ur5_moveit) by extensions ['ignore', 'ignore_ament_install']
[1.977s] Level 1:colcon.colcon_core.package_identification:_identify(src/ur5_ws/src/ur5_moveit) by extension 'ignore'
[1.977s] Level 1:colcon.colcon_core.package_identification:_identify(src/ur5_ws/src/ur5_moveit) by extension 'ignore_ament_install'
[1.978s] Level 1:colcon.colcon_core.package_identification:_identify(src/ur5_ws/src/ur5_moveit) by extensions ['colcon_pkg']
[1.978s] Level 1:colcon.colcon_core.package_identification:_identify(src/ur5_ws/src/ur5_moveit) by extension 'colcon_pkg'
[1.978s] Level 1:colcon.colcon_core.package_identification:_identify(src/ur5_ws/src/ur5_moveit) by extensions ['colcon_meta']
[1.978s] Level 1:colcon.colcon_core.package_identification:_identify(src/ur5_ws/src/ur5_moveit) by extension 'colcon_meta'
[1.979s] Level 1:colcon.colcon_core.package_identification:_identify(src/ur5_ws/src/ur5_moveit) by extensions ['ros']
[1.979s] Level 1:colcon.colcon_core.package_identification:_identify(src/ur5_ws/src/ur5_moveit) by extension 'ros'
[1.982s] DEBUG:colcon.colcon_core.package_identification:Package 'src/ur5_ws/src/ur5_moveit' with type 'ros.ament_cmake' and name 'ur5_moveit'
[1.983s] Level 1:colcon.colcon_core.package_discovery:discover_packages(recursive) using defaults
[1.984s] Level 1:colcon.colcon_core.package_discovery:discover_packages(ignore) discover
[1.984s] Level 1:colcon.colcon_core.package_discovery:discover_packages(ignore) using defaults
[1.984s] Level 1:colcon.colcon_core.package_discovery:discover_packages(path) discover
[1.985s] Level 1:colcon.colcon_core.package_discovery:discover_packages(path) using defaults
[2.085s] INFO:colcon.colcon_core.package_selection:Skipping not selected package 'ur5_controller' in 'src/ur5_ws/src/ur5_controller'
[2.085s] INFO:colcon.colcon_core.package_selection:Skipping not selected package 'ur5_description' in 'src/ur5_ws/src/ur5_description'
[2.086s] INFO:colcon.colcon_core.package_selection:Skipping not selected package 'ur5_moveit' in 'src/ur5_ws/src/ur5_moveit'
[2.088s] Level 5:colcon.colcon_core.verb:set package 'ur5_pick_place' build argument 'cmake_args' from command line to 'None'
[2.088s] Level 5:colcon.colcon_core.verb:set package 'ur5_pick_place' build argument 'cmake_target' from command line to 'None'
[2.088s] Level 5:colcon.colcon_core.verb:set package 'ur5_pick_place' build argument 'cmake_target_skip_unavailable' from command line to 'False'
[2.088s] Level 5:colcon.colcon_core.verb:set package 'ur5_pick_place' build argument 'cmake_clean_cache' from command line to 'False'
[2.088s] Level 5:colcon.colcon_core.verb:set package 'ur5_pick_place' build argument 'cmake_clean_first' from command line to 'False'
[2.088s] Level 5:colcon.colcon_core.verb:set package 'ur5_pick_place' build argument 'cmake_force_configure' from command line to 'False'
[2.089s] Level 5:colcon.colcon_core.verb:set package 'ur5_pick_place' build argument 'ament_cmake_args' from command line to 'None'
[2.089s] Level 5:colcon.colcon_core.verb:set package 'ur5_pick_place' build argument 'catkin_cmake_args' from command line to 'None'
[2.089s] Level 5:colcon.colcon_core.verb:set package 'ur5_pick_place' build argument 'catkin_skip_building_tests' from command line to 'False'
[2.089s] DEBUG:colcon.colcon_core.verb:Building package 'ur5_pick_place' with the following arguments: {'ament_cmake_args': None, 'build_base': '/ros2_ws/src/UR5_Jazzy_Moveit2_Pick_Place/build/ur5_pick_place', 'catkin_cmake_args': None, 'catkin_skip_building_tests': False, 'cmake_args': None, 'cmake_clean_cache': False, 'cmake_clean_first': False, 'cmake_force_configure': False, 'cmake_target': None, 'cmake_target_skip_unavailable': False, 'install_base': '/ros2_ws/src/UR5_Jazzy_Moveit2_Pick_Place/install/ur5_pick_place', 'merge_install': False, 'path': '/ros2_ws/src/UR5_Jazzy_Moveit2_Pick_Place/src/ur5_pick_place', 'symlink_install': False, 'test_result_base': None}
[2.090s] INFO:colcon.colcon_core.executor:Executing jobs using 'parallel' executor
[2.094s] DEBUG:colcon.colcon_parallel_executor.executor.parallel:run_until_complete
[2.095s] INFO:colcon.colcon_ros.task.ament_python.build:Building ROS package in '/ros2_ws/src/UR5_Jazzy_Moveit2_Pick_Place/src/ur5_pick_place' with build type 'ament_python'
[2.096s] Level 1:colcon.colcon_core.shell:create_environment_hook('ur5_pick_place', 'ament_prefix_path')
[2.110s] INFO:colcon.colcon_core.plugin_system:Skipping extension 'colcon_core.shell.bat': Not used on non-Windows systems
[2.111s] INFO:colcon.colcon_core.shell:Creating environment hook '/ros2_ws/src/UR5_Jazzy_Moveit2_Pick_Place/install/ur5_pick_place/share/ur5_pick_place/hook/ament_prefix_path.ps1'
[2.116s] INFO:colcon.colcon_core.shell:Creating environment descriptor '/ros2_ws/src/UR5_Jazzy_Moveit2_Pick_Place/install/ur5_pick_place/share/ur5_pick_place/hook/ament_prefix_path.dsv'
[2.119s] INFO:colcon.colcon_core.shell:Creating environment hook '/ros2_ws/src/UR5_Jazzy_Moveit2_Pick_Place/install/ur5_pick_place/share/ur5_pick_place/hook/ament_prefix_path.sh'
[2.124s] INFO:colcon.colcon_core.shell:Skip shell extension 'powershell' for command environment: Not usable outside of PowerShell
[2.124s] DEBUG:colcon.colcon_core.shell:Skip shell extension 'dsv' for command environment
[3.891s] INFO:colcon.colcon_core.task.python.build:Building Python package in '/ros2_ws/src/UR5_Jazzy_Moveit2_Pick_Place/src/ur5_pick_place'
[3.893s] INFO:colcon.colcon_core.shell:Skip shell extension 'powershell' for command environment: Not usable outside of PowerShell
[3.895s] DEBUG:colcon.colcon_core.shell:Skip shell extension 'dsv' for command environment
[6.147s] DEBUG:colcon.colcon_core.event_handler.log_command:Invoking command in '/ros2_ws/src/UR5_Jazzy_Moveit2_Pick_Place/src/ur5_pick_place': PYTHONPATH=/ros2_ws/src/UR5_Jazzy_Moveit2_Pick_Place/build/ur5_pick_place/prefix_override:/usr/lib/python3/dist-packages/colcon_core/task/python/colcon_distutils_commands:/ros2_ws/src/UR5_Jazzy_Moveit2_Pick_Place/install/ur5_pick_place/lib/python3.10/site-packages:${PYTHONPATH} /usr/bin/python3 -W ignore:setup.py install is deprecated -W ignore:easy_install command is deprecated setup.py egg_info --egg-base ../../build/ur5_pick_place build --build-base /ros2_ws/src/UR5_Jazzy_Moveit2_Pick_Place/build/ur5_pick_place/build install --record /ros2_ws/src/UR5_Jazzy_Moveit2_Pick_Place/build/ur5_pick_place/install.log --single-version-externally-managed install_data
[8.027s] DEBUG:colcon.colcon_core.event_handler.log_command:Invoked command in '/ros2_ws/src/UR5_Jazzy_Moveit2_Pick_Place/src/ur5_pick_place' returned '0': PYTHONPATH=/ros2_ws/src/UR5_Jazzy_Moveit2_Pick_Place/build/ur5_pick_place/prefix_override:/usr/lib/python3/dist-packages/colcon_core/task/python/colcon_distutils_commands:/ros2_ws/src/UR5_Jazzy_Moveit2_Pick_Place/install/ur5_pick_place/lib/python3.10/site-packages:${PYTHONPATH} /usr/bin/python3 -W ignore:setup.py install is deprecated -W ignore:easy_install command is deprecated setup.py egg_info --egg-base ../../build/ur5_pick_place build --build-base /ros2_ws/src/UR5_Jazzy_Moveit2_Pick_Place/build/ur5_pick_place/build install --record /ros2_ws/src/UR5_Jazzy_Moveit2_Pick_Place/build/ur5_pick_place/install.log --single-version-externally-managed install_data
[8.038s] Level 1:colcon.colcon_core.environment:checking '/ros2_ws/src/UR5_Jazzy_Moveit2_Pick_Place/install/ur5_pick_place' for CMake module files
[8.040s] Level 1:colcon.colcon_core.environment:checking '/ros2_ws/src/UR5_Jazzy_Moveit2_Pick_Place/install/ur5_pick_place' for CMake config files
[8.044s] Level 1:colcon.colcon_core.environment:checking '/ros2_ws/src/UR5_Jazzy_Moveit2_Pick_Place/install/ur5_pick_place/lib'
[8.046s] Level 1:colcon.colcon_core.environment:checking '/ros2_ws/src/UR5_Jazzy_Moveit2_Pick_Place/install/ur5_pick_place/bin'
[8.047s] Level 1:colcon.colcon_core.environment:checking '/ros2_ws/src/UR5_Jazzy_Moveit2_Pick_Place/install/ur5_pick_place/lib/pkgconfig/ur5_pick_place.pc'
[8.049s] Level 1:colcon.colcon_core.environment:checking '/ros2_ws/src/UR5_Jazzy_Moveit2_Pick_Place/install/ur5_pick_place/lib/python3.10/site-packages'
[8.049s] Level 1:colcon.colcon_core.shell:create_environment_hook('ur5_pick_place', 'pythonpath')
[8.051s] INFO:colcon.colcon_core.shell:Creating environment hook '/ros2_ws/src/UR5_Jazzy_Moveit2_Pick_Place/install/ur5_pick_place/share/ur5_pick_place/hook/pythonpath.ps1'
[8.053s] INFO:colcon.colcon_core.shell:Creating environment descriptor '/ros2_ws/src/UR5_Jazzy_Moveit2_Pick_Place/install/ur5_pick_place/share/ur5_pick_place/hook/pythonpath.dsv'
[8.055s] INFO:colcon.colcon_core.shell:Creating environment hook '/ros2_ws/src/UR5_Jazzy_Moveit2_Pick_Place/install/ur5_pick_place/share/ur5_pick_place/hook/pythonpath.sh'
[8.059s] Level 1:colcon.colcon_core.environment:checking '/ros2_ws/src/UR5_Jazzy_Moveit2_Pick_Place/install/ur5_pick_place/bin'
[8.060s] Level 1:colcon.colcon_core.environment:create_environment_scripts_only(ur5_pick_place)
[8.062s] INFO:colcon.colcon_core.shell:Creating package script '/ros2_ws/src/UR5_Jazzy_Moveit2_Pick_Place/install/ur5_pick_place/share/ur5_pick_place/package.ps1'
[8.109s] INFO:colcon.colcon_core.shell:Creating package descriptor '/ros2_ws/src/UR5_Jazzy_Moveit2_Pick_Place/install/ur5_pick_place/share/ur5_pick_place/package.dsv'
[8.115s] INFO:colcon.colcon_core.shell:Creating package script '/ros2_ws/src/UR5_Jazzy_Moveit2_Pick_Place/install/ur5_pick_place/share/ur5_pick_place/package.sh'
[8.122s] INFO:colcon.colcon_core.shell:Creating package script '/ros2_ws/src/UR5_Jazzy_Moveit2_Pick_Place/install/ur5_pick_place/share/ur5_pick_place/package.bash'
[8.129s] INFO:colcon.colcon_core.shell:Creating package script '/ros2_ws/src/UR5_Jazzy_Moveit2_Pick_Place/install/ur5_pick_place/share/ur5_pick_place/package.zsh'
[8.134s] Level 1:colcon.colcon_core.environment:create_file_with_runtime_dependencies(/ros2_ws/src/UR5_Jazzy_Moveit2_Pick_Place/install/ur5_pick_place/share/colcon-core/packages/ur5_pick_place)
[8.136s] DEBUG:colcon.colcon_parallel_executor.executor.parallel:closing loop
[8.137s] DEBUG:colcon.colcon_parallel_executor.executor.parallel:loop closed
[8.137s] DEBUG:colcon.colcon_parallel_executor.executor.parallel:run_until_complete finished with '0'
[8.138s] DEBUG:colcon.colcon_core.event_reactor:joining thread
[8.163s] INFO:colcon.colcon_core.plugin_system:Skipping extension 'colcon_notification.desktop_notification.notify_send': Could not find 'notify-send'
[8.163s] INFO:colcon.colcon_core.plugin_system:Skipping extension 'colcon_notification.desktop_notification.terminal_notifier': Not used on non-Darwin systems
[8.164s] INFO:colcon.colcon_core.plugin_system:Skipping extension 'colcon_notification.desktop_notification.win32': Not used on non-Windows systems
[8.164s] INFO:colcon.colcon_notification.desktop_notification:Sending desktop notification using 'notify2'
[8.172s] DEBUG:colcon.colcon_notification.desktop_notification.notify2:Failed to initialize notify2: org.freedesktop.DBus.Error.Spawn.ExecFailed: /usr/bin/dbus-launch terminated abnormally without any error message
[8.174s] DEBUG:colcon.colcon_core.event_reactor:joined thread
[8.178s] INFO:colcon.colcon_core.shell:Creating prefix script '/ros2_ws/src/UR5_Jazzy_Moveit2_Pick_Place/install/local_setup.ps1'
[8.187s] INFO:colcon.colcon_core.shell:Creating prefix util module '/ros2_ws/src/UR5_Jazzy_Moveit2_Pick_Place/install/_local_setup_util_ps1.py'
[8.201s] INFO:colcon.colcon_core.shell:Creating prefix chain script '/ros2_ws/src/UR5_Jazzy_Moveit2_Pick_Place/install/setup.ps1'
[8.208s] INFO:colcon.colcon_core.shell:Creating prefix script '/ros2_ws/src/UR5_Jazzy_Moveit2_Pick_Place/install/local_setup.sh'
[8.211s] INFO:colcon.colcon_core.shell:Creating prefix util module '/ros2_ws/src/UR5_Jazzy_Moveit2_Pick_Place/install/_local_setup_util_sh.py'
[8.214s] INFO:colcon.colcon_core.shell:Creating prefix chain script '/ros2_ws/src/UR5_Jazzy_Moveit2_Pick_Place/install/setup.sh'
[8.219s] INFO:colcon.colcon_core.shell:Creating prefix script '/ros2_ws/src/UR5_Jazzy_Moveit2_Pick_Place/install/local_setup.bash'
[8.221s] INFO:colcon.colcon_core.shell:Creating prefix chain script '/ros2_ws/src/UR5_Jazzy_Moveit2_Pick_Place/install/setup.bash'
[8.225s] INFO:colcon.colcon_core.shell:Creating prefix script '/ros2_ws/src/UR5_Jazzy_Moveit2_Pick_Place/install/local_setup.zsh'
[8.228s] INFO:colcon.colcon_core.shell:Creating prefix chain script '/ros2_ws/src/UR5_Jazzy_Moveit2_Pick_Place/install/setup.zsh'
