[3.685s] Invoking command in '/home/beingar/ros2_jazzy_ws/build/hri_manipulation': DEBUGINFOD_URLS=https://debuginfod.ubuntu.com PYTHONPATH=/home/beingar/ros2_jazzy_ws/build/hri_manipulation/prefix_override:/usr/lib/python3/dist-packages/colcon_core/task/python/colcon_distutils_commands:/home/beingar/ros2_jazzy_ws/install/hri_manipulation/lib/python3.12/site-packages:${PYTHONPATH} /usr/bin/python3 -W ignore:setup.py install is deprecated -W ignore:easy_install command is deprecated setup.py develop --editable --build-directory /home/beingar/ros2_jazzy_ws/build/hri_manipulation/build --no-deps symlink_data
[4.742s] running develop
[5.410s] running egg_info
[5.475s] writing hri_manipulation.egg-info/PKG-INFO
[5.476s] writing dependency_links to hri_manipulation.egg-info/dependency_links.txt
[5.476s] writing entry points to hri_manipulation.egg-info/entry_points.txt
[5.477s] writing requirements to hri_manipulation.egg-info/requires.txt
[5.477s] writing top-level names to hri_manipulation.egg-info/top_level.txt
[5.609s] reading manifest file 'hri_manipulation.egg-info/SOURCES.txt'
[5.627s] writing manifest file 'hri_manipulation.egg-info/SOURCES.txt'
[5.700s] running build_ext
[5.700s] Creating /home/beingar/ros2_jazzy_ws/install/hri_manipulation/lib/python3.12/site-packages/hri-manipulation.egg-link (link to .)
[5.702s] Installing add_object script to /home/beingar/ros2_jazzy_ws/install/hri_manipulation/lib/hri_manipulation
[5.702s] Installing admittance_node script to /home/beingar/ros2_jazzy_ws/install/hri_manipulation/lib/hri_manipulation
[5.703s] Installing attach_object script to /home/beingar/ros2_jazzy_ws/install/hri_manipulation/lib/hri_manipulation
[5.704s] Installing detach_object script to /home/beingar/ros2_jazzy_ws/install/hri_manipulation/lib/hri_manipulation
[5.704s] Installing fake_object_pose script to /home/beingar/ros2_jazzy_ws/install/hri_manipulation/lib/hri_manipulation
[5.705s] Installing ik_node script to /home/beingar/ros2_jazzy_ws/install/hri_manipulation/lib/hri_manipulation
[5.705s] Installing jacobian_torque_node script to /home/beingar/ros2_jazzy_ws/install/hri_manipulation/lib/hri_manipulation
[5.705s] Installing pick_place_fsm script to /home/beingar/ros2_jazzy_ws/install/hri_manipulation/lib/hri_manipulation
[5.706s] Installing planar_arm script to /home/beingar/ros2_jazzy_ws/install/hri_manipulation/lib/hri_manipulation
[5.706s] Installing pose_sender script to /home/beingar/ros2_jazzy_ws/install/hri_manipulation/lib/hri_manipulation
[5.706s] 
[5.707s] Installed /home/beingar/ros2_jazzy_ws/build/hri_manipulation
[5.707s] running symlink_data
[5.782s] Invoked command in '/home/beingar/ros2_jazzy_ws/build/hri_manipulation' returned '0': DEBUGINFOD_URLS=https://debuginfod.ubuntu.com PYTHONPATH=/home/beingar/ros2_jazzy_ws/build/hri_manipulation/prefix_override:/usr/lib/python3/dist-packages/colcon_core/task/python/colcon_distutils_commands:/home/beingar/ros2_jazzy_ws/install/hri_manipulation/lib/python3.12/site-packages:${PYTHONPATH} /usr/bin/python3 -W ignore:setup.py install is deprecated -W ignore:easy_install command is deprecated setup.py develop --editable --build-directory /home/beingar/ros2_jazzy_ws/build/hri_manipulation/build --no-deps symlink_data
