[0.296s] DEBUG:colcon:Command line arguments: ['/usr/bin/colcon', 'build', '--symlink-install', '--packages-select', 'ur5_moveit', 'ur5_pick_place']
[0.296s] DEBUG:colcon:Parsed command line arguments: Namespace(log_base=None, log_level=None, verb_name='build', build_base='build', install_base='install', merge_install=False, symlink_install=True, test_result_base=None, continue_on_error=False, executor='parallel', parallel_workers=4, event_handlers=None, ignore_user_meta=False, metas=['./colcon.meta'], base_paths=['.'], packages_ignore=None, packages_ignore_regex=None, paths=None, packages_up_to=None, packages_up_to_regex=None, packages_above=None, packages_above_and_dependencies=None, packages_above_depth=None, packages_select_by_dep=None, packages_skip_by_dep=None, packages_skip_up_to=None, packages_select_build_failed=False, packages_skip_build_finished=False, packages_select_test_failures=False, packages_skip_test_passed=False, packages_select=['ur5_moveit', 'ur5_pick_place'], packages_skip=None, packages_select_regex=None, packages_skip_regex=None, packages_start=None, packages_end=None, allow_overriding=[], cmake_args=None, cmake_target=None, cmake_target_skip_unavailable=False, cmake_clean_cache=False, cmake_clean_first=False, cmake_force_configure=False, ament_cmake_args=None, catkin_cmake_args=None, catkin_skip_building_tests=False, mixin_files=None, mixin=None, verb_parser=<colcon_mixin.mixin.mixin_argument.MixinArgumentDecorator object at 0x703d0aeca1e0>, verb_extension=<colcon_core.verb.build.BuildVerb object at 0x703d0aec9eb0>, main=<bound method BuildVerb.main of <colcon_core.verb.build.BuildVerb object at 0x703d0aec9eb0>>, mixin_verb=('build',))
[0.387s] Level 1:colcon.colcon_core.package_discovery:discover_packages(colcon_meta) check parameters
[0.387s] Level 1:colcon.colcon_core.package_discovery:discover_packages(recursive) check parameters
[0.387s] Level 1:colcon.colcon_core.package_discovery:discover_packages(ignore) check parameters
[0.388s] Level 1:colcon.colcon_core.package_discovery:discover_packages(path) check parameters
[0.388s] Level 1:colcon.colcon_core.package_discovery:discover_packages(colcon_meta) discover
[0.388s] Level 1:colcon.colcon_core.package_discovery:discover_packages(recursive) discover
[0.388s] INFO:colcon.colcon_core.package_discovery:Crawling recursively for packages in '/home/beingar/ros2_jazzy_ws'
[0.388s] Level 1:colcon.colcon_core.package_identification:_identify(.) by extensions ['ignore', 'ignore_ament_install']
[0.388s] Level 1:colcon.colcon_core.package_identification:_identify(.) by extension 'ignore'
[0.388s] Level 1:colcon.colcon_core.package_identification:_identify(.) by extension 'ignore_ament_install'
[0.389s] Level 1:colcon.colcon_core.package_identification:_identify(.) by extensions ['colcon_pkg']
[0.389s] Level 1:colcon.colcon_core.package_identification:_identify(.) by extension 'colcon_pkg'
[0.389s] Level 1:colcon.colcon_core.package_identification:_identify(.) by extensions ['colcon_meta']
[0.389s] Level 1:colcon.colcon_core.package_identification:_identify(.) by extension 'colcon_meta'
[0.389s] Level 1:colcon.colcon_core.package_identification:_identify(.) by extensions ['ros']
[0.389s] Level 1:colcon.colcon_core.package_identification:_identify(.) by extension 'ros'
[0.445s] Level 1:colcon.colcon_core.package_identification:_identify(.) by extensions ['cmake', 'python']
[0.445s] Level 1:colcon.colcon_core.package_identification:_identify(.) by extension 'cmake'
[0.445s] Level 1:colcon.colcon_core.package_identification:_identify(.) by extension 'python'
[0.445s] Level 1:colcon.colcon_core.package_identification:_identify(.) by extensions ['python_setup_py']
[0.445s] Level 1:colcon.colcon_core.package_identification:_identify(.) by extension 'python_setup_py'
[0.445s] Level 1:colcon.colcon_core.package_identification:_identify(build) by extensions ['ignore', 'ignore_ament_install']
[0.445s] Level 1:colcon.colcon_core.package_identification:_identify(build) by extension 'ignore'
[0.445s] Level 1:colcon.colcon_core.package_identification:_identify(build) ignored
[0.446s] Level 1:colcon.colcon_core.package_identification:_identify(install) by extensions ['ignore', 'ignore_ament_install']
[0.446s] Level 1:colcon.colcon_core.package_identification:_identify(install) by extension 'ignore'
[0.446s] Level 1:colcon.colcon_core.package_identification:_identify(install) ignored
[0.446s] Level 1:colcon.colcon_core.package_identification:_identify(log) by extensions ['ignore', 'ignore_ament_install']
[0.446s] Level 1:colcon.colcon_core.package_identification:_identify(log) by extension 'ignore'
[0.446s] Level 1:colcon.colcon_core.package_identification:_identify(log) ignored
[0.446s] Level 1:colcon.colcon_core.package_identification:_identify(src) by extensions ['ignore', 'ignore_ament_install']
[0.447s] Level 1:colcon.colcon_core.package_identification:_identify(src) by extension 'ignore'
[0.447s] Level 1:colcon.colcon_core.package_identification:_identify(src) by extension 'ignore_ament_install'
[0.447s] Level 1:colcon.colcon_core.package_identification:_identify(src) by extensions ['colcon_pkg']
[0.447s] Level 1:colcon.colcon_core.package_identification:_identify(src) by extension 'colcon_pkg'
[0.447s] Level 1:colcon.colcon_core.package_identification:_identify(src) by extensions ['colcon_meta']
[0.447s] Level 1:colcon.colcon_core.package_identification:_identify(src) by extension 'colcon_meta'
[0.447s] Level 1:colcon.colcon_core.package_identification:_identify(src) by extensions ['ros']
[0.447s] Level 1:colcon.colcon_core.package_identification:_identify(src) by extension 'ros'
[0.447s] Level 1:colcon.colcon_core.package_identification:_identify(src) by extensions ['cmake', 'python']
[0.447s] Level 1:colcon.colcon_core.package_identification:_identify(src) by extension 'cmake'
[0.447s] Level 1:colcon.colcon_core.package_identification:_identify(src) by extension 'python'
[0.448s] Level 1:colcon.colcon_core.package_identification:_identify(src) by extensions ['python_setup_py']
[0.448s] Level 1:colcon.colcon_core.package_identification:_identify(src) by extension 'python_setup_py'
[0.448s] Level 1:colcon.colcon_core.package_identification:_identify(src/ur5_pick_place) by extensions ['ignore', 'ignore_ament_install']
[0.448s] Level 1:colcon.colcon_core.package_identification:_identify(src/ur5_pick_place) by extension 'ignore'
[0.448s] Level 1:colcon.colcon_core.package_identification:_identify(src/ur5_pick_place) by extension 'ignore_ament_install'
[0.448s] Level 1:colcon.colcon_core.package_identification:_identify(src/ur5_pick_place) by extensions ['colcon_pkg']
[0.448s] Level 1:colcon.colcon_core.package_identification:_identify(src/ur5_pick_place) by extension 'colcon_pkg'
[0.448s] Level 1:colcon.colcon_core.package_identification:_identify(src/ur5_pick_place) by extensions ['colcon_meta']
[0.448s] Level 1:colcon.colcon_core.package_identification:_identify(src/ur5_pick_place) by extension 'colcon_meta'
[0.448s] Level 1:colcon.colcon_core.package_identification:_identify(src/ur5_pick_place) by extensions ['ros']
[0.448s] Level 1:colcon.colcon_core.package_identification:_identify(src/ur5_pick_place) by extension 'ros'
[0.454s] DEBUG:colcon.colcon_core.package_identification:Package 'src/ur5_pick_place' with type 'ros.ament_python' and name 'ur5_pick_place'
[0.455s] Level 1:colcon.colcon_core.package_identification:_identify(src/ur5_ws) by extensions ['ignore', 'ignore_ament_install']
[0.455s] Level 1:colcon.colcon_core.package_identification:_identify(src/ur5_ws) by extension 'ignore'
[0.455s] Level 1:colcon.colcon_core.package_identification:_identify(src/ur5_ws) by extension 'ignore_ament_install'
[0.455s] Level 1:colcon.colcon_core.package_identification:_identify(src/ur5_ws) by extensions ['colcon_pkg']
[0.455s] Level 1:colcon.colcon_core.package_identification:_identify(src/ur5_ws) by extension 'colcon_pkg'
[0.455s] Level 1:colcon.colcon_core.package_identification:_identify(src/ur5_ws) by extensions ['colcon_meta']
[0.455s] Level 1:colcon.colcon_core.package_identification:_identify(src/ur5_ws) by extension 'colcon_meta'
[0.455s] Level 1:colcon.colcon_core.package_identification:_identify(src/ur5_ws) by extensions ['ros']
[0.455s] Level 1:colcon.colcon_core.package_identification:_identify(src/ur5_ws) by extension 'ros'
[0.456s] Level 1:colcon.colcon_core.package_identification:_identify(src/ur5_ws) by extensions ['cmake', 'python']
[0.456s] Level 1:colcon.colcon_core.package_identification:_identify(src/ur5_ws) by extension 'cmake'
[0.456s] Level 1:colcon.colcon_core.package_identification:_identify(src/ur5_ws) by extension 'python'
[0.456s] Level 1:colcon.colcon_core.package_identification:_identify(src/ur5_ws) by extensions ['python_setup_py']
[0.456s] Level 1:colcon.colcon_core.package_identification:_identify(src/ur5_ws) by extension 'python_setup_py'
[0.456s] Level 1:colcon.colcon_core.package_identification:_identify(src/ur5_ws/src) by extensions ['ignore', 'ignore_ament_install']
[0.456s] Level 1:colcon.colcon_core.package_identification:_identify(src/ur5_ws/src) by extension 'ignore'
[0.456s] Level 1:colcon.colcon_core.package_identification:_identify(src/ur5_ws/src) by extension 'ignore_ament_install'
[0.456s] Level 1:colcon.colcon_core.package_identification:_identify(src/ur5_ws/src) by extensions ['colcon_pkg']
[0.457s] Level 1:colcon.colcon_core.package_identification:_identify(src/ur5_ws/src) by extension 'colcon_pkg'
[0.457s] Level 1:colcon.colcon_core.package_identification:_identify(src/ur5_ws/src) by extensions ['colcon_meta']
[0.457s] Level 1:colcon.colcon_core.package_identification:_identify(src/ur5_ws/src) by extension 'colcon_meta'
[0.457s] Level 1:colcon.colcon_core.package_identification:_identify(src/ur5_ws/src) by extensions ['ros']
[0.457s] Level 1:colcon.colcon_core.package_identification:_identify(src/ur5_ws/src) by extension 'ros'
[0.457s] Level 1:colcon.colcon_core.package_identification:_identify(src/ur5_ws/src) by extensions ['cmake', 'python']
[0.457s] Level 1:colcon.colcon_core.package_identification:_identify(src/ur5_ws/src) by extension 'cmake'
[0.457s] Level 1:colcon.colcon_core.package_identification:_identify(src/ur5_ws/src) by extension 'python'
[0.457s] Level 1:colcon.colcon_core.package_identification:_identify(src/ur5_ws/src) by extensions ['python_setup_py']
[0.457s] Level 1:colcon.colcon_core.package_identification:_identify(src/ur5_ws/src) by extension 'python_setup_py'
[0.457s] Level 1:colcon.colcon_core.package_identification:_identify(src/ur5_ws/src/hello_moveit) by extensions ['ignore', 'ignore_ament_install']
[0.458s] Level 1:colcon.colcon_core.package_identification:_identify(src/ur5_ws/src/hello_moveit) by extension 'ignore'
[0.458s] Level 1:colcon.colcon_core.package_identification:_identify(src/ur5_ws/src/hello_moveit) by extension 'ignore_ament_install'
[0.458s] Level 1:colcon.colcon_core.package_identification:_identify(src/ur5_ws/src/hello_moveit) by extensions ['colcon_pkg']
[0.458s] Level 1:colcon.colcon_core.package_identification:_identify(src/ur5_ws/src/hello_moveit) by extension 'colcon_pkg'
[0.458s] Level 1:colcon.colcon_core.package_identification:_identify(src/ur5_ws/src/hello_moveit) by extensions ['colcon_meta']
[0.458s] Level 1:colcon.colcon_core.package_identification:_identify(src/ur5_ws/src/hello_moveit) by extension 'colcon_meta'
[0.458s] Level 1:colcon.colcon_core.package_identification:_identify(src/ur5_ws/src/hello_moveit) by extensions ['ros']
[0.458s] Level 1:colcon.colcon_core.package_identification:_identify(src/ur5_ws/src/hello_moveit) by extension 'ros'
[0.459s] DEBUG:colcon.colcon_core.package_identification:Package 'src/ur5_ws/src/hello_moveit' with type 'ros.ament_cmake' and name 'hello_moveit'
[0.460s] Level 1:colcon.colcon_core.package_identification:_identify(src/ur5_ws/src/ur5_controller) by extensions ['ignore', 'ignore_ament_install']
[0.460s] Level 1:colcon.colcon_core.package_identification:_identify(src/ur5_ws/src/ur5_controller) by extension 'ignore'
[0.460s] Level 1:colcon.colcon_core.package_identification:_identify(src/ur5_ws/src/ur5_controller) by extension 'ignore_ament_install'
[0.460s] Level 1:colcon.colcon_core.package_identification:_identify(src/ur5_ws/src/ur5_controller) by extensions ['colcon_pkg']
[0.460s] Level 1:colcon.colcon_core.package_identification:_identify(src/ur5_ws/src/ur5_controller) by extension 'colcon_pkg'
[0.461s] Level 1:colcon.colcon_core.package_identification:_identify(src/ur5_ws/src/ur5_controller) by extensions ['colcon_meta']
[0.461s] Level 1:colcon.colcon_core.package_identification:_identify(src/ur5_ws/src/ur5_controller) by extension 'colcon_meta'
[0.461s] Level 1:colcon.colcon_core.package_identification:_identify(src/ur5_ws/src/ur5_controller) by extensions ['ros']
[0.461s] Level 1:colcon.colcon_core.package_identification:_identify(src/ur5_ws/src/ur5_controller) by extension 'ros'
[0.462s] DEBUG:colcon.colcon_core.package_identification:Package 'src/ur5_ws/src/ur5_controller' with type 'ros.ament_cmake' and name 'ur5_controller'
[0.462s] Level 1:colcon.colcon_core.package_identification:_identify(src/ur5_ws/src/ur5_description) by extensions ['ignore', 'ignore_ament_install']
[0.462s] Level 1:colcon.colcon_core.package_identification:_identify(src/ur5_ws/src/ur5_description) by extension 'ignore'
[0.462s] Level 1:colcon.colcon_core.package_identification:_identify(src/ur5_ws/src/ur5_description) by extension 'ignore_ament_install'
[0.462s] Level 1:colcon.colcon_core.package_identification:_identify(src/ur5_ws/src/ur5_description) by extensions ['colcon_pkg']
[0.462s] Level 1:colcon.colcon_core.package_identification:_identify(src/ur5_ws/src/ur5_description) by extension 'colcon_pkg'
[0.462s] Level 1:colcon.colcon_core.package_identification:_identify(src/ur5_ws/src/ur5_description) by extensions ['colcon_meta']
[0.462s] Level 1:colcon.colcon_core.package_identification:_identify(src/ur5_ws/src/ur5_description) by extension 'colcon_meta'
[0.463s] Level 1:colcon.colcon_core.package_identification:_identify(src/ur5_ws/src/ur5_description) by extensions ['ros']
[0.463s] Level 1:colcon.colcon_core.package_identification:_identify(src/ur5_ws/src/ur5_description) by extension 'ros'
[0.463s] DEBUG:colcon.colcon_core.package_identification:Package 'src/ur5_ws/src/ur5_description' with type 'ros.ament_cmake' and name 'ur5_description'
[0.464s] Level 1:colcon.colcon_core.package_identification:_identify(src/ur5_ws/src/ur5_moveit) by extensions ['ignore', 'ignore_ament_install']
[0.464s] Level 1:colcon.colcon_core.package_identification:_identify(src/ur5_ws/src/ur5_moveit) by extension 'ignore'
[0.464s] Level 1:colcon.colcon_core.package_identification:_identify(src/ur5_ws/src/ur5_moveit) by extension 'ignore_ament_install'
[0.464s] Level 1:colcon.colcon_core.package_identification:_identify(src/ur5_ws/src/ur5_moveit) by extensions ['colcon_pkg']
[0.464s] Level 1:colcon.colcon_core.package_identification:_identify(src/ur5_ws/src/ur5_moveit) by extension 'colcon_pkg'
[0.464s] Level 1:colcon.colcon_core.package_identification:_identify(src/ur5_ws/src/ur5_moveit) by extensions ['colcon_meta']
[0.464s] Level 1:colcon.colcon_core.package_identification:_identify(src/ur5_ws/src/ur5_moveit) by extension 'colcon_meta'
[0.464s] Level 1:colcon.colcon_core.package_identification:_identify(src/ur5_ws/src/ur5_moveit) by extensions ['ros']
[0.464s] Level 1:colcon.colcon_core.package_identification:_identify(src/ur5_ws/src/ur5_moveit) by extension 'ros'
[0.465s] DEBUG:colcon.colcon_core.package_identification:Package 'src/ur5_ws/src/ur5_moveit' with type 'ros.ament_cmake' and name 'ur5_moveit'
[0.465s] Level 1:colcon.colcon_core.package_identification:_identify(src/ur5e-moveit2-pick-place) by extensions ['ignore', 'ignore_ament_install']
[0.466s] Level 1:colcon.colcon_core.package_identification:_identify(src/ur5e-moveit2-pick-place) by extension 'ignore'
[0.466s] Level 1:colcon.colcon_core.package_identification:_identify(src/ur5e-moveit2-pick-place) by extension 'ignore_ament_install'
[0.466s] Level 1:colcon.colcon_core.package_identification:_identify(src/ur5e-moveit2-pick-place) by extensions ['colcon_pkg']
[0.466s] Level 1:colcon.colcon_core.package_identification:_identify(src/ur5e-moveit2-pick-place) by extension 'colcon_pkg'
[0.466s] Level 1:colcon.colcon_core.package_identification:_identify(src/ur5e-moveit2-pick-place) by extensions ['colcon_meta']
[0.466s] Level 1:colcon.colcon_core.package_identification:_identify(src/ur5e-moveit2-pick-place) by extension 'colcon_meta'
[0.466s] Level 1:colcon.colcon_core.package_identification:_identify(src/ur5e-moveit2-pick-place) by extensions ['ros']
[0.466s] Level 1:colcon.colcon_core.package_identification:_identify(src/ur5e-moveit2-pick-place) by extension 'ros'
[0.467s] DEBUG:colcon.colcon_core.package_identification:Package 'src/ur5e-moveit2-pick-place' with type 'ros.ament_python' and name 'hri_manipulation'
[0.468s] Level 1:colcon.colcon_core.package_discovery:discover_packages(recursive) using defaults
[0.468s] Level 1:colcon.colcon_core.package_discovery:discover_packages(ignore) discover
[0.468s] Level 1:colcon.colcon_core.package_discovery:discover_packages(ignore) using defaults
[0.468s] Level 1:colcon.colcon_core.package_discovery:discover_packages(path) discover
[0.468s] Level 1:colcon.colcon_core.package_discovery:discover_packages(path) using defaults
[0.505s] INFO:colcon.colcon_core.package_selection:Skipping not selected package 'hello_moveit' in 'src/ur5_ws/src/hello_moveit'
[0.505s] INFO:colcon.colcon_core.package_selection:Skipping not selected package 'hri_manipulation' in 'src/ur5e-moveit2-pick-place'
[0.506s] INFO:colcon.colcon_core.package_selection:Skipping not selected package 'ur5_controller' in 'src/ur5_ws/src/ur5_controller'
[0.506s] INFO:colcon.colcon_core.package_selection:Skipping not selected package 'ur5_description' in 'src/ur5_ws/src/ur5_description'
[0.506s] Level 1:colcon.colcon_core.package_discovery:discover_packages(prefix_path) check parameters
[0.506s] Level 1:colcon.colcon_core.package_discovery:discover_packages(prefix_path) discover
[0.511s] DEBUG:colcon.colcon_installed_package_information.package_discovery:Found 6 installed packages in /home/beingar/ros2_jazzy_ws/install
[0.515s] DEBUG:colcon.colcon_installed_package_information.package_discovery:Found 443 installed packages in /opt/ros/jazzy
[0.520s] Level 1:colcon.colcon_core.package_discovery:discover_packages(prefix_path) using defaults
[0.649s] Level 5:colcon.colcon_core.verb:set package 'ur5_moveit' build argument 'cmake_args' from command line to 'None'
[0.649s] Level 5:colcon.colcon_core.verb:set package 'ur5_moveit' build argument 'cmake_target' from command line to 'None'
[0.650s] Level 5:colcon.colcon_core.verb:set package 'ur5_moveit' build argument 'cmake_target_skip_unavailable' from command line to 'False'
[0.650s] Level 5:colcon.colcon_core.verb:set package 'ur5_moveit' build argument 'cmake_clean_cache' from command line to 'False'
[0.650s] Level 5:colcon.colcon_core.verb:set package 'ur5_moveit' build argument 'cmake_clean_first' from command line to 'False'
[0.650s] Level 5:colcon.colcon_core.verb:set package 'ur5_moveit' build argument 'cmake_force_configure' from command line to 'False'
[0.650s] Level 5:colcon.colcon_core.verb:set package 'ur5_moveit' build argument 'ament_cmake_args' from command line to 'None'
[0.650s] Level 5:colcon.colcon_core.verb:set package 'ur5_moveit' build argument 'catkin_cmake_args' from command line to 'None'
[0.650s] Level 5:colcon.colcon_core.verb:set package 'ur5_moveit' build argument 'catkin_skip_building_tests' from command line to 'False'
[0.650s] DEBUG:colcon.colcon_core.verb:Building package 'ur5_moveit' with the following arguments: {'ament_cmake_args': None, 'build_base': '/home/beingar/ros2_jazzy_ws/build/ur5_moveit', 'catkin_cmake_args': None, 'catkin_skip_building_tests': False, 'cmake_args': None, 'cmake_clean_cache': False, 'cmake_clean_first': False, 'cmake_force_configure': False, 'cmake_target': None, 'cmake_target_skip_unavailable': False, 'install_base': '/home/beingar/ros2_jazzy_ws/install/ur5_moveit', 'merge_install': False, 'path': '/home/beingar/ros2_jazzy_ws/src/ur5_ws/src/ur5_moveit', 'symlink_install': True, 'test_result_base': None}
[0.650s] Level 5:colcon.colcon_core.verb:set package 'ur5_pick_place' build argument 'cmake_args' from command line to 'None'
[0.650s] Level 5:colcon.colcon_core.verb:set package 'ur5_pick_place' build argument 'cmake_target' from command line to 'None'
[0.650s] Level 5:colcon.colcon_core.verb:set package 'ur5_pick_place' build argument 'cmake_target_skip_unavailable' from command line to 'False'
[0.651s] Level 5:colcon.colcon_core.verb:set package 'ur5_pick_place' build argument 'cmake_clean_cache' from command line to 'False'
[0.651s] Level 5:colcon.colcon_core.verb:set package 'ur5_pick_place' build argument 'cmake_clean_first' from command line to 'False'
[0.651s] Level 5:colcon.colcon_core.verb:set package 'ur5_pick_place' build argument 'cmake_force_configure' from command line to 'False'
[0.651s] Level 5:colcon.colcon_core.verb:set package 'ur5_pick_place' build argument 'ament_cmake_args' from command line to 'None'
[0.651s] Level 5:colcon.colcon_core.verb:set package 'ur5_pick_place' build argument 'catkin_cmake_args' from command line to 'None'
[0.651s] Level 5:colcon.colcon_core.verb:set package 'ur5_pick_place' build argument 'catkin_skip_building_tests' from command line to 'False'
[0.651s] DEBUG:colcon.colcon_core.verb:Building package 'ur5_pick_place' with the following arguments: {'ament_cmake_args': None, 'build_base': '/home/beingar/ros2_jazzy_ws/build/ur5_pick_place', 'catkin_cmake_args': None, 'catkin_skip_building_tests': False, 'cmake_args': None, 'cmake_clean_cache': False, 'cmake_clean_first': False, 'cmake_force_configure': False, 'cmake_target': None, 'cmake_target_skip_unavailable': False, 'install_base': '/home/beingar/ros2_jazzy_ws/install/ur5_pick_place', 'merge_install': False, 'path': '/home/beingar/ros2_jazzy_ws/src/ur5_pick_place', 'symlink_install': True, 'test_result_base': None}
[0.651s] INFO:colcon.colcon_core.executor:Executing jobs using 'parallel' executor
[0.652s] DEBUG:colcon.colcon_parallel_executor.executor.parallel:run_until_complete
[0.654s] INFO:colcon.colcon_ros.task.ament_cmake.build:Building ROS package in '/home/beingar/ros2_jazzy_ws/src/ur5_ws/src/ur5_moveit' with build type 'ament_cmake'
[0.654s] INFO:colcon.colcon_cmake.task.cmake.build:Building CMake package in '/home/beingar/ros2_jazzy_ws/src/ur5_ws/src/ur5_moveit'
[0.658s] INFO:colcon.colcon_core.plugin_system:Skipping extension 'colcon_core.shell.bat': Not used on non-Windows systems
[0.658s] INFO:colcon.colcon_core.shell:Skip shell extension 'powershell' for command environment: Not usable outside of PowerShell
[0.659s] DEBUG:colcon.colcon_core.shell:Skip shell extension 'dsv' for command environment
[0.667s] INFO:colcon.colcon_ros.task.ament_python.build:Building ROS package in '/home/beingar/ros2_jazzy_ws/src/ur5_pick_place' with build type 'ament_python'
[0.668s] Level 1:colcon.colcon_core.shell:create_environment_hook('ur5_pick_place', 'ament_prefix_path')
[0.668s] INFO:colcon.colcon_core.shell:Creating environment hook '/home/beingar/ros2_jazzy_ws/install/ur5_pick_place/share/ur5_pick_place/hook/ament_prefix_path.ps1'
[0.670s] INFO:colcon.colcon_core.shell:Creating environment descriptor '/home/beingar/ros2_jazzy_ws/install/ur5_pick_place/share/ur5_pick_place/hook/ament_prefix_path.dsv'
[0.671s] INFO:colcon.colcon_core.shell:Creating environment hook '/home/beingar/ros2_jazzy_ws/install/ur5_pick_place/share/ur5_pick_place/hook/ament_prefix_path.sh'
[0.674s] INFO:colcon.colcon_core.shell:Skip shell extension 'powershell' for command environment: Not usable outside of PowerShell
[0.674s] DEBUG:colcon.colcon_core.shell:Skip shell extension 'dsv' for command environment
[0.696s] DEBUG:colcon.colcon_core.event_handler.log_command:Invoking command in '/home/beingar/ros2_jazzy_ws/build/ur5_moveit': CMAKE_PREFIX_PATH=${CMAKE_PREFIX_PATH}:/home/beingar/ros2_jazzy_ws/install/ur5_pick_place:/home/beingar/ros2_jazzy_ws/install/hri_manipulation:/opt/ros/jazzy DEBUGINFOD_URLS=https://debuginfod.ubuntu.com /usr/bin/cmake --build /home/beingar/ros2_jazzy_ws/build/ur5_moveit -- -j4 -l4
[1.273s] INFO:colcon.colcon_core.task.python.build:Building Python package in '/home/beingar/ros2_jazzy_ws/src/ur5_pick_place'
[1.273s] INFO:colcon.colcon_core.shell:Skip shell extension 'powershell' for command environment: Not usable outside of PowerShell
[1.273s] DEBUG:colcon.colcon_core.shell:Skip shell extension 'dsv' for command environment
[1.285s] DEBUG:colcon.colcon_core.event_handler.log_command:Invoked command in '/home/beingar/ros2_jazzy_ws/build/ur5_moveit' returned '0': CMAKE_PREFIX_PATH=${CMAKE_PREFIX_PATH}:/home/beingar/ros2_jazzy_ws/install/ur5_pick_place:/home/beingar/ros2_jazzy_ws/install/hri_manipulation:/opt/ros/jazzy DEBUGINFOD_URLS=https://debuginfod.ubuntu.com /usr/bin/cmake --build /home/beingar/ros2_jazzy_ws/build/ur5_moveit -- -j4 -l4
[1.312s] DEBUG:colcon.colcon_core.event_handler.log_command:Invoking command in '/home/beingar/ros2_jazzy_ws/build/ur5_moveit': CMAKE_PREFIX_PATH=${CMAKE_PREFIX_PATH}:/home/beingar/ros2_jazzy_ws/install/ur5_pick_place:/home/beingar/ros2_jazzy_ws/install/hri_manipulation:/opt/ros/jazzy DEBUGINFOD_URLS=https://debuginfod.ubuntu.com /usr/bin/cmake --install /home/beingar/ros2_jazzy_ws/build/ur5_moveit
[1.398s] Level 1:colcon.colcon_core.environment:create_environment_scripts_only(ur5_moveit)
[1.400s] DEBUG:colcon.colcon_core.event_handler.log_command:Invoked command in '/home/beingar/ros2_jazzy_ws/build/ur5_moveit' returned '0': CMAKE_PREFIX_PATH=${CMAKE_PREFIX_PATH}:/home/beingar/ros2_jazzy_ws/install/ur5_pick_place:/home/beingar/ros2_jazzy_ws/install/hri_manipulation:/opt/ros/jazzy DEBUGINFOD_URLS=https://debuginfod.ubuntu.com /usr/bin/cmake --install /home/beingar/ros2_jazzy_ws/build/ur5_moveit
[1.404s] Level 1:colcon.colcon_core.environment:checking '/home/beingar/ros2_jazzy_ws/install/ur5_moveit' for CMake module files
[1.406s] Level 1:colcon.colcon_core.environment:checking '/home/beingar/ros2_jazzy_ws/install/ur5_moveit' for CMake config files
[1.407s] Level 1:colcon.colcon_core.shell:create_environment_hook('ur5_moveit', 'cmake_prefix_path')
[1.408s] INFO:colcon.colcon_core.shell:Creating environment hook '/home/beingar/ros2_jazzy_ws/install/ur5_moveit/share/ur5_moveit/hook/cmake_prefix_path.ps1'
[1.408s] INFO:colcon.colcon_core.shell:Creating environment descriptor '/home/beingar/ros2_jazzy_ws/install/ur5_moveit/share/ur5_moveit/hook/cmake_prefix_path.dsv'
[1.409s] INFO:colcon.colcon_core.shell:Creating environment hook '/home/beingar/ros2_jazzy_ws/install/ur5_moveit/share/ur5_moveit/hook/cmake_prefix_path.sh'
[1.410s] Level 1:colcon.colcon_core.environment:checking '/home/beingar/ros2_jazzy_ws/install/ur5_moveit/bin'
[1.411s] Level 1:colcon.colcon_core.environment:checking '/home/beingar/ros2_jazzy_ws/install/ur5_moveit/lib/pkgconfig/ur5_moveit.pc'
[1.411s] Level 1:colcon.colcon_core.environment:checking '/home/beingar/ros2_jazzy_ws/install/ur5_moveit/lib/python3.12/site-packages'
[1.412s] Level 1:colcon.colcon_core.environment:checking '/home/beingar/ros2_jazzy_ws/install/ur5_moveit/bin'
[1.412s] INFO:colcon.colcon_core.shell:Creating package script '/home/beingar/ros2_jazzy_ws/install/ur5_moveit/share/ur5_moveit/package.ps1'
[1.413s] INFO:colcon.colcon_core.shell:Creating package descriptor '/home/beingar/ros2_jazzy_ws/install/ur5_moveit/share/ur5_moveit/package.dsv'
[1.414s] INFO:colcon.colcon_core.shell:Creating package script '/home/beingar/ros2_jazzy_ws/install/ur5_moveit/share/ur5_moveit/package.sh'
[1.416s] INFO:colcon.colcon_core.shell:Creating package script '/home/beingar/ros2_jazzy_ws/install/ur5_moveit/share/ur5_moveit/package.bash'
[1.417s] INFO:colcon.colcon_core.shell:Creating package script '/home/beingar/ros2_jazzy_ws/install/ur5_moveit/share/ur5_moveit/package.zsh'
[1.418s] Level 1:colcon.colcon_core.environment:create_file_with_runtime_dependencies(/home/beingar/ros2_jazzy_ws/install/ur5_moveit/share/colcon-core/packages/ur5_moveit)
[1.420s] Level 1:colcon.colcon_core.environment:create_environment_scripts_only(ur5_moveit)
[1.421s] Level 1:colcon.colcon_core.environment:checking '/home/beingar/ros2_jazzy_ws/install/ur5_moveit' for CMake module files
[1.422s] Level 1:colcon.colcon_core.environment:checking '/home/beingar/ros2_jazzy_ws/install/ur5_moveit' for CMake config files
[1.423s] Level 1:colcon.colcon_core.shell:create_environment_hook('ur5_moveit', 'cmake_prefix_path')
[1.424s] INFO:colcon.colcon_core.shell:Creating environment hook '/home/beingar/ros2_jazzy_ws/install/ur5_moveit/share/ur5_moveit/hook/cmake_prefix_path.ps1'
[1.425s] INFO:colcon.colcon_core.shell:Creating environment descriptor '/home/beingar/ros2_jazzy_ws/install/ur5_moveit/share/ur5_moveit/hook/cmake_prefix_path.dsv'
[1.425s] INFO:colcon.colcon_core.shell:Creating environment hook '/home/beingar/ros2_jazzy_ws/install/ur5_moveit/share/ur5_moveit/hook/cmake_prefix_path.sh'
[1.427s] Level 1:colcon.colcon_core.environment:checking '/home/beingar/ros2_jazzy_ws/install/ur5_moveit/bin'
[1.427s] Level 1:colcon.colcon_core.environment:checking '/home/beingar/ros2_jazzy_ws/install/ur5_moveit/lib/pkgconfig/ur5_moveit.pc'
[1.427s] Level 1:colcon.colcon_core.environment:checking '/home/beingar/ros2_jazzy_ws/install/ur5_moveit/lib/python3.12/site-packages'
[1.428s] Level 1:colcon.colcon_core.environment:checking '/home/beingar/ros2_jazzy_ws/install/ur5_moveit/bin'
[1.428s] INFO:colcon.colcon_core.shell:Creating package script '/home/beingar/ros2_jazzy_ws/install/ur5_moveit/share/ur5_moveit/package.ps1'
[1.429s] INFO:colcon.colcon_core.shell:Creating package descriptor '/home/beingar/ros2_jazzy_ws/install/ur5_moveit/share/ur5_moveit/package.dsv'
[1.430s] INFO:colcon.colcon_core.shell:Creating package script '/home/beingar/ros2_jazzy_ws/install/ur5_moveit/share/ur5_moveit/package.sh'
[1.431s] INFO:colcon.colcon_core.shell:Creating package script '/home/beingar/ros2_jazzy_ws/install/ur5_moveit/share/ur5_moveit/package.bash'
[1.432s] INFO:colcon.colcon_core.shell:Creating package script '/home/beingar/ros2_jazzy_ws/install/ur5_moveit/share/ur5_moveit/package.zsh'
[1.433s] Level 1:colcon.colcon_core.environment:create_file_with_runtime_dependencies(/home/beingar/ros2_jazzy_ws/install/ur5_moveit/share/colcon-core/packages/ur5_moveit)
[2.970s] DEBUG:colcon.colcon_core.event_handler.log_command:Invoking command in '/home/beingar/ros2_jazzy_ws/build/ur5_pick_place': DEBUGINFOD_URLS=https://debuginfod.ubuntu.com PYTHONPATH=/home/beingar/ros2_jazzy_ws/build/ur5_pick_place/prefix_override:/usr/lib/python3/dist-packages/colcon_core/task/python/colcon_distutils_commands:/home/beingar/ros2_jazzy_ws/install/ur5_pick_place/lib/python3.12/site-packages:${PYTHONPATH} /usr/bin/python3 -W ignore:setup.py install is deprecated -W ignore:easy_install command is deprecated setup.py develop --editable --build-directory /home/beingar/ros2_jazzy_ws/build/ur5_pick_place/build --no-deps symlink_data
[4.816s] Level 1:colcon.colcon_core.shell:create_environment_hook('ur5_pick_place', 'pythonpath_develop')
[4.817s] INFO:colcon.colcon_core.shell:Creating environment hook '/home/beingar/ros2_jazzy_ws/build/ur5_pick_place/share/ur5_pick_place/hook/pythonpath_develop.ps1'
[4.817s] DEBUG:colcon.colcon_core.event_handler.log_command:Invoked command in '/home/beingar/ros2_jazzy_ws/build/ur5_pick_place' returned '0': DEBUGINFOD_URLS=https://debuginfod.ubuntu.com PYTHONPATH=/home/beingar/ros2_jazzy_ws/build/ur5_pick_place/prefix_override:/usr/lib/python3/dist-packages/colcon_core/task/python/colcon_distutils_commands:/home/beingar/ros2_jazzy_ws/install/ur5_pick_place/lib/python3.12/site-packages:${PYTHONPATH} /usr/bin/python3 -W ignore:setup.py install is deprecated -W ignore:easy_install command is deprecated setup.py develop --editable --build-directory /home/beingar/ros2_jazzy_ws/build/ur5_pick_place/build --no-deps symlink_data
[4.819s] INFO:colcon.colcon_core.shell:Creating environment descriptor '/home/beingar/ros2_jazzy_ws/build/ur5_pick_place/share/ur5_pick_place/hook/pythonpath_develop.dsv'
[4.819s] INFO:colcon.colcon_core.shell:Creating environment hook '/home/beingar/ros2_jazzy_ws/build/ur5_pick_place/share/ur5_pick_place/hook/pythonpath_develop.sh'
[4.821s] Level 1:colcon.colcon_core.environment:checking '/home/beingar/ros2_jazzy_ws/install/ur5_pick_place' for CMake module files
[4.822s] Level 1:colcon.colcon_core.environment:checking '/home/beingar/ros2_jazzy_ws/install/ur5_pick_place' for CMake config files
[4.823s] Level 1:colcon.colcon_core.environment:checking '/home/beingar/ros2_jazzy_ws/install/ur5_pick_place/lib'
[4.824s] Level 1:colcon.colcon_core.environment:checking '/home/beingar/ros2_jazzy_ws/install/ur5_pick_place/bin'
[4.824s] Level 1:colcon.colcon_core.environment:checking '/home/beingar/ros2_jazzy_ws/install/ur5_pick_place/lib/pkgconfig/ur5_pick_place.pc'
[4.825s] Level 1:colcon.colcon_core.environment:checking '/home/beingar/ros2_jazzy_ws/install/ur5_pick_place/lib/python3.12/site-packages'
[4.825s] Level 1:colcon.colcon_core.shell:create_environment_hook('ur5_pick_place', 'pythonpath')
[4.825s] INFO:colcon.colcon_core.shell:Creating environment hook '/home/beingar/ros2_jazzy_ws/install/ur5_pick_place/share/ur5_pick_place/hook/pythonpath.ps1'
[4.827s] INFO:colcon.colcon_core.shell:Creating environment descriptor '/home/beingar/ros2_jazzy_ws/install/ur5_pick_place/share/ur5_pick_place/hook/pythonpath.dsv'
[4.827s] INFO:colcon.colcon_core.shell:Creating environment hook '/home/beingar/ros2_jazzy_ws/install/ur5_pick_place/share/ur5_pick_place/hook/pythonpath.sh'
[4.829s] Level 1:colcon.colcon_core.environment:checking '/home/beingar/ros2_jazzy_ws/install/ur5_pick_place/bin'
[4.829s] Level 1:colcon.colcon_core.environment:create_environment_scripts_only(ur5_pick_place)
[4.829s] INFO:colcon.colcon_core.shell:Creating package script '/home/beingar/ros2_jazzy_ws/install/ur5_pick_place/share/ur5_pick_place/package.ps1'
[4.830s] INFO:colcon.colcon_core.shell:Creating package descriptor '/home/beingar/ros2_jazzy_ws/install/ur5_pick_place/share/ur5_pick_place/package.dsv'
[4.831s] INFO:colcon.colcon_core.shell:Creating package script '/home/beingar/ros2_jazzy_ws/install/ur5_pick_place/share/ur5_pick_place/package.sh'
[4.832s] INFO:colcon.colcon_core.shell:Creating package script '/home/beingar/ros2_jazzy_ws/install/ur5_pick_place/share/ur5_pick_place/package.bash'
[4.833s] INFO:colcon.colcon_core.shell:Creating package script '/home/beingar/ros2_jazzy_ws/install/ur5_pick_place/share/ur5_pick_place/package.zsh'
[4.834s] Level 1:colcon.colcon_core.environment:create_file_with_runtime_dependencies(/home/beingar/ros2_jazzy_ws/install/ur5_pick_place/share/colcon-core/packages/ur5_pick_place)
[4.834s] DEBUG:colcon.colcon_parallel_executor.executor.parallel:closing loop
[4.835s] DEBUG:colcon.colcon_parallel_executor.executor.parallel:loop closed
[4.835s] DEBUG:colcon.colcon_parallel_executor.executor.parallel:run_until_complete finished with '0'
[4.835s] DEBUG:colcon.colcon_core.event_reactor:joining thread
[4.849s] INFO:colcon.colcon_core.plugin_system:Skipping extension 'colcon_notification.desktop_notification.terminal_notifier': Not used on non-Darwin systems
[4.849s] INFO:colcon.colcon_core.plugin_system:Skipping extension 'colcon_notification.desktop_notification.win32': Not used on non-Windows systems
[4.849s] INFO:colcon.colcon_notification.desktop_notification:Sending desktop notification using 'notify2'
[4.878s] DEBUG:colcon.colcon_core.event_reactor:joined thread
[4.879s] INFO:colcon.colcon_core.shell:Creating prefix script '/home/beingar/ros2_jazzy_ws/install/local_setup.ps1'
[4.880s] INFO:colcon.colcon_core.shell:Creating prefix util module '/home/beingar/ros2_jazzy_ws/install/_local_setup_util_ps1.py'
[4.883s] INFO:colcon.colcon_core.shell:Creating prefix chain script '/home/beingar/ros2_jazzy_ws/install/setup.ps1'
[4.888s] INFO:colcon.colcon_core.shell:Creating prefix script '/home/beingar/ros2_jazzy_ws/install/local_setup.sh'
[4.889s] INFO:colcon.colcon_core.shell:Creating prefix util module '/home/beingar/ros2_jazzy_ws/install/_local_setup_util_sh.py'
[4.890s] INFO:colcon.colcon_core.shell:Creating prefix chain script '/home/beingar/ros2_jazzy_ws/install/setup.sh'
[4.893s] INFO:colcon.colcon_core.shell:Creating prefix script '/home/beingar/ros2_jazzy_ws/install/local_setup.bash'
[4.894s] INFO:colcon.colcon_core.shell:Creating prefix chain script '/home/beingar/ros2_jazzy_ws/install/setup.bash'
[4.899s] INFO:colcon.colcon_core.shell:Creating prefix script '/home/beingar/ros2_jazzy_ws/install/local_setup.zsh'
[4.900s] INFO:colcon.colcon_core.shell:Creating prefix chain script '/home/beingar/ros2_jazzy_ws/install/setup.zsh'
