[1.000s] DEBUG:colcon:Command line arguments: ['/usr/bin/colcon', 'build', '--symlink-install', '--packages-select', 'hri_manipulation']
[1.000s] DEBUG:colcon:Parsed command line arguments: Namespace(log_base=None, log_level=None, verb_name='build', build_base='build', install_base='install', merge_install=False, symlink_install=True, test_result_base=None, continue_on_error=False, executor='parallel', parallel_workers=4, event_handlers=None, ignore_user_meta=False, metas=['./colcon.meta'], base_paths=['.'], packages_ignore=None, packages_ignore_regex=None, paths=None, packages_up_to=None, packages_up_to_regex=None, packages_above=None, packages_above_and_dependencies=None, packages_above_depth=None, packages_select_by_dep=None, packages_skip_by_dep=None, packages_skip_up_to=None, packages_select_build_failed=False, packages_skip_build_finished=False, packages_select_test_failures=False, packages_skip_test_passed=False, packages_select=['hri_manipulation'], packages_skip=None, packages_select_regex=None, packages_skip_regex=None, packages_start=None, packages_end=None, allow_overriding=[], cmake_args=None, cmake_target=None, cmake_target_skip_unavailable=False, cmake_clean_cache=False, cmake_clean_first=False, cmake_force_configure=False, ament_cmake_args=None, catkin_cmake_args=None, catkin_skip_building_tests=False, mixin_files=None, mixin=None, verb_parser=<colcon_mixin.mixin.mixin_argument.MixinArgumentDecorator object at 0x77728e159a90>, verb_extension=<colcon_core.verb.build.BuildVerb object at 0x77728e0b98e0>, main=<bound method BuildVerb.main of <colcon_core.verb.build.BuildVerb object at 0x77728e0b98e0>>, mixin_verb=('build',))
[1.258s] Level 1:colcon.colcon_core.package_discovery:discover_packages(colcon_meta) check parameters
[1.258s] Level 1:colcon.colcon_core.package_discovery:discover_packages(recursive) check parameters
[1.258s] Level 1:colcon.colcon_core.package_discovery:discover_packages(ignore) check parameters
[1.259s] Level 1:colcon.colcon_core.package_discovery:discover_packages(path) check parameters
[1.259s] Level 1:colcon.colcon_core.package_discovery:discover_packages(colcon_meta) discover
[1.260s] Level 1:colcon.colcon_core.package_discovery:discover_packages(recursive) discover
[1.260s] INFO:colcon.colcon_core.package_discovery:Crawling recursively for packages in '/home/beingar/ros2_jazzy_ws'
[1.260s] Level 1:colcon.colcon_core.package_identification:_identify(.) by extensions ['ignore', 'ignore_ament_install']
[1.261s] Level 1:colcon.colcon_core.package_identification:_identify(.) by extension 'ignore'
[1.261s] Level 1:colcon.colcon_core.package_identification:_identify(.) by extension 'ignore_ament_install'
[1.262s] Level 1:colcon.colcon_core.package_identification:_identify(.) by extensions ['colcon_pkg']
[1.262s] Level 1:colcon.colcon_core.package_identification:_identify(.) by extension 'colcon_pkg'
[1.262s] Level 1:colcon.colcon_core.package_identification:_identify(.) by extensions ['colcon_meta']
[1.263s] Level 1:colcon.colcon_core.package_identification:_identify(.) by extension 'colcon_meta'
[1.263s] Level 1:colcon.colcon_core.package_identification:_identify(.) by extensions ['ros']
[1.263s] Level 1:colcon.colcon_core.package_identification:_identify(.) by extension 'ros'
[1.455s] Level 1:colcon.colcon_core.package_identification:_identify(.) by extensions ['cmake', 'python']
[1.455s] Level 1:colcon.colcon_core.package_identification:_identify(.) by extension 'cmake'
[1.455s] Level 1:colcon.colcon_core.package_identification:_identify(.) by extension 'python'
[1.455s] Level 1:colcon.colcon_core.package_identification:_identify(.) by extensions ['python_setup_py']
[1.456s] Level 1:colcon.colcon_core.package_identification:_identify(.) by extension 'python_setup_py'
[1.456s] Level 1:colcon.colcon_core.package_identification:_identify(build) by extensions ['ignore', 'ignore_ament_install']
[1.456s] Level 1:colcon.colcon_core.package_identification:_identify(build) by extension 'ignore'
[1.457s] Level 1:colcon.colcon_core.package_identification:_identify(build) ignored
[1.457s] Level 1:colcon.colcon_core.package_identification:_identify(install) by extensions ['ignore', 'ignore_ament_install']
[1.458s] Level 1:colcon.colcon_core.package_identification:_identify(install) by extension 'ignore'
[1.458s] Level 1:colcon.colcon_core.package_identification:_identify(install) ignored
[1.459s] Level 1:colcon.colcon_core.package_identification:_identify(log) by extensions ['ignore', 'ignore_ament_install']
[1.459s] Level 1:colcon.colcon_core.package_identification:_identify(log) by extension 'ignore'
[1.459s] Level 1:colcon.colcon_core.package_identification:_identify(log) ignored
[1.460s] Level 1:colcon.colcon_core.package_identification:_identify(src) by extensions ['ignore', 'ignore_ament_install']
[1.460s] Level 1:colcon.colcon_core.package_identification:_identify(src) by extension 'ignore'
[1.460s] Level 1:colcon.colcon_core.package_identification:_identify(src) by extension 'ignore_ament_install'
[1.461s] Level 1:colcon.colcon_core.package_identification:_identify(src) by extensions ['colcon_pkg']
[1.461s] Level 1:colcon.colcon_core.package_identification:_identify(src) by extension 'colcon_pkg'
[1.461s] Level 1:colcon.colcon_core.package_identification:_identify(src) by extensions ['colcon_meta']
[1.461s] Level 1:colcon.colcon_core.package_identification:_identify(src) by extension 'colcon_meta'
[1.461s] Level 1:colcon.colcon_core.package_identification:_identify(src) by extensions ['ros']
[1.461s] Level 1:colcon.colcon_core.package_identification:_identify(src) by extension 'ros'
[1.462s] Level 1:colcon.colcon_core.package_identification:_identify(src) by extensions ['cmake', 'python']
[1.462s] Level 1:colcon.colcon_core.package_identification:_identify(src) by extension 'cmake'
[1.462s] Level 1:colcon.colcon_core.package_identification:_identify(src) by extension 'python'
[1.462s] Level 1:colcon.colcon_core.package_identification:_identify(src) by extensions ['python_setup_py']
[1.462s] Level 1:colcon.colcon_core.package_identification:_identify(src) by extension 'python_setup_py'
[1.463s] Level 1:colcon.colcon_core.package_identification:_identify(src/ur5e-moveit2-pick-place) by extensions ['ignore', 'ignore_ament_install']
[1.463s] Level 1:colcon.colcon_core.package_identification:_identify(src/ur5e-moveit2-pick-place) by extension 'ignore'
[1.464s] Level 1:colcon.colcon_core.package_identification:_identify(src/ur5e-moveit2-pick-place) by extension 'ignore_ament_install'
[1.464s] Level 1:colcon.colcon_core.package_identification:_identify(src/ur5e-moveit2-pick-place) by extensions ['colcon_pkg']
[1.464s] Level 1:colcon.colcon_core.package_identification:_identify(src/ur5e-moveit2-pick-place) by extension 'colcon_pkg'
[1.465s] Level 1:colcon.colcon_core.package_identification:_identify(src/ur5e-moveit2-pick-place) by extensions ['colcon_meta']
[1.465s] Level 1:colcon.colcon_core.package_identification:_identify(src/ur5e-moveit2-pick-place) by extension 'colcon_meta'
[1.465s] Level 1:colcon.colcon_core.package_identification:_identify(src/ur5e-moveit2-pick-place) by extensions ['ros']
[1.465s] Level 1:colcon.colcon_core.package_identification:_identify(src/ur5e-moveit2-pick-place) by extension 'ros'
[1.510s] DEBUG:colcon.colcon_core.package_identification:Package 'src/ur5e-moveit2-pick-place' with type 'ros.ament_python' and name 'hri_manipulation'
[1.511s] Level 1:colcon.colcon_core.package_discovery:discover_packages(recursive) using defaults
[1.511s] Level 1:colcon.colcon_core.package_discovery:discover_packages(ignore) discover
[1.511s] Level 1:colcon.colcon_core.package_discovery:discover_packages(ignore) using defaults
[1.511s] Level 1:colcon.colcon_core.package_discovery:discover_packages(path) discover
[1.511s] Level 1:colcon.colcon_core.package_discovery:discover_packages(path) using defaults
[1.804s] Level 1:colcon.colcon_core.package_discovery:discover_packages(prefix_path) check parameters
[1.804s] Level 1:colcon.colcon_core.package_discovery:discover_packages(prefix_path) discover
[1.836s] DEBUG:colcon.colcon_installed_package_information.package_discovery:Found 1 installed packages in /home/beingar/ros2_jazzy_ws/install
[1.857s] DEBUG:colcon.colcon_installed_package_information.package_discovery:Found 443 installed packages in /opt/ros/jazzy
[1.868s] Level 1:colcon.colcon_core.package_discovery:discover_packages(prefix_path) using defaults
[2.137s] Level 5:colcon.colcon_core.verb:set package 'hri_manipulation' build argument 'cmake_args' from command line to 'None'
[2.137s] Level 5:colcon.colcon_core.verb:set package 'hri_manipulation' build argument 'cmake_target' from command line to 'None'
[2.137s] Level 5:colcon.colcon_core.verb:set package 'hri_manipulation' build argument 'cmake_target_skip_unavailable' from command line to 'False'
[2.138s] Level 5:colcon.colcon_core.verb:set package 'hri_manipulation' build argument 'cmake_clean_cache' from command line to 'False'
[2.138s] Level 5:colcon.colcon_core.verb:set package 'hri_manipulation' build argument 'cmake_clean_first' from command line to 'False'
[2.138s] Level 5:colcon.colcon_core.verb:set package 'hri_manipulation' build argument 'cmake_force_configure' from command line to 'False'
[2.138s] Level 5:colcon.colcon_core.verb:set package 'hri_manipulation' build argument 'ament_cmake_args' from command line to 'None'
[2.138s] Level 5:colcon.colcon_core.verb:set package 'hri_manipulation' build argument 'catkin_cmake_args' from command line to 'None'
[2.138s] Level 5:colcon.colcon_core.verb:set package 'hri_manipulation' build argument 'catkin_skip_building_tests' from command line to 'False'
[2.138s] DEBUG:colcon.colcon_core.verb:Building package 'hri_manipulation' with the following arguments: {'ament_cmake_args': None, 'build_base': '/home/beingar/ros2_jazzy_ws/build/hri_manipulation', 'catkin_cmake_args': None, 'catkin_skip_building_tests': False, 'cmake_args': None, 'cmake_clean_cache': False, 'cmake_clean_first': False, 'cmake_force_configure': False, 'cmake_target': None, 'cmake_target_skip_unavailable': False, 'install_base': '/home/beingar/ros2_jazzy_ws/install/hri_manipulation', 'merge_install': False, 'path': '/home/beingar/ros2_jazzy_ws/src/ur5e-moveit2-pick-place', 'symlink_install': True, 'test_result_base': None}
[2.138s] INFO:colcon.colcon_core.executor:Executing jobs using 'parallel' executor
[2.140s] DEBUG:colcon.colcon_parallel_executor.executor.parallel:run_until_complete
[2.140s] INFO:colcon.colcon_ros.task.ament_python.build:Building ROS package in '/home/beingar/ros2_jazzy_ws/src/ur5e-moveit2-pick-place' with build type 'ament_python'
[2.140s] Level 1:colcon.colcon_core.shell:create_environment_hook('hri_manipulation', 'ament_prefix_path')
[2.178s] INFO:colcon.colcon_core.plugin_system:Skipping extension 'colcon_core.shell.bat': Not used on non-Windows systems
[2.179s] INFO:colcon.colcon_core.shell:Creating environment hook '/home/beingar/ros2_jazzy_ws/install/hri_manipulation/share/hri_manipulation/hook/ament_prefix_path.ps1'
[2.197s] INFO:colcon.colcon_core.shell:Creating environment descriptor '/home/beingar/ros2_jazzy_ws/install/hri_manipulation/share/hri_manipulation/hook/ament_prefix_path.dsv'
[2.211s] INFO:colcon.colcon_core.shell:Creating environment hook '/home/beingar/ros2_jazzy_ws/install/hri_manipulation/share/hri_manipulation/hook/ament_prefix_path.sh'
[2.214s] INFO:colcon.colcon_core.shell:Skip shell extension 'powershell' for command environment: Not usable outside of PowerShell
[2.214s] DEBUG:colcon.colcon_core.shell:Skip shell extension 'dsv' for command environment
[2.898s] INFO:colcon.colcon_core.task.python.build:Building Python package in '/home/beingar/ros2_jazzy_ws/src/ur5e-moveit2-pick-place'
[2.898s] INFO:colcon.colcon_core.shell:Skip shell extension 'powershell' for command environment: Not usable outside of PowerShell
[2.898s] DEBUG:colcon.colcon_core.shell:Skip shell extension 'dsv' for command environment
[5.979s] DEBUG:colcon.colcon_core.event_handler.log_command:Invoking command in '/home/beingar/ros2_jazzy_ws/build/hri_manipulation': DEBUGINFOD_URLS=https://debuginfod.ubuntu.com PYTHONPATH=/home/beingar/ros2_jazzy_ws/build/hri_manipulation/prefix_override:/usr/lib/python3/dist-packages/colcon_core/task/python/colcon_distutils_commands:/home/beingar/ros2_jazzy_ws/install/hri_manipulation/lib/python3.12/site-packages:${PYTHONPATH} /usr/bin/python3 -W ignore:setup.py install is deprecated -W ignore:easy_install command is deprecated setup.py develop --editable --build-directory /home/beingar/ros2_jazzy_ws/build/hri_manipulation/build --no-deps symlink_data
[8.001s] Level 1:colcon.colcon_core.shell:create_environment_hook('hri_manipulation', 'pythonpath_develop')
[8.002s] INFO:colcon.colcon_core.shell:Creating environment hook '/home/beingar/ros2_jazzy_ws/build/hri_manipulation/share/hri_manipulation/hook/pythonpath_develop.ps1'
[8.002s] DEBUG:colcon.colcon_core.event_handler.log_command:Invoked command in '/home/beingar/ros2_jazzy_ws/build/hri_manipulation' returned '0': DEBUGINFOD_URLS=https://debuginfod.ubuntu.com PYTHONPATH=/home/beingar/ros2_jazzy_ws/build/hri_manipulation/prefix_override:/usr/lib/python3/dist-packages/colcon_core/task/python/colcon_distutils_commands:/home/beingar/ros2_jazzy_ws/install/hri_manipulation/lib/python3.12/site-packages:${PYTHONPATH} /usr/bin/python3 -W ignore:setup.py install is deprecated -W ignore:easy_install command is deprecated setup.py develop --editable --build-directory /home/beingar/ros2_jazzy_ws/build/hri_manipulation/build --no-deps symlink_data
[8.003s] INFO:colcon.colcon_core.shell:Creating environment descriptor '/home/beingar/ros2_jazzy_ws/build/hri_manipulation/share/hri_manipulation/hook/pythonpath_develop.dsv'
[8.004s] INFO:colcon.colcon_core.shell:Creating environment hook '/home/beingar/ros2_jazzy_ws/build/hri_manipulation/share/hri_manipulation/hook/pythonpath_develop.sh'
[8.046s] Level 1:colcon.colcon_core.environment:checking '/home/beingar/ros2_jazzy_ws/install/hri_manipulation' for CMake module files
[8.047s] Level 1:colcon.colcon_core.environment:checking '/home/beingar/ros2_jazzy_ws/install/hri_manipulation' for CMake config files
[8.048s] Level 1:colcon.colcon_core.environment:checking '/home/beingar/ros2_jazzy_ws/install/hri_manipulation/lib'
[8.048s] Level 1:colcon.colcon_core.environment:checking '/home/beingar/ros2_jazzy_ws/install/hri_manipulation/bin'
[8.048s] Level 1:colcon.colcon_core.environment:checking '/home/beingar/ros2_jazzy_ws/install/hri_manipulation/lib/pkgconfig/hri_manipulation.pc'
[8.049s] Level 1:colcon.colcon_core.environment:checking '/home/beingar/ros2_jazzy_ws/install/hri_manipulation/lib/python3.12/site-packages'
[8.049s] Level 1:colcon.colcon_core.shell:create_environment_hook('hri_manipulation', 'pythonpath')
[8.049s] INFO:colcon.colcon_core.shell:Creating environment hook '/home/beingar/ros2_jazzy_ws/install/hri_manipulation/share/hri_manipulation/hook/pythonpath.ps1'
[8.050s] INFO:colcon.colcon_core.shell:Creating environment descriptor '/home/beingar/ros2_jazzy_ws/install/hri_manipulation/share/hri_manipulation/hook/pythonpath.dsv'
[8.051s] INFO:colcon.colcon_core.shell:Creating environment hook '/home/beingar/ros2_jazzy_ws/install/hri_manipulation/share/hri_manipulation/hook/pythonpath.sh'
[8.052s] Level 1:colcon.colcon_core.environment:checking '/home/beingar/ros2_jazzy_ws/install/hri_manipulation/bin'
[8.052s] Level 1:colcon.colcon_core.environment:create_environment_scripts_only(hri_manipulation)
[8.053s] INFO:colcon.colcon_core.shell:Creating package script '/home/beingar/ros2_jazzy_ws/install/hri_manipulation/share/hri_manipulation/package.ps1'
[8.065s] INFO:colcon.colcon_core.shell:Creating package descriptor '/home/beingar/ros2_jazzy_ws/install/hri_manipulation/share/hri_manipulation/package.dsv'
[8.079s] INFO:colcon.colcon_core.shell:Creating package script '/home/beingar/ros2_jazzy_ws/install/hri_manipulation/share/hri_manipulation/package.sh'
[8.081s] INFO:colcon.colcon_core.shell:Creating package script '/home/beingar/ros2_jazzy_ws/install/hri_manipulation/share/hri_manipulation/package.bash'
[8.092s] INFO:colcon.colcon_core.shell:Creating package script '/home/beingar/ros2_jazzy_ws/install/hri_manipulation/share/hri_manipulation/package.zsh'
[8.104s] Level 1:colcon.colcon_core.environment:create_file_with_runtime_dependencies(/home/beingar/ros2_jazzy_ws/install/hri_manipulation/share/colcon-core/packages/hri_manipulation)
[8.105s] DEBUG:colcon.colcon_parallel_executor.executor.parallel:closing loop
[8.106s] DEBUG:colcon.colcon_parallel_executor.executor.parallel:loop closed
[8.106s] DEBUG:colcon.colcon_parallel_executor.executor.parallel:run_until_complete finished with '0'
[8.106s] DEBUG:colcon.colcon_core.event_reactor:joining thread
[8.173s] INFO:colcon.colcon_core.plugin_system:Skipping extension 'colcon_notification.desktop_notification.terminal_notifier': Not used on non-Darwin systems
[8.173s] INFO:colcon.colcon_core.plugin_system:Skipping extension 'colcon_notification.desktop_notification.win32': Not used on non-Windows systems
[8.173s] INFO:colcon.colcon_notification.desktop_notification:Sending desktop notification using 'notify2'
[8.222s] DEBUG:colcon.colcon_core.event_reactor:joined thread
[8.222s] INFO:colcon.colcon_core.shell:Creating prefix script '/home/beingar/ros2_jazzy_ws/install/local_setup.ps1'
[8.225s] INFO:colcon.colcon_core.shell:Creating prefix util module '/home/beingar/ros2_jazzy_ws/install/_local_setup_util_ps1.py'
[8.234s] INFO:colcon.colcon_core.shell:Creating prefix chain script '/home/beingar/ros2_jazzy_ws/install/setup.ps1'
[8.238s] INFO:colcon.colcon_core.shell:Creating prefix script '/home/beingar/ros2_jazzy_ws/install/local_setup.sh'
[8.241s] INFO:colcon.colcon_core.shell:Creating prefix util module '/home/beingar/ros2_jazzy_ws/install/_local_setup_util_sh.py'
[8.242s] INFO:colcon.colcon_core.shell:Creating prefix chain script '/home/beingar/ros2_jazzy_ws/install/setup.sh'
[8.246s] INFO:colcon.colcon_core.shell:Creating prefix script '/home/beingar/ros2_jazzy_ws/install/local_setup.bash'
[8.248s] INFO:colcon.colcon_core.shell:Creating prefix chain script '/home/beingar/ros2_jazzy_ws/install/setup.bash'
[8.251s] INFO:colcon.colcon_core.shell:Creating prefix script '/home/beingar/ros2_jazzy_ws/install/local_setup.zsh'
[8.253s] INFO:colcon.colcon_core.shell:Creating prefix chain script '/home/beingar/ros2_jazzy_ws/install/setup.zsh'
