[0.000000] (-) TimerEvent: {}
[0.000488] (-) JobUnselected: {'identifier': 'ur5_controller'}
[0.000674] (-) JobUnselected: {'identifier': 'ur5_description'}
[0.000850] (-) JobUnselected: {'identifier': 'ur5_moveit'}
[0.001133] (ur5_pick_place) JobQueued: {'identifier': 'ur5_pick_place', 'dependencies': OrderedDict()}
[0.001302] (ur5_pick_place) JobStarted: {'identifier': 'ur5_pick_place'}
[0.097212] (-) TimerEvent: {}
[0.197578] (-) TimerEvent: {}
[0.297961] (-) TimerEvent: {}
[0.398303] (-) TimerEvent: {}
[0.498670] (-) TimerEvent: {}
[0.599019] (-) TimerEvent: {}
[0.699362] (-) TimerEvent: {}
[0.799678] (-) TimerEvent: {}
[0.900038] (-) TimerEvent: {}
[1.000514] (-) TimerEvent: {}
[1.101460] (-) TimerEvent: {}
[1.201901] (-) TimerEvent: {}
[1.302958] (-) TimerEvent: {}
[1.403389] (-) TimerEvent: {}
[1.503801] (-) TimerEvent: {}
[1.605193] (-) TimerEvent: {}
[1.705922] (-) TimerEvent: {}
[1.806342] (-) TimerEvent: {}
[1.907555] (-) TimerEvent: {}
[2.010371] (-) TimerEvent: {}
[2.110743] (-) TimerEvent: {}
[2.211111] (-) TimerEvent: {}
[2.311495] (-) TimerEvent: {}
[2.413091] (-) TimerEvent: {}
[2.513574] (-) TimerEvent: {}
[2.615957] (-) TimerEvent: {}
[2.717236] (-) TimerEvent: {}
[2.818007] (-) TimerEvent: {}
[2.919501] (-) TimerEvent: {}
[3.019893] (-) TimerEvent: {}
[3.120312] (-) TimerEvent: {}
[3.220901] (-) TimerEvent: {}
[3.321576] (-) TimerEvent: {}
[3.422043] (-) TimerEvent: {}
[3.522657] (-) TimerEvent: {}
[3.562926] (ur5_pick_place) StderrLine: {'line': b'Traceback (most recent call last):\n  File "/usr/lib/python3/dist-packages/colcon_parallel_executor/executor/parallel.py", line 75, in execute\n    loop.run_until_complete(future)\n  File "/usr/lib/python3.10/asyncio/base_events.py", line 636, in run_until_complete\n    self.run_forever()\n  File "/usr/lib/python3.10/asyncio/base_events.py", line 603, in run_forever\n    self._run_once()\n  File "/usr/lib/python3.10/asyncio/base_events.py", line 1871, in _run_once\n    event_list = self._selector.select(timeout)\n  File "/usr/lib/python3.10/selectors.py", line 469, in select\n    fd_event_list = self._selector.poll(timeout, max_ev)\nKeyboardInterrupt\n\nDuring handling of the above exception, another exception occurred:\n\nTraceback (most recent call last):\n  File "/usr/lib/python3/dist-packages/colcon_core/executor/__init__.py", line 91, in __call__\n    rc = await self.task(*args, **kwargs)\n  File "/usr/lib/python3/dist-packages/colcon_core/task/__init__.py", line 93, in __call__\n    return await task_method(*args, **kwargs)\n  File "/usr/lib/python3/dist-packages/colcon_ros/task/ament_python/build.py", line 102, in build\n    return await extension.build(additional_hooks=additional_hooks)\n  File "/usr/lib/python3/dist-packages/colcon_core/task/python/build.py", line 96, in build\n    available_commands = await self._get_available_commands(\n  File "/usr/lib/python3/dist-packages/colcon_core/task/python/build.py", line 194, in _get_available_commands\n    output = await check_output(\n  File "/usr/lib/python3/dist-packages/colcon_core/subprocess.py", line 129, in check_output\n    assert not rc, f\'Expected {args} to pass: {stderr_data}\'\nAssertionError: Expected [\'/usr/bin/python3\', \'-W\', \'ignore:setup.py install is deprecated\', \'-W\', \'ignore:easy_install command is deprecated\', \'setup.py\', \'--help-commands\'] to pass: Traceback (most recent call last):\n  File "/ros2_ws/src/UR5_Jazzy_Moveit2_Pick_Place/src/ur5_pick_place/setup.py", line 5, in <module>\n    setup(\n  File "/usr/lib/python3/dist-packages/setuptools/__init__.py", line 153, in setup\n    return distutils.core.setup(**attrs)\n  File "/usr/lib/python3.10/distutils/core.py", line 134, in setup\n    ok = dist.parse_command_line()\n  File "/usr/lib/python3.10/distutils/dist.py", line 480, in parse_command_line\n    if self.handle_display_options(option_order):\n  File "/usr/lib/python3/dist-packages/setuptools/dist.py", line 1126, in handle_display_options\n    return _Distribution.handle_display_options(self, option_order)\n  File "/usr/lib/python3.10/distutils/dist.py", line 683, in handle_display_options\n    self.print_commands()\n  File "/usr/lib/python3/dist-packages/setuptools/dist.py", line 904, in print_commands\n    return _Distribution.print_commands(self)\n  File "/usr/lib/python3.10/distutils/dist.py", line 752, in print_commands\n    self.print_command_list(std_commands,\n  File "/usr/lib/python3.10/distutils/dist.py", line 720, in print_command_list\n    klass = self.get_command_class(cmd)\n  File "/usr/lib/python3/dist-packages/setuptools/dist.py", line 896, in get_command_class\n    return _Distribution.get_command_class(self, command)\n  File "/usr/lib/python3.10/distutils/dist.py", line 828, in get_command_class\n    __import__(module_name)\n  File "/usr/lib/python3.10/distutils/command/check.py", line 11, in <module>\n    from docutils.parsers.rst import Parser\n  File "/usr/lib/python3/dist-packages/docutils/parsers/rst/__init__.py", line 77, in <module>\n    from docutils.transforms import universal\n  File "/usr/lib/python3/dist-packages/docutils/transforms/universal.py", line 24, in <module>\n    from docutils.utils import smartquotes\n  File "<frozen importlib._bootstrap>", line 1027, in _find_and_load\n  File "<frozen importlib._bootstrap>", line 1006, in _find_and_load_unlocked\n  File "<frozen importlib._bootstrap>", line 688, in _load_unlocked\n  File "<frozen importlib._bootstrap_external>", line 879, in exec_module\n  File "<frozen importlib._bootstrap_external>", line 957, in get_code\n  File "<frozen importlib._bootstrap_external>", line 542, in _check_name_wrapper\nKeyboardInterrupt\n\n'}
[3.566673] (ur5_pick_place) JobEnded: {'identifier': 'ur5_pick_place', 'rc': 'SIGINT'}
[3.576387] (-) EventReactorShutdown: {}
