[3.057s] Invoking command in '/ros2_ws/src/UR5_Jazzy_Moveit2_Pick_Place/src/ur5_pick_place': PYTHONPATH=/ros2_ws/src/UR5_Jazzy_Moveit2_Pick_Place/build/ur5_pick_place/prefix_override:/usr/lib/python3/dist-packages/colcon_core/task/python/colcon_distutils_commands:/ros2_ws/src/UR5_Jazzy_Moveit2_Pick_Place/install/ur5_pick_place/lib/python3.10/site-packages:${PYTHONPATH} /usr/bin/python3 -W ignore:setup.py install is deprecated -W ignore:easy_install command is deprecated setup.py egg_info --egg-base ../../build/ur5_pick_place build --build-base /ros2_ws/src/UR5_Jazzy_Moveit2_Pick_Place/build/ur5_pick_place/build install --record /ros2_ws/src/UR5_Jazzy_Moveit2_Pick_Place/build/ur5_pick_place/install.log --single-version-externally-managed install_data
[4.579s] running egg_info
[4.582s] writing ../../build/ur5_pick_place/ur5_pick_place.egg-info/PKG-INFO
[4.584s] writing dependency_links to ../../build/ur5_pick_place/ur5_pick_place.egg-info/dependency_links.txt
[4.585s] writing entry points to ../../build/ur5_pick_place/ur5_pick_place.egg-info/entry_points.txt
[4.586s] writing requirements to ../../build/ur5_pick_place/ur5_pick_place.egg-info/requires.txt
[4.587s] writing top-level names to ../../build/ur5_pick_place/ur5_pick_place.egg-info/top_level.txt
[4.595s] reading manifest file '../../build/ur5_pick_place/ur5_pick_place.egg-info/SOURCES.txt'
[4.599s] writing manifest file '../../build/ur5_pick_place/ur5_pick_place.egg-info/SOURCES.txt'
[4.601s] running build
[4.601s] running build_py
[4.602s] copying ur5_pick_place/config_loader.py -> /ros2_ws/src/UR5_Jazzy_Moveit2_Pick_Place/build/ur5_pick_place/build/lib/ur5_pick_place
[4.605s] running install
[4.606s] running install_lib
[4.611s] copying /ros2_ws/src/UR5_Jazzy_Moveit2_Pick_Place/build/ur5_pick_place/build/lib/ur5_pick_place/config_loader.py -> /ros2_ws/src/UR5_Jazzy_Moveit2_Pick_Place/install/ur5_pick_place/lib/python3.10/site-packages/ur5_pick_place
[4.615s] byte-compiling /ros2_ws/src/UR5_Jazzy_Moveit2_Pick_Place/install/ur5_pick_place/lib/python3.10/site-packages/ur5_pick_place/config_loader.py to config_loader.cpython-310.pyc
[4.622s] running install_data
[4.622s] running install_egg_info
[4.630s] removing '/ros2_ws/src/UR5_Jazzy_Moveit2_Pick_Place/install/ur5_pick_place/lib/python3.10/site-packages/ur5_pick_place-2.0.0-py3.10.egg-info' (and everything under it)
[4.631s] Copying ../../build/ur5_pick_place/ur5_pick_place.egg-info to /ros2_ws/src/UR5_Jazzy_Moveit2_Pick_Place/install/ur5_pick_place/lib/python3.10/site-packages/ur5_pick_place-2.0.0-py3.10.egg-info
[4.636s] running install_scripts
[4.762s] Installing add_object_legacy script to /ros2_ws/src/UR5_Jazzy_Moveit2_Pick_Place/install/ur5_pick_place/lib/ur5_pick_place
[4.764s] Installing fake_object_pose_legacy script to /ros2_ws/src/UR5_Jazzy_Moveit2_Pick_Place/install/ur5_pick_place/lib/ur5_pick_place
[4.765s] Installing joint_state_pub_legacy script to /ros2_ws/src/UR5_Jazzy_Moveit2_Pick_Place/install/ur5_pick_place/lib/ur5_pick_place
[4.766s] Installing pick_place_node script to /ros2_ws/src/UR5_Jazzy_Moveit2_Pick_Place/install/ur5_pick_place/lib/ur5_pick_place
[4.767s] Installing pick_place_node_legacy script to /ros2_ws/src/UR5_Jazzy_Moveit2_Pick_Place/install/ur5_pick_place/lib/ur5_pick_place
[4.769s] Installing pose_sender script to /ros2_ws/src/UR5_Jazzy_Moveit2_Pick_Place/install/ur5_pick_place/lib/ur5_pick_place
[4.769s] Installing pose_sender_legacy script to /ros2_ws/src/UR5_Jazzy_Moveit2_Pick_Place/install/ur5_pick_place/lib/ur5_pick_place
[4.771s] writing list of installed files to '/ros2_ws/src/UR5_Jazzy_Moveit2_Pick_Place/build/ur5_pick_place/install.log'
[4.869s] Invoked command in '/ros2_ws/src/UR5_Jazzy_Moveit2_Pick_Place/src/ur5_pick_place' returned '0': PYTHONPATH=/ros2_ws/src/UR5_Jazzy_Moveit2_Pick_Place/build/ur5_pick_place/prefix_override:/usr/lib/python3/dist-packages/colcon_core/task/python/colcon_distutils_commands:/ros2_ws/src/UR5_Jazzy_Moveit2_Pick_Place/install/ur5_pick_place/lib/python3.10/site-packages:${PYTHONPATH} /usr/bin/python3 -W ignore:setup.py install is deprecated -W ignore:easy_install command is deprecated setup.py egg_info --egg-base ../../build/ur5_pick_place build --build-base /ros2_ws/src/UR5_Jazzy_Moveit2_Pick_Place/build/ur5_pick_place/build install --record /ros2_ws/src/UR5_Jazzy_Moveit2_Pick_Place/build/ur5_pick_place/install.log --single-version-externally-managed install_data
