[0.041s] Invoking command in '/home/beingar/ros2_jazzy_ws/build/ur5_moveit': CMAKE_PREFIX_PATH=${CMAKE_PREFIX_PATH}:/home/beingar/ros2_jazzy_ws/install/ur5_pick_place:/home/beingar/ros2_jazzy_ws/install/hri_manipulation:/opt/ros/jazzy DEBUGINFOD_URLS=https://debuginfod.ubuntu.com /usr/bin/cmake --build /home/beingar/ros2_jazzy_ws/build/ur5_moveit -- -j4 -l4
[0.631s] Invoked command in '/home/beingar/ros2_jazzy_ws/build/ur5_moveit' returned '0': CMAKE_PREFIX_PATH=${CMAKE_PREFIX_PATH}:/home/beingar/ros2_jazzy_ws/install/ur5_pick_place:/home/beingar/ros2_jazzy_ws/install/hri_manipulation:/opt/ros/jazzy DEBUGINFOD_URLS=https://debuginfod.ubuntu.com /usr/bin/cmake --build /home/beingar/ros2_jazzy_ws/build/ur5_moveit -- -j4 -l4
[0.658s] Invoking command in '/home/beingar/ros2_jazzy_ws/build/ur5_moveit': CMAKE_PREFIX_PATH=${CMAKE_PREFIX_PATH}:/home/beingar/ros2_jazzy_ws/install/ur5_pick_place:/home/beingar/ros2_jazzy_ws/install/hri_manipulation:/opt/ros/jazzy DEBUGINFOD_URLS=https://debuginfod.ubuntu.com /usr/bin/cmake --install /home/beingar/ros2_jazzy_ws/build/ur5_moveit
[0.678s] -- Install configuration: ""
[0.680s] -- Execute custom install script
[0.681s] -- Up-to-date symlink: /home/beingar/ros2_jazzy_ws/install/ur5_moveit/share/ur5_moveit/launch/moveit.launch.py
[0.681s] -- Up-to-date symlink: /home/beingar/ros2_jazzy_ws/install/ur5_moveit/share/ur5_moveit/launch/simulated_robot.launch.py
[0.686s] -- Up-to-date symlink: /home/beingar/ros2_jazzy_ws/install/ur5_moveit/share/ur5_moveit/config/controller_setting.yaml
[0.686s] -- Up-to-date symlink: /home/beingar/ros2_jazzy_ws/install/ur5_moveit/share/ur5_moveit/config/initial_positions.yaml
[0.687s] -- Up-to-date symlink: /home/beingar/ros2_jazzy_ws/install/ur5_moveit/share/ur5_moveit/config/joint_limits.yaml
[0.688s] -- Up-to-date symlink: /home/beingar/ros2_jazzy_ws/install/ur5_moveit/share/ur5_moveit/config/kinematics.yaml
[0.688s] -- Up-to-date symlink: /home/beingar/ros2_jazzy_ws/install/ur5_moveit/share/ur5_moveit/config/moveit.rviz
[0.688s] -- Up-to-date symlink: /home/beingar/ros2_jazzy_ws/install/ur5_moveit/share/ur5_moveit/config/moveit_controllers.yaml
[0.689s] -- Symlinking: /home/beingar/ros2_jazzy_ws/install/ur5_moveit/share/ur5_moveit/config/ompl_planning.yaml
[0.709s] -- Up-to-date symlink: /home/beingar/ros2_jazzy_ws/install/ur5_moveit/share/ur5_moveit/config/pilz_cartesian_limits.yaml
[0.709s] -- Up-to-date symlink: /home/beingar/ros2_jazzy_ws/install/ur5_moveit/share/ur5_moveit/config/ros2_controllers.yaml
[0.710s] -- Up-to-date symlink: /home/beingar/ros2_jazzy_ws/install/ur5_moveit/share/ur5_moveit/config/ur5_robot.srdf
[0.710s] -- Up-to-date symlink: /home/beingar/ros2_jazzy_ws/install/ur5_moveit/share/ament_index/resource_index/package_run_dependencies/ur5_moveit
[0.711s] -- Up-to-date symlink: /home/beingar/ros2_jazzy_ws/install/ur5_moveit/share/ament_index/resource_index/parent_prefix_path/ur5_moveit
[0.711s] -- Up-to-date symlink: /home/beingar/ros2_jazzy_ws/install/ur5_moveit/share/ur5_moveit/environment/ament_prefix_path.sh
[0.712s] -- Up-to-date symlink: /home/beingar/ros2_jazzy_ws/install/ur5_moveit/share/ur5_moveit/environment/ament_prefix_path.dsv
[0.713s] -- Up-to-date symlink: /home/beingar/ros2_jazzy_ws/install/ur5_moveit/share/ur5_moveit/environment/path.sh
[0.713s] -- Up-to-date symlink: /home/beingar/ros2_jazzy_ws/install/ur5_moveit/share/ur5_moveit/environment/path.dsv
[0.714s] -- Up-to-date symlink: /home/beingar/ros2_jazzy_ws/install/ur5_moveit/share/ur5_moveit/local_setup.bash
[0.714s] -- Up-to-date symlink: /home/beingar/ros2_jazzy_ws/install/ur5_moveit/share/ur5_moveit/local_setup.sh
[0.715s] -- Up-to-date symlink: /home/beingar/ros2_jazzy_ws/install/ur5_moveit/share/ur5_moveit/local_setup.zsh
[0.716s] -- Up-to-date symlink: /home/beingar/ros2_jazzy_ws/install/ur5_moveit/share/ur5_moveit/local_setup.dsv
[0.716s] -- Symlinking: /home/beingar/ros2_jazzy_ws/install/ur5_moveit/share/ur5_moveit/package.dsv
[0.740s] -- Up-to-date symlink: /home/beingar/ros2_jazzy_ws/install/ur5_moveit/share/ament_index/resource_index/packages/ur5_moveit
[0.740s] -- Up-to-date symlink: /home/beingar/ros2_jazzy_ws/install/ur5_moveit/share/ur5_moveit/cmake/ur5_moveitConfig.cmake
[0.741s] -- Up-to-date symlink: /home/beingar/ros2_jazzy_ws/install/ur5_moveit/share/ur5_moveit/cmake/ur5_moveitConfig-version.cmake
[0.742s] -- Up-to-date symlink: /home/beingar/ros2_jazzy_ws/install/ur5_moveit/share/ur5_moveit/package.xml
[0.746s] Invoked command in '/home/beingar/ros2_jazzy_ws/build/ur5_moveit' returned '0': CMAKE_PREFIX_PATH=${CMAKE_PREFIX_PATH}:/home/beingar/ros2_jazzy_ws/install/ur5_pick_place:/home/beingar/ros2_jazzy_ws/install/hri_manipulation:/opt/ros/jazzy DEBUGINFOD_URLS=https://debuginfod.ubuntu.com /usr/bin/cmake --install /home/beingar/ros2_jazzy_ws/build/ur5_moveit
