[0.951s] DEBUG:colcon:Command line arguments: ['/usr/bin/colcon', 'build', '--packages-select', 'ur5_pick_place']
[0.952s] DEBUG:colcon:Parsed command line arguments: Namespace(log_base=None, log_level=None, verb_name='build', build_base='build', install_base='install', merge_install=False, symlink_install=False, test_result_base=None, continue_on_error=False, executor='parallel', parallel_workers=4, event_handlers=None, ignore_user_meta=False, metas=['./colcon.meta'], base_paths=['.'], packages_ignore=None, packages_ignore_regex=None, paths=None, packages_up_to=None, packages_up_to_regex=None, packages_above=None, packages_above_and_dependencies=None, packages_above_depth=None, packages_select_by_dep=None, packages_skip_by_dep=None, packages_skip_up_to=None, packages_select_build_failed=False, packages_skip_build_finished=False, packages_select_test_failures=False, packages_skip_test_passed=False, packages_select=['ur5_pick_place'], packages_skip=None, packages_select_regex=None, packages_skip_regex=None, packages_start=None, packages_end=None, cmake_args=None, cmake_target=None, cmake_target_skip_unavailable=False, cmake_clean_cache=False, cmake_clean_first=False, cmake_force_configure=False, ament_cmake_args=None, catkin_cmake_args=None, catkin_skip_building_tests=False, mixin_files=None, mixin=None, verb_parser=<colcon_mixin.mixin.mixin_argument.MixinArgumentDecorator object at 0x7dda8ef23e80>, verb_extension=<colcon_core.verb.build.BuildVerb object at 0x7dda8ef23400>, main=<bound method BuildVerb.main of <colcon_core.verb.build.BuildVerb object at 0x7dda8ef23400>>, mixin_verb=('build',))
[1.931s] Level 1:colcon.colcon_core.package_discovery:discover_packages(colcon_meta) check parameters
[1.934s] INFO:colcon.colcon_metadata.package_discovery.colcon_meta:Using configuration from '/root/.colcon/metadata/default/Gazebo.meta'
[1.936s] INFO:colcon.colcon_metadata.package_discovery.colcon_meta:Using configuration from '/root/.colcon/metadata/default/fastdds.meta'
[1.938s] INFO:colcon.colcon_metadata.package_discovery.colcon_meta:Using configuration from '/root/.colcon/metadata/default/fastrtps.meta'
[1.938s] Level 1:colcon.colcon_core.package_discovery:discover_packages(recursive) check parameters
[1.938s] Level 1:colcon.colcon_core.package_discovery:discover_packages(ignore) check parameters
[1.938s] Level 1:colcon.colcon_core.package_discovery:discover_packages(path) check parameters
[1.938s] Level 1:colcon.colcon_core.package_discovery:discover_packages(colcon_meta) discover
[1.939s] Level 1:colcon.colcon_core.package_discovery:discover_packages(recursive) discover
[1.939s] INFO:colcon.colcon_core.package_discovery:Crawling recursively for packages in '/ros2_ws/src/UR5_Jazzy_Moveit2_Pick_Place'
[1.939s] Level 1:colcon.colcon_core.package_identification:_identify(.) by extensions ['ignore', 'ignore_ament_install']
[1.940s] Level 1:colcon.colcon_core.package_identification:_identify(.) by extension 'ignore'
[1.941s] Level 1:colcon.colcon_core.package_identification:_identify(.) by extension 'ignore_ament_install'
[1.941s] Level 1:colcon.colcon_core.package_identification:_identify(.) by extensions ['colcon_pkg']
[1.941s] Level 1:colcon.colcon_core.package_identification:_identify(.) by extension 'colcon_pkg'
[1.942s] Level 1:colcon.colcon_core.package_identification:_identify(.) by extensions ['colcon_meta']
[1.942s] Level 1:colcon.colcon_core.package_identification:_identify(.) by extension 'colcon_meta'
[1.942s] Level 1:colcon.colcon_core.package_identification:_identify(.) by extensions ['ros']
[1.942s] Level 1:colcon.colcon_core.package_identification:_identify(.) by extension 'ros'
[2.009s] Level 1:colcon.colcon_core.package_identification:_identify(.) by extensions ['cmake', 'python']
[2.009s] Level 1:colcon.colcon_core.package_identification:_identify(.) by extension 'cmake'
[2.009s] Level 1:colcon.colcon_core.package_identification:_identify(.) by extension 'python'
[2.010s] Level 1:colcon.colcon_core.package_identification:_identify(.) by extensions ['python_setup_py']
[2.010s] Level 1:colcon.colcon_core.package_identification:_identify(.) by extension 'python_setup_py'
[2.011s] Level 1:colcon.colcon_core.package_identification:_identify(build) by extensions ['ignore', 'ignore_ament_install']
[2.011s] Level 1:colcon.colcon_core.package_identification:_identify(build) by extension 'ignore'
[2.012s] Level 1:colcon.colcon_core.package_identification:_identify(build) ignored
[2.013s] Level 1:colcon.colcon_core.package_identification:_identify(install) by extensions ['ignore', 'ignore_ament_install']
[2.014s] Level 1:colcon.colcon_core.package_identification:_identify(install) by extension 'ignore'
[2.014s] Level 1:colcon.colcon_core.package_identification:_identify(install) ignored
[2.015s] Level 1:colcon.colcon_core.package_identification:_identify(log) by extensions ['ignore', 'ignore_ament_install']
[2.015s] Level 1:colcon.colcon_core.package_identification:_identify(log) by extension 'ignore'
[2.016s] Level 1:colcon.colcon_core.package_identification:_identify(log) ignored
[2.017s] Level 1:colcon.colcon_core.package_identification:_identify(src) by extensions ['ignore', 'ignore_ament_install']
[2.018s] Level 1:colcon.colcon_core.package_identification:_identify(src) by extension 'ignore'
[2.018s] Level 1:colcon.colcon_core.package_identification:_identify(src) by extension 'ignore_ament_install'
[2.019s] Level 1:colcon.colcon_core.package_identification:_identify(src) by extensions ['colcon_pkg']
[2.019s] Level 1:colcon.colcon_core.package_identification:_identify(src) by extension 'colcon_pkg'
[2.019s] Level 1:colcon.colcon_core.package_identification:_identify(src) by extensions ['colcon_meta']
[2.020s] Level 1:colcon.colcon_core.package_identification:_identify(src) by extension 'colcon_meta'
[2.020s] Level 1:colcon.colcon_core.package_identification:_identify(src) by extensions ['ros']
[2.020s] Level 1:colcon.colcon_core.package_identification:_identify(src) by extension 'ros'
[2.021s] Level 1:colcon.colcon_core.package_identification:_identify(src) by extensions ['cmake', 'python']
[2.021s] Level 1:colcon.colcon_core.package_identification:_identify(src) by extension 'cmake'
[2.022s] Level 1:colcon.colcon_core.package_identification:_identify(src) by extension 'python'
[2.022s] Level 1:colcon.colcon_core.package_identification:_identify(src) by extensions ['python_setup_py']
[2.022s] Level 1:colcon.colcon_core.package_identification:_identify(src) by extension 'python_setup_py'
[2.023s] Level 1:colcon.colcon_core.package_identification:_identify(src/ur5_pick_place) by extensions ['ignore', 'ignore_ament_install']
[2.024s] Level 1:colcon.colcon_core.package_identification:_identify(src/ur5_pick_place) by extension 'ignore'
[2.024s] Level 1:colcon.colcon_core.package_identification:_identify(src/ur5_pick_place) by extension 'ignore_ament_install'
[2.025s] Level 1:colcon.colcon_core.package_identification:_identify(src/ur5_pick_place) by extensions ['colcon_pkg']
[2.025s] Level 1:colcon.colcon_core.package_identification:_identify(src/ur5_pick_place) by extension 'colcon_pkg'
[2.025s] Level 1:colcon.colcon_core.package_identification:_identify(src/ur5_pick_place) by extensions ['colcon_meta']
[2.026s] Level 1:colcon.colcon_core.package_identification:_identify(src/ur5_pick_place) by extension 'colcon_meta'
[2.027s] Level 1:colcon.colcon_core.package_identification:_identify(src/ur5_pick_place) by extensions ['ros']
[2.027s] Level 1:colcon.colcon_core.package_identification:_identify(src/ur5_pick_place) by extension 'ros'
[2.056s] DEBUG:colcon.colcon_core.package_identification:Package 'src/ur5_pick_place' with type 'ros.ament_python' and name 'ur5_pick_place'
[2.057s] Level 1:colcon.colcon_core.package_identification:_identify(src/ur5_ws) by extensions ['ignore', 'ignore_ament_install']
[2.058s] Level 1:colcon.colcon_core.package_identification:_identify(src/ur5_ws) by extension 'ignore'
[2.058s] Level 1:colcon.colcon_core.package_identification:_identify(src/ur5_ws) by extension 'ignore_ament_install'
[2.059s] Level 1:colcon.colcon_core.package_identification:_identify(src/ur5_ws) by extensions ['colcon_pkg']
[2.059s] Level 1:colcon.colcon_core.package_identification:_identify(src/ur5_ws) by extension 'colcon_pkg'
[2.060s] Level 1:colcon.colcon_core.package_identification:_identify(src/ur5_ws) by extensions ['colcon_meta']
[2.060s] Level 1:colcon.colcon_core.package_identification:_identify(src/ur5_ws) by extension 'colcon_meta'
[2.060s] Level 1:colcon.colcon_core.package_identification:_identify(src/ur5_ws) by extensions ['ros']
[2.060s] Level 1:colcon.colcon_core.package_identification:_identify(src/ur5_ws) by extension 'ros'
[2.061s] Level 1:colcon.colcon_core.package_identification:_identify(src/ur5_ws) by extensions ['cmake', 'python']
[2.061s] Level 1:colcon.colcon_core.package_identification:_identify(src/ur5_ws) by extension 'cmake'
[2.062s] Level 1:colcon.colcon_core.package_identification:_identify(src/ur5_ws) by extension 'python'
[2.062s] Level 1:colcon.colcon_core.package_identification:_identify(src/ur5_ws) by extensions ['python_setup_py']
[2.062s] Level 1:colcon.colcon_core.package_identification:_identify(src/ur5_ws) by extension 'python_setup_py'
[2.063s] Level 1:colcon.colcon_core.package_identification:_identify(src/ur5_ws/src) by extensions ['ignore', 'ignore_ament_install']
[2.064s] Level 1:colcon.colcon_core.package_identification:_identify(src/ur5_ws/src) by extension 'ignore'
[2.064s] Level 1:colcon.colcon_core.package_identification:_identify(src/ur5_ws/src) by extension 'ignore_ament_install'
[2.065s] Level 1:colcon.colcon_core.package_identification:_identify(src/ur5_ws/src) by extensions ['colcon_pkg']
[2.065s] Level 1:colcon.colcon_core.package_identification:_identify(src/ur5_ws/src) by extension 'colcon_pkg'
[2.065s] Level 1:colcon.colcon_core.package_identification:_identify(src/ur5_ws/src) by extensions ['colcon_meta']
[2.065s] Level 1:colcon.colcon_core.package_identification:_identify(src/ur5_ws/src) by extension 'colcon_meta'
[2.066s] Level 1:colcon.colcon_core.package_identification:_identify(src/ur5_ws/src) by extensions ['ros']
[2.066s] Level 1:colcon.colcon_core.package_identification:_identify(src/ur5_ws/src) by extension 'ros'
[2.067s] Level 1:colcon.colcon_core.package_identification:_identify(src/ur5_ws/src) by extensions ['cmake', 'python']
[2.067s] Level 1:colcon.colcon_core.package_identification:_identify(src/ur5_ws/src) by extension 'cmake'
[2.067s] Level 1:colcon.colcon_core.package_identification:_identify(src/ur5_ws/src) by extension 'python'
[2.067s] Level 1:colcon.colcon_core.package_identification:_identify(src/ur5_ws/src) by extensions ['python_setup_py']
[2.068s] Level 1:colcon.colcon_core.package_identification:_identify(src/ur5_ws/src) by extension 'python_setup_py'
[2.069s] Level 1:colcon.colcon_core.package_identification:_identify(src/ur5_ws/src/ur5_controller) by extensions ['ignore', 'ignore_ament_install']
[2.069s] Level 1:colcon.colcon_core.package_identification:_identify(src/ur5_ws/src/ur5_controller) by extension 'ignore'
[2.070s] Level 1:colcon.colcon_core.package_identification:_identify(src/ur5_ws/src/ur5_controller) by extension 'ignore_ament_install'
[2.070s] Level 1:colcon.colcon_core.package_identification:_identify(src/ur5_ws/src/ur5_controller) by extensions ['colcon_pkg']
[2.070s] Level 1:colcon.colcon_core.package_identification:_identify(src/ur5_ws/src/ur5_controller) by extension 'colcon_pkg'
[2.071s] Level 1:colcon.colcon_core.package_identification:_identify(src/ur5_ws/src/ur5_controller) by extensions ['colcon_meta']
[2.071s] Level 1:colcon.colcon_core.package_identification:_identify(src/ur5_ws/src/ur5_controller) by extension 'colcon_meta'
[2.071s] Level 1:colcon.colcon_core.package_identification:_identify(src/ur5_ws/src/ur5_controller) by extensions ['ros']
[2.072s] Level 1:colcon.colcon_core.package_identification:_identify(src/ur5_ws/src/ur5_controller) by extension 'ros'
[2.075s] DEBUG:colcon.colcon_core.package_identification:Package 'src/ur5_ws/src/ur5_controller' with type 'ros.ament_cmake' and name 'ur5_controller'
[2.076s] Level 1:colcon.colcon_core.package_identification:_identify(src/ur5_ws/src/ur5_description) by extensions ['ignore', 'ignore_ament_install']
[2.076s] Level 1:colcon.colcon_core.package_identification:_identify(src/ur5_ws/src/ur5_description) by extension 'ignore'
[2.077s] Level 1:colcon.colcon_core.package_identification:_identify(src/ur5_ws/src/ur5_description) by extension 'ignore_ament_install'
[2.077s] Level 1:colcon.colcon_core.package_identification:_identify(src/ur5_ws/src/ur5_description) by extensions ['colcon_pkg']
[2.078s] Level 1:colcon.colcon_core.package_identification:_identify(src/ur5_ws/src/ur5_description) by extension 'colcon_pkg'
[2.078s] Level 1:colcon.colcon_core.package_identification:_identify(src/ur5_ws/src/ur5_description) by extensions ['colcon_meta']
[2.078s] Level 1:colcon.colcon_core.package_identification:_identify(src/ur5_ws/src/ur5_description) by extension 'colcon_meta'
[2.079s] Level 1:colcon.colcon_core.package_identification:_identify(src/ur5_ws/src/ur5_description) by extensions ['ros']
[2.079s] Level 1:colcon.colcon_core.package_identification:_identify(src/ur5_ws/src/ur5_description) by extension 'ros'
[2.082s] DEBUG:colcon.colcon_core.package_identification:Package 'src/ur5_ws/src/ur5_description' with type 'ros.ament_cmake' and name 'ur5_description'
[2.083s] Level 1:colcon.colcon_core.package_identification:_identify(src/ur5_ws/src/ur5_moveit) by extensions ['ignore', 'ignore_ament_install']
[2.084s] Level 1:colcon.colcon_core.package_identification:_identify(src/ur5_ws/src/ur5_moveit) by extension 'ignore'
[2.084s] Level 1:colcon.colcon_core.package_identification:_identify(src/ur5_ws/src/ur5_moveit) by extension 'ignore_ament_install'
[2.085s] Level 1:colcon.colcon_core.package_identification:_identify(src/ur5_ws/src/ur5_moveit) by extensions ['colcon_pkg']
[2.085s] Level 1:colcon.colcon_core.package_identification:_identify(src/ur5_ws/src/ur5_moveit) by extension 'colcon_pkg'
[2.085s] Level 1:colcon.colcon_core.package_identification:_identify(src/ur5_ws/src/ur5_moveit) by extensions ['colcon_meta']
[2.086s] Level 1:colcon.colcon_core.package_identification:_identify(src/ur5_ws/src/ur5_moveit) by extension 'colcon_meta'
[2.086s] Level 1:colcon.colcon_core.package_identification:_identify(src/ur5_ws/src/ur5_moveit) by extensions ['ros']
[2.086s] Level 1:colcon.colcon_core.package_identification:_identify(src/ur5_ws/src/ur5_moveit) by extension 'ros'
[2.089s] DEBUG:colcon.colcon_core.package_identification:Package 'src/ur5_ws/src/ur5_moveit' with type 'ros.ament_cmake' and name 'ur5_moveit'
[2.090s] Level 1:colcon.colcon_core.package_discovery:discover_packages(recursive) using defaults
[2.090s] Level 1:colcon.colcon_core.package_discovery:discover_packages(ignore) discover
[2.090s] Level 1:colcon.colcon_core.package_discovery:discover_packages(ignore) using defaults
[2.090s] Level 1:colcon.colcon_core.package_discovery:discover_packages(path) discover
[2.091s] Level 1:colcon.colcon_core.package_discovery:discover_packages(path) using defaults
[2.207s] INFO:colcon.colcon_core.package_selection:Skipping not selected package 'ur5_controller' in 'src/ur5_ws/src/ur5_controller'
[2.208s] INFO:colcon.colcon_core.package_selection:Skipping not selected package 'ur5_description' in 'src/ur5_ws/src/ur5_description'
[2.208s] INFO:colcon.colcon_core.package_selection:Skipping not selected package 'ur5_moveit' in 'src/ur5_ws/src/ur5_moveit'
[2.210s] Level 5:colcon.colcon_core.verb:set package 'ur5_pick_place' build argument 'cmake_args' from command line to 'None'
[2.211s] Level 5:colcon.colcon_core.verb:set package 'ur5_pick_place' build argument 'cmake_target' from command line to 'None'
[2.211s] Level 5:colcon.colcon_core.verb:set package 'ur5_pick_place' build argument 'cmake_target_skip_unavailable' from command line to 'False'
[2.211s] Level 5:colcon.colcon_core.verb:set package 'ur5_pick_place' build argument 'cmake_clean_cache' from command line to 'False'
[2.211s] Level 5:colcon.colcon_core.verb:set package 'ur5_pick_place' build argument 'cmake_clean_first' from command line to 'False'
[2.212s] Level 5:colcon.colcon_core.verb:set package 'ur5_pick_place' build argument 'cmake_force_configure' from command line to 'False'
[2.212s] Level 5:colcon.colcon_core.verb:set package 'ur5_pick_place' build argument 'ament_cmake_args' from command line to 'None'
[2.212s] Level 5:colcon.colcon_core.verb:set package 'ur5_pick_place' build argument 'catkin_cmake_args' from command line to 'None'
[2.212s] Level 5:colcon.colcon_core.verb:set package 'ur5_pick_place' build argument 'catkin_skip_building_tests' from command line to 'False'
[2.212s] DEBUG:colcon.colcon_core.verb:Building package 'ur5_pick_place' with the following arguments: {'ament_cmake_args': None, 'build_base': '/ros2_ws/src/UR5_Jazzy_Moveit2_Pick_Place/build/ur5_pick_place', 'catkin_cmake_args': None, 'catkin_skip_building_tests': False, 'cmake_args': None, 'cmake_clean_cache': False, 'cmake_clean_first': False, 'cmake_force_configure': False, 'cmake_target': None, 'cmake_target_skip_unavailable': False, 'install_base': '/ros2_ws/src/UR5_Jazzy_Moveit2_Pick_Place/install/ur5_pick_place', 'merge_install': False, 'path': '/ros2_ws/src/UR5_Jazzy_Moveit2_Pick_Place/src/ur5_pick_place', 'symlink_install': False, 'test_result_base': None}
[2.213s] INFO:colcon.colcon_core.executor:Executing jobs using 'parallel' executor
[2.216s] DEBUG:colcon.colcon_parallel_executor.executor.parallel:run_until_complete
[2.217s] INFO:colcon.colcon_ros.task.ament_python.build:Building ROS package in '/ros2_ws/src/UR5_Jazzy_Moveit2_Pick_Place/src/ur5_pick_place' with build type 'ament_python'
[2.218s] Level 1:colcon.colcon_core.shell:create_environment_hook('ur5_pick_place', 'ament_prefix_path')
[2.232s] INFO:colcon.colcon_core.plugin_system:Skipping extension 'colcon_core.shell.bat': Not used on non-Windows systems
[2.234s] INFO:colcon.colcon_core.shell:Creating environment hook '/ros2_ws/src/UR5_Jazzy_Moveit2_Pick_Place/install/ur5_pick_place/share/ur5_pick_place/hook/ament_prefix_path.ps1'
[2.238s] INFO:colcon.colcon_core.shell:Creating environment descriptor '/ros2_ws/src/UR5_Jazzy_Moveit2_Pick_Place/install/ur5_pick_place/share/ur5_pick_place/hook/ament_prefix_path.dsv'
[2.241s] INFO:colcon.colcon_core.shell:Creating environment hook '/ros2_ws/src/UR5_Jazzy_Moveit2_Pick_Place/install/ur5_pick_place/share/ur5_pick_place/hook/ament_prefix_path.sh'
[2.247s] INFO:colcon.colcon_core.shell:Skip shell extension 'powershell' for command environment: Not usable outside of PowerShell
[2.247s] DEBUG:colcon.colcon_core.shell:Skip shell extension 'dsv' for command environment
[3.671s] INFO:colcon.colcon_core.task.python.build:Building Python package in '/ros2_ws/src/UR5_Jazzy_Moveit2_Pick_Place/src/ur5_pick_place'
[3.673s] INFO:colcon.colcon_core.shell:Skip shell extension 'powershell' for command environment: Not usable outside of PowerShell
[3.673s] DEBUG:colcon.colcon_core.shell:Skip shell extension 'dsv' for command environment
[5.279s] DEBUG:colcon.colcon_core.event_handler.log_command:Invoking command in '/ros2_ws/src/UR5_Jazzy_Moveit2_Pick_Place/src/ur5_pick_place': PYTHONPATH=/ros2_ws/src/UR5_Jazzy_Moveit2_Pick_Place/build/ur5_pick_place/prefix_override:/usr/lib/python3/dist-packages/colcon_core/task/python/colcon_distutils_commands:/ros2_ws/src/UR5_Jazzy_Moveit2_Pick_Place/install/ur5_pick_place/lib/python3.10/site-packages:${PYTHONPATH} /usr/bin/python3 -W ignore:setup.py install is deprecated -W ignore:easy_install command is deprecated setup.py egg_info --egg-base ../../build/ur5_pick_place build --build-base /ros2_ws/src/UR5_Jazzy_Moveit2_Pick_Place/build/ur5_pick_place/build install --record /ros2_ws/src/UR5_Jazzy_Moveit2_Pick_Place/build/ur5_pick_place/install.log --single-version-externally-managed install_data
[7.090s] DEBUG:colcon.colcon_core.event_handler.log_command:Invoked command in '/ros2_ws/src/UR5_Jazzy_Moveit2_Pick_Place/src/ur5_pick_place' returned '0': PYTHONPATH=/ros2_ws/src/UR5_Jazzy_Moveit2_Pick_Place/build/ur5_pick_place/prefix_override:/usr/lib/python3/dist-packages/colcon_core/task/python/colcon_distutils_commands:/ros2_ws/src/UR5_Jazzy_Moveit2_Pick_Place/install/ur5_pick_place/lib/python3.10/site-packages:${PYTHONPATH} /usr/bin/python3 -W ignore:setup.py install is deprecated -W ignore:easy_install command is deprecated setup.py egg_info --egg-base ../../build/ur5_pick_place build --build-base /ros2_ws/src/UR5_Jazzy_Moveit2_Pick_Place/build/ur5_pick_place/build install --record /ros2_ws/src/UR5_Jazzy_Moveit2_Pick_Place/build/ur5_pick_place/install.log --single-version-externally-managed install_data
[7.107s] Level 1:colcon.colcon_core.environment:checking '/ros2_ws/src/UR5_Jazzy_Moveit2_Pick_Place/install/ur5_pick_place' for CMake module files
[7.110s] Level 1:colcon.colcon_core.environment:checking '/ros2_ws/src/UR5_Jazzy_Moveit2_Pick_Place/install/ur5_pick_place' for CMake config files
[7.113s] Level 1:colcon.colcon_core.environment:checking '/ros2_ws/src/UR5_Jazzy_Moveit2_Pick_Place/install/ur5_pick_place/lib'
[7.114s] Level 1:colcon.colcon_core.environment:checking '/ros2_ws/src/UR5_Jazzy_Moveit2_Pick_Place/install/ur5_pick_place/bin'
[7.114s] Level 1:colcon.colcon_core.environment:checking '/ros2_ws/src/UR5_Jazzy_Moveit2_Pick_Place/install/ur5_pick_place/lib/pkgconfig/ur5_pick_place.pc'
[7.115s] Level 1:colcon.colcon_core.environment:checking '/ros2_ws/src/UR5_Jazzy_Moveit2_Pick_Place/install/ur5_pick_place/lib/python3.10/site-packages'
[7.116s] Level 1:colcon.colcon_core.shell:create_environment_hook('ur5_pick_place', 'pythonpath')
[7.117s] INFO:colcon.colcon_core.shell:Creating environment hook '/ros2_ws/src/UR5_Jazzy_Moveit2_Pick_Place/install/ur5_pick_place/share/ur5_pick_place/hook/pythonpath.ps1'
[7.119s] INFO:colcon.colcon_core.shell:Creating environment descriptor '/ros2_ws/src/UR5_Jazzy_Moveit2_Pick_Place/install/ur5_pick_place/share/ur5_pick_place/hook/pythonpath.dsv'
[7.121s] INFO:colcon.colcon_core.shell:Creating environment hook '/ros2_ws/src/UR5_Jazzy_Moveit2_Pick_Place/install/ur5_pick_place/share/ur5_pick_place/hook/pythonpath.sh'
[7.124s] Level 1:colcon.colcon_core.environment:checking '/ros2_ws/src/UR5_Jazzy_Moveit2_Pick_Place/install/ur5_pick_place/bin'
[7.124s] Level 1:colcon.colcon_core.environment:create_environment_scripts_only(ur5_pick_place)
[7.126s] INFO:colcon.colcon_core.shell:Creating package script '/ros2_ws/src/UR5_Jazzy_Moveit2_Pick_Place/install/ur5_pick_place/share/ur5_pick_place/package.ps1'
[7.163s] INFO:colcon.colcon_core.shell:Creating package descriptor '/ros2_ws/src/UR5_Jazzy_Moveit2_Pick_Place/install/ur5_pick_place/share/ur5_pick_place/package.dsv'
[7.167s] INFO:colcon.colcon_core.shell:Creating package script '/ros2_ws/src/UR5_Jazzy_Moveit2_Pick_Place/install/ur5_pick_place/share/ur5_pick_place/package.sh'
[7.172s] INFO:colcon.colcon_core.shell:Creating package script '/ros2_ws/src/UR5_Jazzy_Moveit2_Pick_Place/install/ur5_pick_place/share/ur5_pick_place/package.bash'
[7.179s] INFO:colcon.colcon_core.shell:Creating package script '/ros2_ws/src/UR5_Jazzy_Moveit2_Pick_Place/install/ur5_pick_place/share/ur5_pick_place/package.zsh'
[7.183s] Level 1:colcon.colcon_core.environment:create_file_with_runtime_dependencies(/ros2_ws/src/UR5_Jazzy_Moveit2_Pick_Place/install/ur5_pick_place/share/colcon-core/packages/ur5_pick_place)
[7.184s] DEBUG:colcon.colcon_parallel_executor.executor.parallel:closing loop
[7.186s] DEBUG:colcon.colcon_parallel_executor.executor.parallel:loop closed
[7.186s] DEBUG:colcon.colcon_parallel_executor.executor.parallel:run_until_complete finished with '0'
[7.187s] DEBUG:colcon.colcon_core.event_reactor:joining thread
[7.214s] INFO:colcon.colcon_core.plugin_system:Skipping extension 'colcon_notification.desktop_notification.notify_send': Could not find 'notify-send'
[7.215s] INFO:colcon.colcon_core.plugin_system:Skipping extension 'colcon_notification.desktop_notification.terminal_notifier': Not used on non-Darwin systems
[7.215s] INFO:colcon.colcon_core.plugin_system:Skipping extension 'colcon_notification.desktop_notification.win32': Not used on non-Windows systems
[7.216s] INFO:colcon.colcon_notification.desktop_notification:Sending desktop notification using 'notify2'
[7.225s] DEBUG:colcon.colcon_notification.desktop_notification.notify2:Failed to initialize notify2: org.freedesktop.DBus.Error.Spawn.ExecFailed: /usr/bin/dbus-launch terminated abnormally without any error message
[7.228s] DEBUG:colcon.colcon_core.event_reactor:joined thread
[7.232s] INFO:colcon.colcon_core.shell:Creating prefix script '/ros2_ws/src/UR5_Jazzy_Moveit2_Pick_Place/install/local_setup.ps1'
[7.241s] INFO:colcon.colcon_core.shell:Creating prefix util module '/ros2_ws/src/UR5_Jazzy_Moveit2_Pick_Place/install/_local_setup_util_ps1.py'
[7.251s] INFO:colcon.colcon_core.shell:Creating prefix chain script '/ros2_ws/src/UR5_Jazzy_Moveit2_Pick_Place/install/setup.ps1'
[7.258s] INFO:colcon.colcon_core.shell:Creating prefix script '/ros2_ws/src/UR5_Jazzy_Moveit2_Pick_Place/install/local_setup.sh'
[7.262s] INFO:colcon.colcon_core.shell:Creating prefix util module '/ros2_ws/src/UR5_Jazzy_Moveit2_Pick_Place/install/_local_setup_util_sh.py'
[7.266s] INFO:colcon.colcon_core.shell:Creating prefix chain script '/ros2_ws/src/UR5_Jazzy_Moveit2_Pick_Place/install/setup.sh'
[7.275s] INFO:colcon.colcon_core.shell:Creating prefix script '/ros2_ws/src/UR5_Jazzy_Moveit2_Pick_Place/install/local_setup.bash'
[7.277s] INFO:colcon.colcon_core.shell:Creating prefix chain script '/ros2_ws/src/UR5_Jazzy_Moveit2_Pick_Place/install/setup.bash'
[7.282s] INFO:colcon.colcon_core.shell:Creating prefix script '/ros2_ws/src/UR5_Jazzy_Moveit2_Pick_Place/install/local_setup.zsh'
[7.284s] INFO:colcon.colcon_core.shell:Creating prefix chain script '/ros2_ws/src/UR5_Jazzy_Moveit2_Pick_Place/install/setup.zsh'
