-- The C compiler identification is GNU 13.3.0
-- The CXX compiler identification is GNU 13.3.0
-- Detecting C compiler ABI info
-- Detecting C compiler ABI info - done
-- Check for working C compiler: /usr/bin/cc - skipped
-- Detecting C compile features
-- Detecting C compile features - done
-- Detecting CXX compiler ABI info
-- Detecting CXX compiler ABI info - done
-- Check for working CXX compiler: /usr/bin/c++ - skipped
-- Detecting CXX compile features
-- Detecting CXX compile features - done
-- Found ament_cmake: 2.5.5 (/opt/ros/jazzy/share/ament_cmake/cmake)
-- Found Python3: /usr/bin/python3 (found version "3.12.3") found components: Interpreter 
-- Override CMake install command with custom implementation using symlinks instead of copying resources
-- Found ament_lint_auto: 0.17.4 (/opt/ros/jazzy/share/ament_lint_auto/cmake)
-- Added test 'flake8' to check Python code syntax and style conventions
-- Configured 'flake8' exclude dirs and/or files: 
-- Added test 'lint_cmake' to check CMake code style
-- Added test 'pep257' to check Python code against some of the docstring style conventions in PEP 257
-- Added test 'xmllint' to check XML markup files
-- Configuring done (7.8s)
-- Generating done (0.0s)
-- Build files have been written to: /home/beingar/ros2_jazzy_ws/build/ur5_moveit
-- Install configuration: ""
-- Execute custom install script
-- Symlinking: /home/beingar/ros2_jazzy_ws/install/ur5_moveit/share/ur5_moveit/launch/moveit.launch.py
-- Symlinking: /home/beingar/ros2_jazzy_ws/install/ur5_moveit/share/ur5_moveit/launch/simulated_robot.launch.py
-- Symlinking: /home/beingar/ros2_jazzy_ws/install/ur5_moveit/share/ur5_moveit/config/controller_setting.yaml
-- Symlinking: /home/beingar/ros2_jazzy_ws/install/ur5_moveit/share/ur5_moveit/config/initial_positions.yaml
-- Symlinking: /home/beingar/ros2_jazzy_ws/install/ur5_moveit/share/ur5_moveit/config/joint_limits.yaml
-- Symlinking: /home/beingar/ros2_jazzy_ws/install/ur5_moveit/share/ur5_moveit/config/kinematics.yaml
-- Symlinking: /home/beingar/ros2_jazzy_ws/install/ur5_moveit/share/ur5_moveit/config/moveit.rviz
-- Symlinking: /home/beingar/ros2_jazzy_ws/install/ur5_moveit/share/ur5_moveit/config/moveit_controllers.yaml
-- Symlinking: /home/beingar/ros2_jazzy_ws/install/ur5_moveit/share/ur5_moveit/config/pilz_cartesian_limits.yaml
-- Symlinking: /home/beingar/ros2_jazzy_ws/install/ur5_moveit/share/ur5_moveit/config/ros2_controllers.yaml
-- Symlinking: /home/beingar/ros2_jazzy_ws/install/ur5_moveit/share/ur5_moveit/config/ur5_robot.srdf
-- Symlinking: /home/beingar/ros2_jazzy_ws/install/ur5_moveit/share/ament_index/resource_index/package_run_dependencies/ur5_moveit
-- Symlinking: /home/beingar/ros2_jazzy_ws/install/ur5_moveit/share/ament_index/resource_index/parent_prefix_path/ur5_moveit
-- Symlinking: /home/beingar/ros2_jazzy_ws/install/ur5_moveit/share/ur5_moveit/environment/ament_prefix_path.sh
-- Symlinking: /home/beingar/ros2_jazzy_ws/install/ur5_moveit/share/ur5_moveit/environment/ament_prefix_path.dsv
-- Symlinking: /home/beingar/ros2_jazzy_ws/install/ur5_moveit/share/ur5_moveit/environment/path.sh
-- Symlinking: /home/beingar/ros2_jazzy_ws/install/ur5_moveit/share/ur5_moveit/environment/path.dsv
-- Symlinking: /home/beingar/ros2_jazzy_ws/install/ur5_moveit/share/ur5_moveit/local_setup.bash
-- Symlinking: /home/beingar/ros2_jazzy_ws/install/ur5_moveit/share/ur5_moveit/local_setup.sh
-- Symlinking: /home/beingar/ros2_jazzy_ws/install/ur5_moveit/share/ur5_moveit/local_setup.zsh
-- Symlinking: /home/beingar/ros2_jazzy_ws/install/ur5_moveit/share/ur5_moveit/local_setup.dsv
-- Symlinking: /home/beingar/ros2_jazzy_ws/install/ur5_moveit/share/ur5_moveit/package.dsv
-- Symlinking: /home/beingar/ros2_jazzy_ws/install/ur5_moveit/share/ament_index/resource_index/packages/ur5_moveit
-- Symlinking: /home/beingar/ros2_jazzy_ws/install/ur5_moveit/share/ur5_moveit/cmake/ur5_moveitConfig.cmake
-- Symlinking: /home/beingar/ros2_jazzy_ws/install/ur5_moveit/share/ur5_moveit/cmake/ur5_moveitConfig-version.cmake
-- Symlinking: /home/beingar/ros2_jazzy_ws/install/ur5_moveit/share/ur5_moveit/package.xml
