-- Install configuration: ""
-- Execute custom install script
-- Up-to-date symlink: /home/beingar/ros2_jazzy_ws/install/ur5_moveit/share/ur5_moveit/launch/moveit.launch.py
-- Up-to-date symlink: /home/beingar/ros2_jazzy_ws/install/ur5_moveit/share/ur5_moveit/launch/simulated_robot.launch.py
-- Up-to-date symlink: /home/beingar/ros2_jazzy_ws/install/ur5_moveit/share/ur5_moveit/config/controller_setting.yaml
-- Up-to-date symlink: /home/beingar/ros2_jazzy_ws/install/ur5_moveit/share/ur5_moveit/config/initial_positions.yaml
-- Up-to-date symlink: /home/beingar/ros2_jazzy_ws/install/ur5_moveit/share/ur5_moveit/config/joint_limits.yaml
-- Up-to-date symlink: /home/beingar/ros2_jazzy_ws/install/ur5_moveit/share/ur5_moveit/config/kinematics.yaml
-- Up-to-date symlink: /home/beingar/ros2_jazzy_ws/install/ur5_moveit/share/ur5_moveit/config/moveit.rviz
-- Up-to-date symlink: /home/beingar/ros2_jazzy_ws/install/ur5_moveit/share/ur5_moveit/config/moveit_controllers.yaml
-- Up-to-date symlink: /home/beingar/ros2_jazzy_ws/install/ur5_moveit/share/ur5_moveit/config/pilz_cartesian_limits.yaml
-- Up-to-date symlink: /home/beingar/ros2_jazzy_ws/install/ur5_moveit/share/ur5_moveit/config/ros2_controllers.yaml
-- Up-to-date symlink: /home/beingar/ros2_jazzy_ws/install/ur5_moveit/share/ur5_moveit/config/ur5_robot.srdf
-- Up-to-date symlink: /home/beingar/ros2_jazzy_ws/install/ur5_moveit/share/ament_index/resource_index/package_run_dependencies/ur5_moveit
-- Up-to-date symlink: /home/beingar/ros2_jazzy_ws/install/ur5_moveit/share/ament_index/resource_index/parent_prefix_path/ur5_moveit
-- Up-to-date symlink: /home/beingar/ros2_jazzy_ws/install/ur5_moveit/share/ur5_moveit/environment/ament_prefix_path.sh
-- Up-to-date symlink: /home/beingar/ros2_jazzy_ws/install/ur5_moveit/share/ur5_moveit/environment/ament_prefix_path.dsv
-- Up-to-date symlink: /home/beingar/ros2_jazzy_ws/install/ur5_moveit/share/ur5_moveit/environment/path.sh
-- Up-to-date symlink: /home/beingar/ros2_jazzy_ws/install/ur5_moveit/share/ur5_moveit/environment/path.dsv
-- Up-to-date symlink: /home/beingar/ros2_jazzy_ws/install/ur5_moveit/share/ur5_moveit/local_setup.bash
-- Up-to-date symlink: /home/beingar/ros2_jazzy_ws/install/ur5_moveit/share/ur5_moveit/local_setup.sh
-- Up-to-date symlink: /home/beingar/ros2_jazzy_ws/install/ur5_moveit/share/ur5_moveit/local_setup.zsh
-- Up-to-date symlink: /home/beingar/ros2_jazzy_ws/install/ur5_moveit/share/ur5_moveit/local_setup.dsv
-- Symlinking: /home/beingar/ros2_jazzy_ws/install/ur5_moveit/share/ur5_moveit/package.dsv
-- Up-to-date symlink: /home/beingar/ros2_jazzy_ws/install/ur5_moveit/share/ament_index/resource_index/packages/ur5_moveit
-- Up-to-date symlink: /home/beingar/ros2_jazzy_ws/install/ur5_moveit/share/ur5_moveit/cmake/ur5_moveitConfig.cmake
-- Up-to-date symlink: /home/beingar/ros2_jazzy_ws/install/ur5_moveit/share/ur5_moveit/cmake/ur5_moveitConfig-version.cmake
-- Up-to-date symlink: /home/beingar/ros2_jazzy_ws/install/ur5_moveit/share/ur5_moveit/package.xml
