[0.202s] Invoking command in '/ros2_ws/src/UR5_Jazzy_Moveit2_Pick_Place/build/ur5_description': CMAKE_PREFIX_PATH=/ros2_ws/install/ur5_pick_place:/opt/ros/humble /usr/bin/cmake --build /ros2_ws/src/UR5_Jazzy_Moveit2_Pick_Place/build/ur5_description -- -j4 -l4
[1.828s] Invoked command in '/ros2_ws/src/UR5_Jazzy_Moveit2_Pick_Place/build/ur5_description' returned '0': CMAKE_PREFIX_PATH=/ros2_ws/install/ur5_pick_place:/opt/ros/humble /usr/bin/cmake --build /ros2_ws/src/UR5_Jazzy_Moveit2_Pick_Place/build/ur5_description -- -j4 -l4
[1.855s] Invoking command in '/ros2_ws/src/UR5_Jazzy_Moveit2_Pick_Place/build/ur5_description': CMAKE_PREFIX_PATH=/ros2_ws/install/ur5_pick_place:/opt/ros/humble /usr/bin/cmake --install /ros2_ws/src/UR5_Jazzy_Moveit2_Pick_Place/build/ur5_description
[1.933s] -- Install configuration: ""
[1.934s] -- Up-to-date: /ros2_ws/src/UR5_Jazzy_Moveit2_Pick_Place/install/ur5_description/share/ur5_description/launch
[1.934s] -- Up-to-date: /ros2_ws/src/UR5_Jazzy_Moveit2_Pick_Place/install/ur5_description/share/ur5_description/launch/rviz.launch.py
[1.934s] -- Up-to-date: /ros2_ws/src/UR5_Jazzy_Moveit2_Pick_Place/install/ur5_description/share/ur5_description/launch/gazebo.launch.py
[1.935s] -- Up-to-date: /ros2_ws/src/UR5_Jazzy_Moveit2_Pick_Place/install/ur5_description/share/ur5_description/urdf
[1.935s] -- Up-to-date: /ros2_ws/src/UR5_Jazzy_Moveit2_Pick_Place/install/ur5_description/share/ur5_description/urdf/ur5_robot.urdf.xacro
[1.936s] -- Up-to-date: /ros2_ws/src/UR5_Jazzy_Moveit2_Pick_Place/install/ur5_description/share/ur5_description/urdf/initial_positions.yaml
[1.936s] -- Up-to-date: /ros2_ws/src/UR5_Jazzy_Moveit2_Pick_Place/install/ur5_description/share/ur5_description/urdf/ur5_robot.gazebo.xacro
[1.936s] -- Up-to-date: /ros2_ws/src/UR5_Jazzy_Moveit2_Pick_Place/install/ur5_description/share/ur5_description/urdf/ur5_robot.ros2_control.xacro
[1.937s] -- Up-to-date: /ros2_ws/src/UR5_Jazzy_Moveit2_Pick_Place/install/ur5_description/share/ur5_description/config
[1.937s] -- Up-to-date: /ros2_ws/src/UR5_Jazzy_Moveit2_Pick_Place/install/ur5_description/share/ur5_description/config/view_config.rviz
[1.937s] -- Up-to-date: /ros2_ws/src/UR5_Jazzy_Moveit2_Pick_Place/install/ur5_description/share/ur5_description/config/ros2_gz_bridge.yaml
[1.937s] -- Up-to-date: /ros2_ws/src/UR5_Jazzy_Moveit2_Pick_Place/install/ur5_description/share/ur5_description/worlds
[1.938s] -- Up-to-date: /ros2_ws/src/UR5_Jazzy_Moveit2_Pick_Place/install/ur5_description/share/ur5_description/worlds/gazebo_world.sdf
[1.938s] -- Up-to-date: /ros2_ws/src/UR5_Jazzy_Moveit2_Pick_Place/install/ur5_description/share/ur5_description/meshes
[1.938s] -- Up-to-date: /ros2_ws/src/UR5_Jazzy_Moveit2_Pick_Place/install/ur5_description/share/ur5_description/meshes/visual
[1.938s] -- Up-to-date: /ros2_ws/src/UR5_Jazzy_Moveit2_Pick_Place/install/ur5_description/share/ur5_description/meshes/visual/rg2
[1.939s] -- Up-to-date: /ros2_ws/src/UR5_Jazzy_Moveit2_Pick_Place/install/ur5_description/share/ur5_description/meshes/visual/rg2/finger_neutral.dae
[1.939s] -- Up-to-date: /ros2_ws/src/UR5_Jazzy_Moveit2_Pick_Place/install/ur5_description/share/ur5_description/meshes/visual/rg2/finger.dae
[1.939s] -- Up-to-date: /ros2_ws/src/UR5_Jazzy_Moveit2_Pick_Place/install/ur5_description/share/ur5_description/meshes/visual/rg2/hand.dae
[1.939s] -- Up-to-date: /ros2_ws/src/UR5_Jazzy_Moveit2_Pick_Place/install/ur5_description/share/ur5_description/meshes/visual/ur5
[1.940s] -- Up-to-date: /ros2_ws/src/UR5_Jazzy_Moveit2_Pick_Place/install/ur5_description/share/ur5_description/meshes/visual/ur5/forearm.dae
[1.941s] -- Up-to-date: /ros2_ws/src/UR5_Jazzy_Moveit2_Pick_Place/install/ur5_description/share/ur5_description/meshes/visual/ur5/robotiq_85_finger_tip_link.dae
[1.944s] -- Up-to-date: /ros2_ws/src/UR5_Jazzy_Moveit2_Pick_Place/install/ur5_description/share/ur5_description/meshes/visual/ur5/shoulder.dae
[1.944s] -- Up-to-date: /ros2_ws/src/UR5_Jazzy_Moveit2_Pick_Place/install/ur5_description/share/ur5_description/meshes/visual/ur5/robotiq_85_base_link.dae
[1.945s] -- Up-to-date: /ros2_ws/src/UR5_Jazzy_Moveit2_Pick_Place/install/ur5_description/share/ur5_description/meshes/visual/ur5/wrist3.dae
[1.949s] -- Up-to-date: /ros2_ws/src/UR5_Jazzy_Moveit2_Pick_Place/install/ur5_description/share/ur5_description/meshes/visual/ur5/SuctionCup.stl
[1.949s] -- Up-to-date: /ros2_ws/src/UR5_Jazzy_Moveit2_Pick_Place/install/ur5_description/share/ur5_description/meshes/visual/ur5/robotiq_85_knuckle_link.dae
[1.950s] -- Up-to-date: /ros2_ws/src/UR5_Jazzy_Moveit2_Pick_Place/install/ur5_description/share/ur5_description/meshes/visual/ur5/wrist1.dae
[1.950s] -- Up-to-date: /ros2_ws/src/UR5_Jazzy_Moveit2_Pick_Place/install/ur5_description/share/ur5_description/meshes/visual/ur5/upperarm.dae
[1.951s] -- Up-to-date: /ros2_ws/src/UR5_Jazzy_Moveit2_Pick_Place/install/ur5_description/share/ur5_description/meshes/visual/ur5/base.dae
[1.951s] -- Up-to-date: /ros2_ws/src/UR5_Jazzy_Moveit2_Pick_Place/install/ur5_description/share/ur5_description/meshes/visual/ur5/robotiq_85_inner_knuckle_link.dae
[1.952s] -- Up-to-date: /ros2_ws/src/UR5_Jazzy_Moveit2_Pick_Place/install/ur5_description/share/ur5_description/meshes/visual/ur5/robotiq_85_finger_link.dae
[1.953s] -- Up-to-date: /ros2_ws/src/UR5_Jazzy_Moveit2_Pick_Place/install/ur5_description/share/ur5_description/meshes/visual/ur5/wrist2.dae
[1.953s] -- Up-to-date: /ros2_ws/src/UR5_Jazzy_Moveit2_Pick_Place/install/ur5_description/share/ur5_description/meshes/collision
[1.953s] -- Up-to-date: /ros2_ws/src/UR5_Jazzy_Moveit2_Pick_Place/install/ur5_description/share/ur5_description/meshes/collision/rg2
[1.954s] -- Up-to-date: /ros2_ws/src/UR5_Jazzy_Moveit2_Pick_Place/install/ur5_description/share/ur5_description/meshes/collision/rg2/finger_neutral.stl
[1.955s] -- Up-to-date: /ros2_ws/src/UR5_Jazzy_Moveit2_Pick_Place/install/ur5_description/share/ur5_description/meshes/collision/rg2/hand.stl
[1.955s] -- Up-to-date: /ros2_ws/src/UR5_Jazzy_Moveit2_Pick_Place/install/ur5_description/share/ur5_description/meshes/collision/rg2/finger.stl
[1.956s] -- Up-to-date: /ros2_ws/src/UR5_Jazzy_Moveit2_Pick_Place/install/ur5_description/share/ur5_description/meshes/collision/ur5
[1.956s] -- Up-to-date: /ros2_ws/src/UR5_Jazzy_Moveit2_Pick_Place/install/ur5_description/share/ur5_description/meshes/collision/ur5/wrist1.stl
[1.956s] -- Up-to-date: /ros2_ws/src/UR5_Jazzy_Moveit2_Pick_Place/install/ur5_description/share/ur5_description/meshes/collision/ur5/shoulder.stl
[1.957s] -- Up-to-date: /ros2_ws/src/UR5_Jazzy_Moveit2_Pick_Place/install/ur5_description/share/ur5_description/meshes/collision/ur5/forearm.stl
[1.958s] -- Up-to-date: /ros2_ws/src/UR5_Jazzy_Moveit2_Pick_Place/install/ur5_description/share/ur5_description/meshes/collision/ur5/wrist2.stl
[1.958s] -- Up-to-date: /ros2_ws/src/UR5_Jazzy_Moveit2_Pick_Place/install/ur5_description/share/ur5_description/meshes/collision/ur5/robotiq_85_finger_link.stl
[1.959s] -- Up-to-date: /ros2_ws/src/UR5_Jazzy_Moveit2_Pick_Place/install/ur5_description/share/ur5_description/meshes/collision/ur5/robotiq_85_inner_knuckle_link.stl
[1.959s] -- Up-to-date: /ros2_ws/src/UR5_Jazzy_Moveit2_Pick_Place/install/ur5_description/share/ur5_description/meshes/collision/ur5/robotiq_85_base_link.stl
[1.960s] -- Up-to-date: /ros2_ws/src/UR5_Jazzy_Moveit2_Pick_Place/install/ur5_description/share/ur5_description/meshes/collision/ur5/robotiq_85_finger_tip_link.stl
[1.962s] -- Up-to-date: /ros2_ws/src/UR5_Jazzy_Moveit2_Pick_Place/install/ur5_description/share/ur5_description/meshes/collision/ur5/robotiq_85_knuckle_link.stl
[1.962s] -- Up-to-date: /ros2_ws/src/UR5_Jazzy_Moveit2_Pick_Place/install/ur5_description/share/ur5_description/meshes/collision/ur5/upperarm.stl
[1.963s] -- Up-to-date: /ros2_ws/src/UR5_Jazzy_Moveit2_Pick_Place/install/ur5_description/share/ur5_description/meshes/collision/ur5/base.stl
[1.964s] -- Up-to-date: /ros2_ws/src/UR5_Jazzy_Moveit2_Pick_Place/install/ur5_description/share/ur5_description/meshes/collision/ur5/SuctionCup.stl
[1.964s] -- Up-to-date: /ros2_ws/src/UR5_Jazzy_Moveit2_Pick_Place/install/ur5_description/share/ur5_description/meshes/collision/ur5/wrist3.stl
[1.965s] -- Up-to-date: /ros2_ws/src/UR5_Jazzy_Moveit2_Pick_Place/install/ur5_description/share/ament_index/resource_index/package_run_dependencies/ur5_description
[1.965s] -- Up-to-date: /ros2_ws/src/UR5_Jazzy_Moveit2_Pick_Place/install/ur5_description/share/ament_index/resource_index/parent_prefix_path/ur5_description
[1.966s] -- Up-to-date: /ros2_ws/src/UR5_Jazzy_Moveit2_Pick_Place/install/ur5_description/share/ur5_description/environment/ament_prefix_path.sh
[1.967s] -- Up-to-date: /ros2_ws/src/UR5_Jazzy_Moveit2_Pick_Place/install/ur5_description/share/ur5_description/environment/ament_prefix_path.dsv
[1.968s] -- Up-to-date: /ros2_ws/src/UR5_Jazzy_Moveit2_Pick_Place/install/ur5_description/share/ur5_description/environment/path.sh
[1.969s] -- Up-to-date: /ros2_ws/src/UR5_Jazzy_Moveit2_Pick_Place/install/ur5_description/share/ur5_description/environment/path.dsv
[1.970s] -- Up-to-date: /ros2_ws/src/UR5_Jazzy_Moveit2_Pick_Place/install/ur5_description/share/ur5_description/local_setup.bash
[1.971s] -- Up-to-date: /ros2_ws/src/UR5_Jazzy_Moveit2_Pick_Place/install/ur5_description/share/ur5_description/local_setup.sh
[1.972s] -- Up-to-date: /ros2_ws/src/UR5_Jazzy_Moveit2_Pick_Place/install/ur5_description/share/ur5_description/local_setup.zsh
[1.973s] -- Up-to-date: /ros2_ws/src/UR5_Jazzy_Moveit2_Pick_Place/install/ur5_description/share/ur5_description/local_setup.dsv
[1.973s] -- Installing: /ros2_ws/src/UR5_Jazzy_Moveit2_Pick_Place/install/ur5_description/share/ur5_description/package.dsv
[1.975s] -- Up-to-date: /ros2_ws/src/UR5_Jazzy_Moveit2_Pick_Place/install/ur5_description/share/ament_index/resource_index/packages/ur5_description
[1.975s] -- Up-to-date: /ros2_ws/src/UR5_Jazzy_Moveit2_Pick_Place/install/ur5_description/share/ur5_description/cmake/ur5_descriptionConfig.cmake
[1.976s] -- Up-to-date: /ros2_ws/src/UR5_Jazzy_Moveit2_Pick_Place/install/ur5_description/share/ur5_description/cmake/ur5_descriptionConfig-version.cmake
[1.978s] -- Up-to-date: /ros2_ws/src/UR5_Jazzy_Moveit2_Pick_Place/install/ur5_description/share/ur5_description/package.xml
[2.150s] Invoked command in '/ros2_ws/src/UR5_Jazzy_Moveit2_Pick_Place/build/ur5_description' returned '0': CMAKE_PREFIX_PATH=/ros2_ws/install/ur5_pick_place:/opt/ros/humble /usr/bin/cmake --install /ros2_ws/src/UR5_Jazzy_Moveit2_Pick_Place/build/ur5_description
