[3.837s] Invoking command in '/home/beingar/ros2_jazzy_ws/build/hri_manipulation': DEBUGINFOD_URLS=https://debuginfod.ubuntu.com PYTHONPATH=/home/beingar/ros2_jazzy_ws/build/hri_manipulation/prefix_override:/usr/lib/python3/dist-packages/colcon_core/task/python/colcon_distutils_commands:/home/beingar/ros2_jazzy_ws/install/hri_manipulation/lib/python3.12/site-packages:${PYTHONPATH} /usr/bin/python3 -W ignore:setup.py install is deprecated -W ignore:easy_install command is deprecated setup.py develop --editable --build-directory /home/beingar/ros2_jazzy_ws/build/hri_manipulation/build --no-deps symlink_data
[4.856s] running develop
[5.509s] running egg_info
[5.574s] writing hri_manipulation.egg-info/PKG-INFO
[5.575s] writing dependency_links to hri_manipulation.egg-info/dependency_links.txt
[5.575s] writing entry points to hri_manipulation.egg-info/entry_points.txt
[5.576s] writing requirements to hri_manipulation.egg-info/requires.txt
[5.576s] writing top-level names to hri_manipulation.egg-info/top_level.txt
[5.709s] reading manifest file 'hri_manipulation.egg-info/SOURCES.txt'
[5.711s] writing manifest file 'hri_manipulation.egg-info/SOURCES.txt'
[5.778s] running build_ext
[5.779s] Creating /home/beingar/ros2_jazzy_ws/install/hri_manipulation/lib/python3.12/site-packages/hri-manipulation.egg-link (link to .)
[5.780s] Installing add_object script to /home/beingar/ros2_jazzy_ws/install/hri_manipulation/lib/hri_manipulation
[5.780s] Installing admittance_node script to /home/beingar/ros2_jazzy_ws/install/hri_manipulation/lib/hri_manipulation
[5.780s] Installing attach_object script to /home/beingar/ros2_jazzy_ws/install/hri_manipulation/lib/hri_manipulation
[5.781s] Installing detach_object script to /home/beingar/ros2_jazzy_ws/install/hri_manipulation/lib/hri_manipulation
[5.781s] Installing fake_object_pose script to /home/beingar/ros2_jazzy_ws/install/hri_manipulation/lib/hri_manipulation
[5.781s] Installing ik_node script to /home/beingar/ros2_jazzy_ws/install/hri_manipulation/lib/hri_manipulation
[5.781s] Installing jacobian_torque_node script to /home/beingar/ros2_jazzy_ws/install/hri_manipulation/lib/hri_manipulation
[5.782s] Installing pick_place_fsm script to /home/beingar/ros2_jazzy_ws/install/hri_manipulation/lib/hri_manipulation
[5.782s] Installing planar_arm script to /home/beingar/ros2_jazzy_ws/install/hri_manipulation/lib/hri_manipulation
[5.782s] Installing pose_sender script to /home/beingar/ros2_jazzy_ws/install/hri_manipulation/lib/hri_manipulation
[5.783s] 
[5.783s] Installed /home/beingar/ros2_jazzy_ws/build/hri_manipulation
[5.783s] running symlink_data
[5.860s] Invoked command in '/home/beingar/ros2_jazzy_ws/build/hri_manipulation' returned '0': DEBUGINFOD_URLS=https://debuginfod.ubuntu.com PYTHONPATH=/home/beingar/ros2_jazzy_ws/build/hri_manipulation/prefix_override:/usr/lib/python3/dist-packages/colcon_core/task/python/colcon_distutils_commands:/home/beingar/ros2_jazzy_ws/install/hri_manipulation/lib/python3.12/site-packages:${PYTHONPATH} /usr/bin/python3 -W ignore:setup.py install is deprecated -W ignore:easy_install command is deprecated setup.py develop --editable --build-directory /home/beingar/ros2_jazzy_ws/build/hri_manipulation/build --no-deps symlink_data
